2025-07-13 00:43:55,092 - INFO - 🚀 Webots控制服务器启动中...
2025-07-13 00:43:55,093 - INFO - 🔍 正在加载场景配置...
2025-07-13 00:43:55,093 - INFO - 场景配置文件加载成功: configs/scene_configs.json
2025-07-13 00:43:55,093 - INFO - 正在扫描场景中的标签点...
2025-07-13 00:43:55,094 - INFO - 场景配置更新完成
2025-07-13 00:43:55,095 - INFO - Flask服务器启动
2025-07-13 00:44:31,908 - INFO - 启动前清理所有Webots进程...
2025-07-13 00:44:31,924 - INFO - 找到 23 个 Webots 进程
2025-07-13 00:44:31,924 - INFO - 发送SIGTERM到Webots进程 3959
2025-07-13 00:44:32,025 - INFO - 发送SIGTERM到Webots进程 3964
2025-07-13 00:44:33,140 - INFO - 所有Webots进程已成功终止
2025-07-13 00:44:33,154 - INFO - 未找到运行中的Xvfb进程
2025-07-13 00:44:33,154 - INFO - 已清理当前场景信息
2025-07-13 00:44:33,154 - INFO - 选择场景: 3 - Box Moving Scene V2 v1.0.0
2025-07-13 00:44:33,184 - INFO - Webots进程启动成功，PID: 4964, 场景: Box Moving Scene V2, 场景ID: 3, 版本: 1.0.0
2025-07-13 00:44:33,184 - INFO - 等待Supervisor更新世界状态...
2025-07-13 00:45:16,229 - INFO - Supervisor已更新世界状态，场景加载完成
2025-07-13 00:46:28,203 - INFO - 找到 24 个 Webots 进程
2025-07-13 00:46:28,203 - INFO - 发送SIGTERM到Webots进程 4964
2025-07-13 00:46:28,304 - INFO - 发送SIGTERM到Webots进程 4976
2025-07-13 00:46:28,404 - INFO - 发送SIGTERM到Webots进程 4979
2025-07-13 00:46:29,539 - INFO - 所有Webots进程已成功终止
2025-07-13 00:46:29,554 - INFO - 找到 2 个 Xvfb 进程
2025-07-13 00:46:29,554 - INFO - 发送SIGTERM到Xvfb进程 4964
2025-07-13 00:46:29,655 - INFO - 发送SIGTERM到Xvfb进程 4973
2025-07-13 00:46:30,774 - WARNING - 发现 1 个残留的Xvfb进程，强制杀死
2025-07-13 00:46:30,774 - WARNING - 强制杀死Xvfb进程 4964
2025-07-13 00:46:30,775 - INFO - 已清理当前场景信息
2025-07-13 00:46:30,775 - INFO - 主 Flask 服务器活动日志已保存至 log/flask_server_activity_log.json
2025-07-13 00:46:30,777 - INFO - Supervisor 世界状态日志已保存至 log/supervisor_world_status_log.json
2025-07-13 00:46:30,777 - INFO - 整合Flask服务器停止
2025-07-13 00:46:30,777 - INFO - 服务器已安全停止
2025-07-13 00:46:31,817 - INFO - 🚀 Webots控制服务器启动中...
2025-07-13 00:46:31,819 - INFO - 🔍 正在加载场景配置...
2025-07-13 00:46:31,820 - INFO - 场景配置文件加载成功: configs/scene_configs.json
2025-07-13 00:46:31,820 - INFO - 正在扫描场景中的标签点...
2025-07-13 00:46:31,829 - INFO - 场景配置更新完成
2025-07-13 00:46:31,829 - INFO - Flask服务器启动
2025-07-13 00:46:38,324 - INFO - 启动前清理所有Webots进程...
2025-07-13 00:46:38,339 - INFO - 未找到运行中的Webots进程
2025-07-13 00:46:38,354 - INFO - 未找到运行中的Xvfb进程
2025-07-13 00:46:38,354 - INFO - 选择场景: 3 - Box Moving Scene V2 v1.0.0
2025-07-13 00:46:38,357 - INFO - Webots进程启动成功，PID: 5725, 场景: Box Moving Scene V2, 场景ID: 3, 版本: 1.0.0
2025-07-13 00:46:38,358 - INFO - 等待Supervisor更新世界状态...
2025-07-13 00:47:20,400 - INFO - Supervisor已更新世界状态，场景加载完成
2025-07-13 00:50:00,441 - INFO - 找到 47 个 Webots 进程
2025-07-13 00:50:00,441 - INFO - 发送SIGTERM到Webots进程 5725
2025-07-13 00:50:00,542 - INFO - 发送SIGTERM到Webots进程 5737
2025-07-13 00:50:00,642 - INFO - 发送SIGTERM到Webots进程 5740
2025-07-13 00:50:00,742 - INFO - 发送SIGTERM到Webots进程 5826
2025-07-13 00:50:00,843 - INFO - 发送SIGTERM到Webots进程 5827
2025-07-13 00:50:00,943 - INFO - 发送SIGTERM到Webots进程 5828
2025-07-13 00:50:01,043 - INFO - 发送SIGTERM到Webots进程 5829
2025-07-13 00:50:01,144 - INFO - 发送SIGTERM到Webots进程 5830
2025-07-13 00:50:01,244 - INFO - 发送SIGTERM到Webots进程 5831
2025-07-13 00:50:01,345 - INFO - 发送SIGTERM到Webots进程 5832
2025-07-13 00:50:01,445 - INFO - 发送SIGTERM到Webots进程 5833
2025-07-13 00:50:01,545 - INFO - 发送SIGTERM到Webots进程 5834
2025-07-13 00:50:01,646 - INFO - 发送SIGTERM到Webots进程 5835
2025-07-13 00:50:01,746 - INFO - 发送SIGTERM到Webots进程 5836
2025-07-13 00:50:01,846 - INFO - 发送SIGTERM到Webots进程 5837
2025-07-13 00:50:01,947 - INFO - 发送SIGTERM到Webots进程 5838
2025-07-13 00:50:02,047 - INFO - 发送SIGTERM到Webots进程 5839
2025-07-13 00:50:02,147 - INFO - 发送SIGTERM到Webots进程 5840
2025-07-13 00:50:02,248 - INFO - 发送SIGTERM到Webots进程 5841
2025-07-13 00:50:02,348 - INFO - 发送SIGTERM到Webots进程 5842
2025-07-13 00:50:02,448 - INFO - 发送SIGTERM到Webots进程 5843
2025-07-13 00:50:02,549 - INFO - 发送SIGTERM到Webots进程 5844
2025-07-13 00:50:02,649 - INFO - 发送SIGTERM到Webots进程 5845
2025-07-13 00:50:02,750 - INFO - 发送SIGTERM到Webots进程 5846
2025-07-13 00:50:02,850 - INFO - 发送SIGTERM到Webots进程 6120
2025-07-13 00:50:02,950 - INFO - 发送SIGTERM到Webots进程 6125
2025-07-13 00:50:04,066 - WARNING - 发现 2 个残留的Webots进程，强制杀死
2025-07-13 00:50:04,066 - WARNING - 强制杀死Webots进程 5737
2025-07-13 00:50:04,067 - WARNING - 强制杀死Webots进程 5740
2025-07-13 00:50:04,081 - INFO - 找到 2 个 Xvfb 进程
2025-07-13 00:50:04,082 - INFO - 发送SIGTERM到Xvfb进程 5725
2025-07-13 00:50:04,182 - INFO - 发送SIGTERM到Xvfb进程 5734
2025-07-13 00:50:05,301 - WARNING - 发现 1 个残留的Xvfb进程，强制杀死
2025-07-13 00:50:05,301 - WARNING - 强制杀死Xvfb进程 5725
2025-07-13 00:50:05,302 - INFO - 已清理当前场景信息
2025-07-13 00:50:05,302 - INFO - 主 Flask 服务器活动日志已保存至 log/flask_server_activity_log.json
2025-07-13 00:50:05,310 - INFO - Supervisor 世界状态日志已保存至 log/supervisor_world_status_log.json
2025-07-13 00:50:05,310 - INFO - 整合Flask服务器停止
2025-07-13 00:50:05,310 - INFO - 服务器已安全停止
2025-07-13 00:50:07,288 - INFO - 🚀 Webots控制服务器启动中...
2025-07-13 00:50:07,291 - INFO - 🔍 正在加载场景配置...
2025-07-13 00:50:07,292 - INFO - 场景配置文件加载成功: configs/scene_configs.json
2025-07-13 00:50:07,292 - INFO - 正在扫描场景中的标签点...
2025-07-13 00:50:07,301 - INFO - 场景配置更新完成
2025-07-13 00:50:07,302 - INFO - Flask服务器启动
2025-07-13 00:56:16,350 - INFO - 找到 23 个 Webots 进程
2025-07-13 00:56:16,350 - INFO - 发送SIGTERM到Webots进程 7591
2025-07-13 00:56:16,451 - INFO - 发送SIGTERM到Webots进程 7596
2025-07-13 00:56:17,583 - INFO - 所有Webots进程已成功终止
2025-07-13 00:56:17,602 - INFO - 未找到运行中的Xvfb进程
2025-07-13 00:56:17,602 - INFO - 已清理当前场景信息
2025-07-13 00:56:17,603 - INFO - 主 Flask 服务器活动日志已保存至 log/flask_server_activity_log.json
2025-07-13 00:56:17,607 - INFO - Supervisor 世界状态日志已保存至 log/supervisor_world_status_log.json
2025-07-13 00:56:17,607 - INFO - 整合Flask服务器停止
2025-07-13 00:56:17,607 - INFO - 服务器已安全停止
2025-07-13 00:56:18,588 - INFO - 🚀 Webots控制服务器启动中...
2025-07-13 00:56:18,589 - INFO - 🔍 正在加载场景配置...
2025-07-13 00:56:18,589 - INFO - 场景配置文件加载成功: configs/scene_configs.json
2025-07-13 00:56:18,589 - INFO - 正在扫描场景中的标签点...
2025-07-13 00:56:18,592 - INFO - 场景配置更新完成
2025-07-13 00:56:18,592 - INFO - Flask服务器启动
2025-07-13 00:57:02,293 - INFO - 找到 2 个 Webots 进程
2025-07-13 00:57:02,293 - INFO - 发送SIGTERM到Webots进程 10087
2025-07-13 00:57:02,393 - INFO - 发送SIGTERM到Webots进程 10092
2025-07-13 00:57:03,531 - INFO - 所有Webots进程已成功终止
2025-07-13 00:57:03,547 - INFO - 未找到运行中的Xvfb进程
2025-07-13 00:57:03,547 - INFO - 已清理当前场景信息
2025-07-13 00:57:03,548 - INFO - 主 Flask 服务器活动日志已保存至 log/flask_server_activity_log.json
2025-07-13 00:57:03,548 - INFO - Supervisor 世界状态日志已保存至 log/supervisor_world_status_log.json
2025-07-13 00:57:03,548 - INFO - 整合Flask服务器停止
2025-07-13 00:57:03,548 - INFO - 服务器已安全停止
2025-07-13 00:57:04,564 - INFO - 🚀 Webots控制服务器启动中...
2025-07-13 00:57:04,565 - INFO - 🔍 正在加载场景配置...
2025-07-13 00:57:04,565 - INFO - 场景配置文件加载成功: configs/scene_configs.json
2025-07-13 00:57:04,566 - INFO - 正在扫描场景中的标签点...
2025-07-13 00:57:04,569 - INFO - 场景配置更新完成
2025-07-13 00:57:04,569 - INFO - Flask服务器启动
2025-07-13 00:58:49,182 - INFO - 未找到运行中的Webots进程
2025-07-13 00:58:49,197 - INFO - 未找到运行中的Xvfb进程
2025-07-13 00:58:49,197 - INFO - 主 Flask 服务器活动日志已保存至 log/flask_server_activity_log.json
2025-07-13 00:58:49,197 - INFO - Supervisor 世界状态日志已保存至 log/supervisor_world_status_log.json
2025-07-13 00:58:49,198 - INFO - 整合Flask服务器停止
2025-07-13 00:58:49,198 - INFO - 服务器已安全停止
2025-07-13 00:58:50,668 - INFO - 🚀 Webots控制服务器启动中...
2025-07-13 00:58:50,668 - INFO - 🔍 正在加载场景配置...
2025-07-13 00:58:50,669 - INFO - 场景配置文件加载成功: configs/scene_configs.json
2025-07-13 00:58:50,669 - INFO - 正在扫描场景中的标签点...
2025-07-13 00:58:50,670 - INFO - 场景配置更新完成
2025-07-13 00:58:50,670 - INFO - Flask服务器启动
2025-07-13 00:59:55,731 - INFO - 找到 23 个 Webots 进程
2025-07-13 00:59:55,732 - INFO - 发送SIGTERM到Webots进程 10471
2025-07-13 00:59:55,832 - INFO - 发送SIGTERM到Webots进程 10476
2025-07-13 00:59:56,969 - INFO - 所有Webots进程已成功终止
2025-07-13 00:59:56,984 - INFO - 未找到运行中的Xvfb进程
2025-07-13 00:59:56,984 - INFO - 已清理当前场景信息
2025-07-13 00:59:56,986 - INFO - 主 Flask 服务器活动日志已保存至 log/flask_server_activity_log.json
2025-07-13 00:59:56,989 - INFO - Supervisor 世界状态日志已保存至 log/supervisor_world_status_log.json
2025-07-13 00:59:56,989 - INFO - 整合Flask服务器停止
2025-07-13 00:59:56,989 - INFO - 服务器已安全停止
2025-07-13 09:08:42,077 - INFO - 🚀 Webots控制服务器启动中...
2025-07-13 09:08:42,077 - INFO - 🔍 正在加载场景配置...
2025-07-13 09:08:42,077 - INFO - 场景配置文件加载成功: /home/public/wangwei/webots_flask_server_http/configs/scene_configs.json
2025-07-13 09:08:42,077 - INFO - 正在扫描场景中的标签点...
2025-07-13 09:08:42,079 - INFO - 场景配置更新完成
2025-07-13 09:08:42,082 - INFO - Flask服务器启动
2025-07-13 09:28:51,359 - INFO - 启动前清理所有Webots进程...
2025-07-13 09:28:51,375 - INFO - 未找到运行中的Webots进程
2025-07-13 09:28:51,390 - INFO - 未找到运行中的Xvfb进程
2025-07-13 09:28:51,390 - INFO - 选择场景: 3 - Box Moving Scene V2 v1.0.0
2025-07-13 09:28:51,396 - INFO - Webots进程启动成功，PID: 3957866, 场景: Box Moving Scene V2, 场景ID: 3, 版本: 1.0.0
2025-07-13 09:28:51,396 - INFO - 等待Supervisor更新世界状态...
2025-07-13 09:29:15,902 - INFO - Supervisor已更新世界状态，场景加载完成
2025-07-13 09:29:54,084 - INFO - 启动前清理所有Webots进程...
2025-07-13 09:29:54,100 - INFO - 找到 25 个 Webots 进程
2025-07-13 09:29:54,100 - INFO - 发送SIGTERM到Webots进程 3957866
2025-07-13 09:29:54,201 - INFO - 发送SIGTERM到Webots进程 3957869
2025-07-13 09:29:55,316 - WARNING - 发现 1 个残留的Webots进程，强制杀死
2025-07-13 09:29:55,316 - WARNING - 强制杀死Webots进程 3957866
2025-07-13 09:29:55,331 - INFO - 未找到运行中的Xvfb进程
2025-07-13 09:29:55,331 - INFO - 已清理当前场景信息
2025-07-13 09:29:55,331 - INFO - 选择场景: 3 - Box Moving Scene V2 v1.0.0
2025-07-13 09:29:55,336 - INFO - Webots进程启动成功，PID: 3958365, 场景: Box Moving Scene V2, 场景ID: 3, 版本: 1.0.0
2025-07-13 09:29:55,336 - INFO - 等待Supervisor更新世界状态...
2025-07-13 09:30:20,343 - INFO - Supervisor已更新世界状态，场景加载完成
2025-07-13 09:30:35,279 - INFO - 启动前清理所有Webots进程...
2025-07-13 09:30:35,295 - INFO - 找到 25 个 Webots 进程
2025-07-13 09:30:35,295 - INFO - 发送SIGTERM到Webots进程 3958365
2025-07-13 09:30:35,396 - INFO - 发送SIGTERM到Webots进程 3958368
2025-07-13 09:30:36,512 - WARNING - 发现 1 个残留的Webots进程，强制杀死
2025-07-13 09:30:36,512 - WARNING - 强制杀死Webots进程 3958365
2025-07-13 09:30:36,527 - INFO - 未找到运行中的Xvfb进程
2025-07-13 09:30:36,527 - INFO - 已清理当前场景信息
2025-07-13 09:30:36,527 - INFO - 选择场景: 3 - Box Moving Scene V2 v1.0.0
2025-07-13 09:30:36,532 - INFO - Webots进程启动成功，PID: 3958674, 场景: Box Moving Scene V2, 场景ID: 3, 版本: 1.0.0
2025-07-13 09:30:36,532 - INFO - 等待Supervisor更新世界状态...
2025-07-13 09:31:01,038 - INFO - Supervisor已更新世界状态，场景加载完成
2025-07-13 09:31:42,467 - INFO - 启动前清理所有Webots进程...
2025-07-13 09:31:42,483 - INFO - 找到 25 个 Webots 进程
2025-07-13 09:31:42,483 - INFO - 发送SIGTERM到Webots进程 3958674
2025-07-13 09:31:42,583 - INFO - 发送SIGTERM到Webots进程 3958677
2025-07-13 09:31:43,699 - WARNING - 发现 1 个残留的Webots进程，强制杀死
2025-07-13 09:31:43,699 - WARNING - 强制杀死Webots进程 3958674
2025-07-13 09:31:43,714 - INFO - 未找到运行中的Xvfb进程
2025-07-13 09:31:43,714 - INFO - 已清理当前场景信息
2025-07-13 09:31:43,714 - INFO - 选择场景: 3 - Box Moving Scene V2 v1.0.0
2025-07-13 09:31:43,719 - INFO - Webots进程启动成功，PID: 3959202, 场景: Box Moving Scene V2, 场景ID: 3, 版本: 1.0.0
2025-07-13 09:31:43,719 - INFO - 等待Supervisor更新世界状态...
2025-07-13 09:32:08,725 - INFO - Supervisor已更新世界状态，场景加载完成
2025-07-13 09:32:22,950 - INFO - 启动前清理所有Webots进程...
2025-07-13 09:32:22,967 - INFO - 找到 25 个 Webots 进程
2025-07-13 09:32:22,967 - INFO - 发送SIGTERM到Webots进程 3959202
2025-07-13 09:32:23,067 - INFO - 发送SIGTERM到Webots进程 3959205
2025-07-13 09:32:24,183 - WARNING - 发现 1 个残留的Webots进程，强制杀死
2025-07-13 09:32:24,183 - WARNING - 强制杀死Webots进程 3959202
2025-07-13 09:32:24,197 - INFO - 未找到运行中的Xvfb进程
2025-07-13 09:32:24,197 - INFO - 已清理当前场景信息
2025-07-13 09:32:24,197 - INFO - 选择场景: 3 - Box Moving Scene V2 v1.0.0
2025-07-13 09:32:24,202 - INFO - Webots进程启动成功，PID: 3959502, 场景: Box Moving Scene V2, 场景ID: 3, 版本: 1.0.0
2025-07-13 09:32:24,202 - INFO - 等待Supervisor更新世界状态...
2025-07-13 09:32:48,708 - INFO - Supervisor已更新世界状态，场景加载完成
2025-07-13 09:32:53,193 - INFO - 启动前清理所有Webots进程...
2025-07-13 09:32:53,210 - INFO - 找到 25 个 Webots 进程
2025-07-13 09:32:53,210 - INFO - 发送SIGTERM到Webots进程 3959502
2025-07-13 09:32:53,310 - INFO - 发送SIGTERM到Webots进程 3959505
2025-07-13 09:32:54,426 - WARNING - 发现 1 个残留的Webots进程，强制杀死
2025-07-13 09:32:54,426 - WARNING - 强制杀死Webots进程 3959502
2025-07-13 09:32:54,442 - INFO - 未找到运行中的Xvfb进程
2025-07-13 09:32:54,442 - INFO - 已清理当前场景信息
2025-07-13 09:32:54,442 - INFO - 选择场景: 3 - Box Moving Scene V2 v1.0.0
2025-07-13 09:32:54,447 - INFO - Webots进程启动成功，PID: 3959719, 场景: Box Moving Scene V2, 场景ID: 3, 版本: 1.0.0
2025-07-13 09:32:54,447 - INFO - 等待Supervisor更新世界状态...
2025-07-13 09:33:18,953 - INFO - Supervisor已更新世界状态，场景加载完成
2025-07-13 09:35:47,255 - ERROR - 启动Webots进程失败: 400 Bad Request: Failed to decode JSON object: Expecting value: line 1 column 1 (char 0)
Traceback (most recent call last):
  File "/home/public/miniconda3/lib/python3.13/site-packages/werkzeug/wrappers/request.py", line 611, in get_json
    rv = self.json_module.loads(data)
  File "/home/public/miniconda3/lib/python3.13/site-packages/flask/json/provider.py", line 187, in loads
    return json.loads(s, **kwargs)
           ~~~~~~~~~~^^^^^^^^^^^^^
  File "/home/public/miniconda3/lib/python3.13/json/__init__.py", line 346, in loads
    return _default_decoder.decode(s)
           ~~~~~~~~~~~~~~~~~~~~~~~^^^
  File "/home/public/miniconda3/lib/python3.13/json/decoder.py", line 345, in decode
    obj, end = self.raw_decode(s, idx=_w(s, 0).end())
               ~~~~~~~~~~~~~~~^^^^^^^^^^^^^^^^^^^^^^^
  File "/home/public/miniconda3/lib/python3.13/json/decoder.py", line 363, in raw_decode
    raise JSONDecodeError("Expecting value", s, err.value) from None
json.decoder.JSONDecodeError: Expecting value: line 1 column 1 (char 0)

During handling of the above exception, another exception occurred:

Traceback (most recent call last):
  File "/home/public/wangwei/webots_flask_server_http/integrated_server.py", line 672, in start_webots
    data = request.get_json() or {}
           ~~~~~~~~~~~~~~~~^^
  File "/home/public/miniconda3/lib/python3.13/site-packages/werkzeug/wrappers/request.py", line 620, in get_json
    rv = self.on_json_loading_failed(e)
  File "/home/public/miniconda3/lib/python3.13/site-packages/flask/wrappers.py", line 214, in on_json_loading_failed
    return super().on_json_loading_failed(e)
           ~~~~~~~~~~~~~~~~~~~~~~~~~~~~~~^^^
  File "/home/public/miniconda3/lib/python3.13/site-packages/werkzeug/wrappers/request.py", line 645, in on_json_loading_failed
    raise BadRequest(f"Failed to decode JSON object: {e}")
werkzeug.exceptions.BadRequest: 400 Bad Request: Failed to decode JSON object: Expecting value: line 1 column 1 (char 0)
2025-07-13 09:35:48,652 - ERROR - 启动Webots进程失败: 400 Bad Request: Failed to decode JSON object: Expecting value: line 1 column 1 (char 0)
Traceback (most recent call last):
  File "/home/public/miniconda3/lib/python3.13/site-packages/werkzeug/wrappers/request.py", line 611, in get_json
    rv = self.json_module.loads(data)
  File "/home/public/miniconda3/lib/python3.13/site-packages/flask/json/provider.py", line 187, in loads
    return json.loads(s, **kwargs)
           ~~~~~~~~~~^^^^^^^^^^^^^
  File "/home/public/miniconda3/lib/python3.13/json/__init__.py", line 346, in loads
    return _default_decoder.decode(s)
           ~~~~~~~~~~~~~~~~~~~~~~~^^^
  File "/home/public/miniconda3/lib/python3.13/json/decoder.py", line 345, in decode
    obj, end = self.raw_decode(s, idx=_w(s, 0).end())
               ~~~~~~~~~~~~~~~^^^^^^^^^^^^^^^^^^^^^^^
  File "/home/public/miniconda3/lib/python3.13/json/decoder.py", line 363, in raw_decode
    raise JSONDecodeError("Expecting value", s, err.value) from None
json.decoder.JSONDecodeError: Expecting value: line 1 column 1 (char 0)

During handling of the above exception, another exception occurred:

Traceback (most recent call last):
  File "/home/public/wangwei/webots_flask_server_http/integrated_server.py", line 672, in start_webots
    data = request.get_json() or {}
           ~~~~~~~~~~~~~~~~^^
  File "/home/public/miniconda3/lib/python3.13/site-packages/werkzeug/wrappers/request.py", line 620, in get_json
    rv = self.on_json_loading_failed(e)
  File "/home/public/miniconda3/lib/python3.13/site-packages/flask/wrappers.py", line 214, in on_json_loading_failed
    return super().on_json_loading_failed(e)
           ~~~~~~~~~~~~~~~~~~~~~~~~~~~~~~^^^
  File "/home/public/miniconda3/lib/python3.13/site-packages/werkzeug/wrappers/request.py", line 645, in on_json_loading_failed
    raise BadRequest(f"Failed to decode JSON object: {e}")
werkzeug.exceptions.BadRequest: 400 Bad Request: Failed to decode JSON object: Expecting value: line 1 column 1 (char 0)
2025-07-13 09:35:49,515 - ERROR - 启动Webots进程失败: 400 Bad Request: Failed to decode JSON object: Expecting value: line 1 column 1 (char 0)
Traceback (most recent call last):
  File "/home/public/miniconda3/lib/python3.13/site-packages/werkzeug/wrappers/request.py", line 611, in get_json
    rv = self.json_module.loads(data)
  File "/home/public/miniconda3/lib/python3.13/site-packages/flask/json/provider.py", line 187, in loads
    return json.loads(s, **kwargs)
           ~~~~~~~~~~^^^^^^^^^^^^^
  File "/home/public/miniconda3/lib/python3.13/json/__init__.py", line 346, in loads
    return _default_decoder.decode(s)
           ~~~~~~~~~~~~~~~~~~~~~~~^^^
  File "/home/public/miniconda3/lib/python3.13/json/decoder.py", line 345, in decode
    obj, end = self.raw_decode(s, idx=_w(s, 0).end())
               ~~~~~~~~~~~~~~~^^^^^^^^^^^^^^^^^^^^^^^
  File "/home/public/miniconda3/lib/python3.13/json/decoder.py", line 363, in raw_decode
    raise JSONDecodeError("Expecting value", s, err.value) from None
json.decoder.JSONDecodeError: Expecting value: line 1 column 1 (char 0)

During handling of the above exception, another exception occurred:

Traceback (most recent call last):
  File "/home/public/wangwei/webots_flask_server_http/integrated_server.py", line 672, in start_webots
    data = request.get_json() or {}
           ~~~~~~~~~~~~~~~~^^
  File "/home/public/miniconda3/lib/python3.13/site-packages/werkzeug/wrappers/request.py", line 620, in get_json
    rv = self.on_json_loading_failed(e)
  File "/home/public/miniconda3/lib/python3.13/site-packages/flask/wrappers.py", line 214, in on_json_loading_failed
    return super().on_json_loading_failed(e)
           ~~~~~~~~~~~~~~~~~~~~~~~~~~~~~~^^^
  File "/home/public/miniconda3/lib/python3.13/site-packages/werkzeug/wrappers/request.py", line 645, in on_json_loading_failed
    raise BadRequest(f"Failed to decode JSON object: {e}")
werkzeug.exceptions.BadRequest: 400 Bad Request: Failed to decode JSON object: Expecting value: line 1 column 1 (char 0)
2025-07-13 09:35:50,973 - ERROR - 启动Webots进程失败: 400 Bad Request: Failed to decode JSON object: Expecting value: line 1 column 1 (char 0)
Traceback (most recent call last):
  File "/home/public/miniconda3/lib/python3.13/site-packages/werkzeug/wrappers/request.py", line 611, in get_json
    rv = self.json_module.loads(data)
  File "/home/public/miniconda3/lib/python3.13/site-packages/flask/json/provider.py", line 187, in loads
    return json.loads(s, **kwargs)
           ~~~~~~~~~~^^^^^^^^^^^^^
  File "/home/public/miniconda3/lib/python3.13/json/__init__.py", line 346, in loads
    return _default_decoder.decode(s)
           ~~~~~~~~~~~~~~~~~~~~~~~^^^
  File "/home/public/miniconda3/lib/python3.13/json/decoder.py", line 345, in decode
    obj, end = self.raw_decode(s, idx=_w(s, 0).end())
               ~~~~~~~~~~~~~~~^^^^^^^^^^^^^^^^^^^^^^^
  File "/home/public/miniconda3/lib/python3.13/json/decoder.py", line 363, in raw_decode
    raise JSONDecodeError("Expecting value", s, err.value) from None
json.decoder.JSONDecodeError: Expecting value: line 1 column 1 (char 0)

During handling of the above exception, another exception occurred:

Traceback (most recent call last):
  File "/home/public/wangwei/webots_flask_server_http/integrated_server.py", line 672, in start_webots
    data = request.get_json() or {}
           ~~~~~~~~~~~~~~~~^^
  File "/home/public/miniconda3/lib/python3.13/site-packages/werkzeug/wrappers/request.py", line 620, in get_json
    rv = self.on_json_loading_failed(e)
  File "/home/public/miniconda3/lib/python3.13/site-packages/flask/wrappers.py", line 214, in on_json_loading_failed
    return super().on_json_loading_failed(e)
           ~~~~~~~~~~~~~~~~~~~~~~~~~~~~~~^^^
  File "/home/public/miniconda3/lib/python3.13/site-packages/werkzeug/wrappers/request.py", line 645, in on_json_loading_failed
    raise BadRequest(f"Failed to decode JSON object: {e}")
werkzeug.exceptions.BadRequest: 400 Bad Request: Failed to decode JSON object: Expecting value: line 1 column 1 (char 0)
2025-07-13 09:37:32,776 - INFO - 启动前清理所有Webots进程...
2025-07-13 09:37:32,793 - INFO - 找到 25 个 Webots 进程
2025-07-13 09:37:32,793 - INFO - 发送SIGTERM到Webots进程 3959719
2025-07-13 09:37:32,893 - INFO - 发送SIGTERM到Webots进程 3959722
2025-07-13 09:37:34,010 - WARNING - 发现 1 个残留的Webots进程，强制杀死
2025-07-13 09:37:34,010 - WARNING - 强制杀死Webots进程 3959719
2025-07-13 09:37:34,025 - INFO - 未找到运行中的Xvfb进程
2025-07-13 09:37:34,025 - INFO - 已清理当前场景信息
2025-07-13 09:37:34,025 - INFO - 选择场景: 3 - Box Moving Scene V2 v1.0.0
2025-07-13 09:37:34,030 - INFO - Webots进程启动成功，PID: 3962073, 场景: Box Moving Scene V2, 场景ID: 3, 版本: 1.0.0
2025-07-13 09:37:34,030 - INFO - 等待Supervisor更新世界状态...
2025-07-13 09:37:59,037 - INFO - Supervisor已更新世界状态，场景加载完成
2025-07-13 09:38:06,972 - ERROR - 启动Webots进程失败: 400 Bad Request: Failed to decode JSON object: Expecting value: line 1 column 1 (char 0)
Traceback (most recent call last):
  File "/home/public/miniconda3/lib/python3.13/site-packages/werkzeug/wrappers/request.py", line 611, in get_json
    rv = self.json_module.loads(data)
  File "/home/public/miniconda3/lib/python3.13/site-packages/flask/json/provider.py", line 187, in loads
    return json.loads(s, **kwargs)
           ~~~~~~~~~~^^^^^^^^^^^^^
  File "/home/public/miniconda3/lib/python3.13/json/__init__.py", line 346, in loads
    return _default_decoder.decode(s)
           ~~~~~~~~~~~~~~~~~~~~~~~^^^
  File "/home/public/miniconda3/lib/python3.13/json/decoder.py", line 345, in decode
    obj, end = self.raw_decode(s, idx=_w(s, 0).end())
               ~~~~~~~~~~~~~~~^^^^^^^^^^^^^^^^^^^^^^^
  File "/home/public/miniconda3/lib/python3.13/json/decoder.py", line 363, in raw_decode
    raise JSONDecodeError("Expecting value", s, err.value) from None
json.decoder.JSONDecodeError: Expecting value: line 1 column 1 (char 0)

During handling of the above exception, another exception occurred:

Traceback (most recent call last):
  File "/home/public/wangwei/webots_flask_server_http/integrated_server.py", line 672, in start_webots
    data = request.get_json() or {}
           ~~~~~~~~~~~~~~~~^^
  File "/home/public/miniconda3/lib/python3.13/site-packages/werkzeug/wrappers/request.py", line 620, in get_json
    rv = self.on_json_loading_failed(e)
  File "/home/public/miniconda3/lib/python3.13/site-packages/flask/wrappers.py", line 214, in on_json_loading_failed
    return super().on_json_loading_failed(e)
           ~~~~~~~~~~~~~~~~~~~~~~~~~~~~~~^^^
  File "/home/public/miniconda3/lib/python3.13/site-packages/werkzeug/wrappers/request.py", line 645, in on_json_loading_failed
    raise BadRequest(f"Failed to decode JSON object: {e}")
werkzeug.exceptions.BadRequest: 400 Bad Request: Failed to decode JSON object: Expecting value: line 1 column 1 (char 0)
2025-07-13 09:40:37,093 - INFO - 启动前清理所有Webots进程...
2025-07-13 09:40:37,109 - INFO - 找到 25 个 Webots 进程
2025-07-13 09:40:37,110 - INFO - 发送SIGTERM到Webots进程 3962073
2025-07-13 09:40:37,210 - INFO - 发送SIGTERM到Webots进程 3962076
2025-07-13 09:40:38,326 - WARNING - 发现 1 个残留的Webots进程，强制杀死
2025-07-13 09:40:38,327 - WARNING - 强制杀死Webots进程 3962073
2025-07-13 09:40:38,342 - INFO - 未找到运行中的Xvfb进程
2025-07-13 09:40:38,342 - INFO - 已清理当前场景信息
2025-07-13 09:40:38,343 - INFO - 选择场景: 3 - Box Moving Scene V2 v1.0.0
2025-07-13 09:40:38,348 - INFO - Webots进程启动成功，PID: 3963597, 场景: Box Moving Scene V2, 场景ID: 3, 版本: 1.0.0
2025-07-13 09:40:38,349 - INFO - 等待Supervisor更新世界状态...
2025-07-13 09:41:03,355 - INFO - Supervisor已更新世界状态，场景加载完成
2025-07-13 09:41:03,356 - INFO - 启动前清理所有Webots进程...
2025-07-13 09:41:03,372 - INFO - 找到 25 个 Webots 进程
2025-07-13 09:41:03,372 - INFO - 发送SIGTERM到Webots进程 3963597
2025-07-13 09:41:03,472 - INFO - 发送SIGTERM到Webots进程 3963600
2025-07-13 09:41:04,588 - WARNING - 发现 1 个残留的Webots进程，强制杀死
2025-07-13 09:41:04,588 - WARNING - 强制杀死Webots进程 3963597
2025-07-13 09:41:04,603 - INFO - 未找到运行中的Xvfb进程
2025-07-13 09:41:04,603 - INFO - 已清理当前场景信息
2025-07-13 09:41:04,603 - INFO - 选择场景: 3 - Box Moving Scene V2 v1.0.0
2025-07-13 09:41:04,608 - INFO - Webots进程启动成功，PID: 3963780, 场景: Box Moving Scene V2, 场景ID: 3, 版本: 1.0.0
2025-07-13 09:41:04,608 - INFO - 等待Supervisor更新世界状态...
2025-07-13 09:41:29,113 - INFO - Supervisor已更新世界状态，场景加载完成
2025-07-13 09:45:21,906 - INFO - 启动前清理所有Webots进程...
2025-07-13 09:45:21,922 - INFO - 找到 25 个 Webots 进程
2025-07-13 09:45:21,922 - INFO - 发送SIGTERM到Webots进程 3963780
2025-07-13 09:45:22,022 - INFO - 发送SIGTERM到Webots进程 3963783
2025-07-13 09:45:23,138 - WARNING - 发现 1 个残留的Webots进程，强制杀死
2025-07-13 09:45:23,138 - WARNING - 强制杀死Webots进程 3963780
2025-07-13 09:45:23,154 - INFO - 未找到运行中的Xvfb进程
2025-07-13 09:45:23,154 - INFO - 已清理当前场景信息
2025-07-13 09:45:23,154 - INFO - 选择场景: 3 - Box Moving Scene V2 v1.0.0
2025-07-13 09:45:23,160 - INFO - Webots进程启动成功，PID: 3965943, 场景: Box Moving Scene V2, 场景ID: 3, 版本: 1.0.0
2025-07-13 09:45:23,161 - INFO - 等待Supervisor更新世界状态...
2025-07-13 09:45:48,169 - INFO - Supervisor已更新世界状态，场景加载完成
2025-07-13 09:45:48,170 - INFO - 启动前清理所有Webots进程...
2025-07-13 09:45:48,186 - INFO - 找到 25 个 Webots 进程
2025-07-13 09:45:48,187 - INFO - 发送SIGTERM到Webots进程 3965943
2025-07-13 09:45:48,287 - INFO - 发送SIGTERM到Webots进程 3965946
2025-07-13 09:45:48,387 - INFO - 发送SIGTERM到Webots进程 3966012
2025-07-13 09:45:49,503 - WARNING - 发现 1 个残留的Webots进程，强制杀死
2025-07-13 09:45:49,503 - WARNING - 强制杀死Webots进程 3965943
2025-07-13 09:45:49,518 - INFO - 未找到运行中的Xvfb进程
2025-07-13 09:45:49,518 - INFO - 已清理当前场景信息
2025-07-13 09:45:49,518 - INFO - 选择场景: 3 - Box Moving Scene V2 v1.0.0
2025-07-13 09:45:49,523 - INFO - Webots进程启动成功，PID: 3966125, 场景: Box Moving Scene V2, 场景ID: 3, 版本: 1.0.0
2025-07-13 09:45:49,524 - INFO - 等待Supervisor更新世界状态...
2025-07-13 09:46:14,530 - INFO - Supervisor已更新世界状态，场景加载完成
2025-07-13 09:47:38,962 - INFO - 启动前清理所有Webots进程...
2025-07-13 09:47:38,978 - INFO - 找到 25 个 Webots 进程
2025-07-13 09:47:38,978 - INFO - 发送SIGTERM到Webots进程 3966125
2025-07-13 09:47:39,078 - INFO - 发送SIGTERM到Webots进程 3966128
2025-07-13 09:47:40,194 - WARNING - 发现 1 个残留的Webots进程，强制杀死
2025-07-13 09:47:40,194 - WARNING - 强制杀死Webots进程 3966125
2025-07-13 09:47:40,208 - INFO - 未找到运行中的Xvfb进程
2025-07-13 09:47:40,208 - INFO - 已清理当前场景信息
2025-07-13 09:47:40,208 - INFO - 选择场景: 3 - Box Moving Scene V2 v1.0.0
2025-07-13 09:47:40,213 - INFO - Webots进程启动成功，PID: 3967024, 场景: Box Moving Scene V2, 场景ID: 3, 版本: 1.0.0
2025-07-13 09:47:40,213 - INFO - 等待Supervisor更新世界状态...
2025-07-13 09:48:04,719 - INFO - Supervisor已更新世界状态，场景加载完成
2025-07-13 09:51:03,776 - INFO - 启动前清理所有Webots进程...
2025-07-13 09:51:03,793 - INFO - 找到 25 个 Webots 进程
2025-07-13 09:51:03,793 - INFO - 发送SIGTERM到Webots进程 3967024
2025-07-13 09:51:03,893 - INFO - 发送SIGTERM到Webots进程 3967027
2025-07-13 09:51:05,009 - WARNING - 发现 1 个残留的Webots进程，强制杀死
2025-07-13 09:51:05,009 - WARNING - 强制杀死Webots进程 3967024
2025-07-13 09:51:05,025 - INFO - 未找到运行中的Xvfb进程
2025-07-13 09:51:05,025 - INFO - 已清理当前场景信息
2025-07-13 09:51:05,025 - INFO - 选择场景: 3 - Box Moving Scene V2 v1.0.0
2025-07-13 09:51:05,031 - INFO - Webots进程启动成功，PID: 3968725, 场景: Box Moving Scene V2, 场景ID: 3, 版本: 1.0.0
2025-07-13 09:51:05,032 - INFO - 等待Supervisor更新世界状态...
2025-07-13 09:51:30,038 - INFO - Supervisor已更新世界状态，场景加载完成
2025-07-13 09:53:19,031 - INFO - 启动前清理所有Webots进程...
2025-07-13 09:53:19,047 - INFO - 找到 25 个 Webots 进程
2025-07-13 09:53:19,048 - INFO - 发送SIGTERM到Webots进程 3968725
2025-07-13 09:53:19,148 - INFO - 发送SIGTERM到Webots进程 3968728
2025-07-13 09:53:20,263 - WARNING - 发现 1 个残留的Webots进程，强制杀死
2025-07-13 09:53:20,263 - WARNING - 强制杀死Webots进程 3968725
2025-07-13 09:53:20,277 - INFO - 未找到运行中的Xvfb进程
2025-07-13 09:53:20,277 - INFO - 已清理当前场景信息
2025-07-13 09:53:20,278 - INFO - 选择场景: 3 - Box Moving Scene V2 v1.0.0
2025-07-13 09:53:20,283 - INFO - Webots进程启动成功，PID: 3969830, 场景: Box Moving Scene V2, 场景ID: 3, 版本: 1.0.0
2025-07-13 09:53:20,283 - INFO - 等待Supervisor更新世界状态...
2025-07-13 09:53:45,327 - INFO - Supervisor已更新世界状态，场景加载完成
2025-07-13 09:54:03,463 - INFO - 启动前清理所有Webots进程...
2025-07-13 09:54:03,479 - INFO - 找到 25 个 Webots 进程
2025-07-13 09:54:03,480 - INFO - 发送SIGTERM到Webots进程 3969830
2025-07-13 09:54:03,580 - INFO - 发送SIGTERM到Webots进程 3969833
2025-07-13 09:54:04,696 - WARNING - 发现 1 个残留的Webots进程，强制杀死
2025-07-13 09:54:04,696 - WARNING - 强制杀死Webots进程 3969830
2025-07-13 09:54:04,710 - INFO - 未找到运行中的Xvfb进程
2025-07-13 09:54:04,710 - INFO - 已清理当前场景信息
2025-07-13 09:54:04,711 - INFO - 选择场景: 3 - Box Moving Scene V2 v1.0.0
2025-07-13 09:54:04,715 - INFO - Webots进程启动成功，PID: 3970165, 场景: Box Moving Scene V2, 场景ID: 3, 版本: 1.0.0
2025-07-13 09:54:04,716 - INFO - 等待Supervisor更新世界状态...
2025-07-13 09:54:29,222 - INFO - Supervisor已更新世界状态，场景加载完成
2025-07-13 10:20:45,671 - INFO - 启动前清理所有Webots进程...
2025-07-13 10:20:45,692 - INFO - 找到 25 个 Webots 进程
2025-07-13 10:20:45,692 - INFO - 发送SIGTERM到Webots进程 3970165
2025-07-13 10:20:45,792 - INFO - 发送SIGTERM到Webots进程 3970168
2025-07-13 10:20:46,906 - WARNING - 发现 1 个残留的Webots进程，强制杀死
2025-07-13 10:20:46,907 - WARNING - 强制杀死Webots进程 3970165
2025-07-13 10:20:46,921 - INFO - 未找到运行中的Xvfb进程
2025-07-13 10:20:46,922 - INFO - 已清理当前场景信息
2025-07-13 10:20:46,922 - INFO - 选择场景: 3 - Box Moving Scene V2 v1.0.0
2025-07-13 10:20:46,927 - INFO - Webots进程启动成功，PID: 4067628, 场景: Box Moving Scene V2, 场景ID: 3, 版本: 1.0.0
2025-07-13 10:20:46,927 - INFO - 等待Supervisor更新世界状态...
2025-07-13 10:21:12,433 - INFO - Supervisor已更新世界状态，场景加载完成
2025-07-13 10:21:12,891 - INFO - 启动前清理所有Webots进程...
2025-07-13 10:21:12,907 - INFO - 找到 25 个 Webots 进程
2025-07-13 10:21:12,907 - INFO - 发送SIGTERM到Webots进程 4067628
2025-07-13 10:21:13,008 - INFO - 发送SIGTERM到Webots进程 4067631
2025-07-13 10:21:14,123 - WARNING - 发现 1 个残留的Webots进程，强制杀死
2025-07-13 10:21:14,123 - WARNING - 强制杀死Webots进程 4067628
2025-07-13 10:21:14,137 - INFO - 未找到运行中的Xvfb进程
2025-07-13 10:21:14,137 - INFO - 已清理当前场景信息
2025-07-13 10:21:14,137 - INFO - 选择场景: 3 - Box Moving Scene V2 v1.0.0
2025-07-13 10:21:14,143 - INFO - Webots进程启动成功，PID: 4069595, 场景: Box Moving Scene V2, 场景ID: 3, 版本: 1.0.0
2025-07-13 10:21:14,143 - INFO - 等待Supervisor更新世界状态...
2025-07-13 10:21:39,681 - INFO - Supervisor已更新世界状态，场景加载完成
2025-07-13 10:40:00,320 - INFO - 找到 25 个 Webots 进程
2025-07-13 10:40:00,320 - INFO - 发送SIGTERM到Webots进程 4069595
2025-07-13 10:40:00,421 - INFO - 发送SIGTERM到Webots进程 4069598
2025-07-13 10:40:01,535 - WARNING - 发现 1 个残留的Webots进程，强制杀死
2025-07-13 10:40:01,535 - WARNING - 强制杀死Webots进程 4069595
2025-07-13 10:40:01,554 - INFO - 未找到运行中的Xvfb进程
2025-07-13 10:40:01,554 - INFO - 已清理当前场景信息
2025-07-13 10:40:01,554 - INFO - 主 Flask 服务器活动日志已保存至 log/flask_server_activity_log.json
2025-07-13 10:40:01,593 - INFO - Supervisor 世界状态日志已保存至 log/supervisor_world_status_log.json
2025-07-13 10:40:01,593 - INFO - 整合Flask服务器停止
2025-07-13 10:40:01,593 - INFO - 服务器已安全停止
2025-07-13 10:40:02,983 - INFO - 🚀 Webots控制服务器启动中...
2025-07-13 10:40:02,983 - INFO - 🔍 正在加载场景配置...
2025-07-13 10:40:02,983 - INFO - 场景配置文件加载成功: /home/public/wangwei/webots_flask_server_http/configs/scene_configs.json
2025-07-13 10:40:02,983 - INFO - 正在扫描场景中的标签点...
2025-07-13 10:40:02,985 - INFO - 场景配置更新完成
2025-07-13 10:40:02,990 - INFO - Flask服务器启动
2025-07-13 10:40:26,498 - INFO - 启动前清理所有Webots进程...
2025-07-13 10:40:26,511 - INFO - 未找到运行中的Webots进程
2025-07-13 10:40:26,528 - INFO - 未找到运行中的Xvfb进程
2025-07-13 10:40:26,528 - INFO - 选择场景: 3 - Box Moving Scene V2 v1.0.0
2025-07-13 10:40:26,535 - INFO - Webots进程启动成功，PID: 4150777, 场景: Box Moving Scene V2, 场景ID: 3, 版本: 1.0.0
2025-07-13 10:40:26,535 - INFO - 等待Supervisor更新世界状态...
2025-07-13 10:40:52,041 - INFO - Supervisor已更新世界状态，场景加载完成
2025-07-13 10:51:07,324 - INFO - 找到 25 个 Webots 进程
2025-07-13 10:51:07,324 - INFO - 发送SIGTERM到Webots进程 4150777
2025-07-13 10:51:07,424 - INFO - 发送SIGTERM到Webots进程 4150780
2025-07-13 10:51:08,542 - WARNING - 发现 1 个残留的Webots进程，强制杀死
2025-07-13 10:51:08,542 - WARNING - 强制杀死Webots进程 4150777
2025-07-13 10:51:08,557 - INFO - 未找到运行中的Xvfb进程
2025-07-13 10:51:08,558 - INFO - 已清理当前场景信息
2025-07-13 10:51:08,558 - INFO - 主 Flask 服务器活动日志已保存至 log/flask_server_activity_log.json
2025-07-13 10:51:08,584 - INFO - Supervisor 世界状态日志已保存至 log/supervisor_world_status_log.json
2025-07-13 10:51:08,584 - INFO - 整合Flask服务器停止
2025-07-13 10:51:08,584 - INFO - 服务器已安全停止
2025-07-13 10:51:56,425 - INFO - 🚀 Webots控制服务器启动中...
2025-07-13 10:51:56,425 - INFO - 🔍 正在加载场景配置...
2025-07-13 10:51:56,425 - INFO - 场景配置文件加载成功: /home/public/wangwei/webots_flask_server_http/configs/scene_configs.json
2025-07-13 10:51:56,425 - INFO - 正在扫描场景中的标签点...
2025-07-13 10:51:56,426 - INFO - 场景配置更新完成
2025-07-13 10:51:56,428 - INFO - Flask服务器启动
2025-07-13 10:52:49,444 - INFO - 启动前清理所有Webots进程...
2025-07-13 10:52:49,463 - INFO - 未找到运行中的Webots进程
2025-07-13 10:52:49,477 - INFO - 未找到运行中的Xvfb进程
2025-07-13 10:52:49,477 - INFO - 选择场景: 3 - Box Moving Scene V2 v1.0.0
2025-07-13 10:52:49,485 - INFO - Webots进程启动成功，PID: 4180787, 场景: Box Moving Scene V2, 场景ID: 3, 版本: 1.0.0
2025-07-13 10:52:49,485 - INFO - 等待Supervisor更新世界状态...
2025-07-13 10:53:14,994 - INFO - Supervisor已更新世界状态，场景加载完成
2025-07-13 11:04:47,987 - INFO - 找到 25 个 Webots 进程
2025-07-13 11:04:47,987 - INFO - 发送SIGTERM到Webots进程 4180787
2025-07-13 11:04:48,087 - INFO - 发送SIGTERM到Webots进程 4180790
2025-07-13 11:04:49,204 - WARNING - 发现 1 个残留的Webots进程，强制杀死
2025-07-13 11:04:49,204 - WARNING - 强制杀死Webots进程 4180787
2025-07-13 11:04:49,217 - INFO - 未找到运行中的Xvfb进程
2025-07-13 11:04:49,218 - INFO - 已清理当前场景信息
2025-07-13 11:04:49,218 - INFO - 主 Flask 服务器活动日志已保存至 log/flask_server_activity_log.json
2025-07-13 11:04:49,247 - INFO - Supervisor 世界状态日志已保存至 log/supervisor_world_status_log.json
2025-07-13 11:04:49,248 - INFO - 整合Flask服务器停止
2025-07-13 11:04:49,248 - INFO - 服务器已安全停止
2025-07-13 11:04:50,266 - INFO - 🚀 Webots控制服务器启动中...
2025-07-13 11:04:50,266 - INFO - 🔍 正在加载场景配置...
2025-07-13 11:04:50,266 - INFO - 场景配置文件加载成功: /home/public/wangwei/webots_flask_server_http/configs/scene_configs.json
2025-07-13 11:04:50,267 - INFO - 正在扫描场景中的标签点...
2025-07-13 11:04:50,269 - INFO - 场景配置更新完成
2025-07-13 11:04:50,271 - INFO - Flask服务器启动
2025-07-13 11:08:50,838 - INFO - 启动前清理所有Webots进程...
2025-07-13 11:08:50,854 - INFO - 未找到运行中的Webots进程
2025-07-13 11:08:50,869 - INFO - 未找到运行中的Xvfb进程
2025-07-13 11:08:50,870 - INFO - 选择场景: 3 - Box Moving Scene V2 v1.0.0
2025-07-13 11:08:50,877 - INFO - Webots进程启动成功，PID: 32162, 场景: Box Moving Scene V2, 场景ID: 3, 版本: 1.0.0
2025-07-13 11:08:50,877 - INFO - 等待Supervisor更新世界状态...
2025-07-13 11:09:17,384 - INFO - Supervisor已更新世界状态，场景加载完成
2025-07-13 11:10:38,742 - INFO - 找到 25 个 Webots 进程
2025-07-13 11:10:38,742 - INFO - 发送SIGTERM到Webots进程 32162
2025-07-13 11:10:38,842 - INFO - 发送SIGTERM到Webots进程 32165
2025-07-13 11:10:39,957 - WARNING - 发现 1 个残留的Webots进程，强制杀死
2025-07-13 11:10:39,957 - WARNING - 强制杀死Webots进程 32162
2025-07-13 11:10:39,972 - INFO - 未找到运行中的Xvfb进程
2025-07-13 11:10:39,972 - INFO - 已清理当前场景信息
2025-07-13 11:10:39,972 - INFO - 主 Flask 服务器活动日志已保存至 log/flask_server_activity_log.json
2025-07-13 11:10:39,976 - INFO - Supervisor 世界状态日志已保存至 log/supervisor_world_status_log.json
2025-07-13 11:10:39,977 - INFO - 整合Flask服务器停止
2025-07-13 11:10:39,977 - INFO - 服务器已安全停止
2025-07-13 11:10:48,728 - INFO - 🚀 Webots控制服务器启动中...
2025-07-13 11:10:48,728 - INFO - 🔍 正在加载场景配置...
2025-07-13 11:10:48,728 - INFO - 场景配置文件加载成功: /home/public/wangwei/webots_flask_server_http/configs/scene_configs.json
2025-07-13 11:10:48,728 - INFO - 正在扫描场景中的标签点...
2025-07-13 11:10:48,730 - INFO - 场景配置更新完成
2025-07-13 11:10:48,732 - INFO - Flask服务器启动
2025-07-13 11:10:52,569 - INFO - 启动前清理所有Webots进程...
2025-07-13 11:10:52,586 - INFO - 未找到运行中的Webots进程
2025-07-13 11:10:52,603 - INFO - 未找到运行中的Xvfb进程
2025-07-13 11:10:52,603 - INFO - 选择场景: 3 - Box Moving Scene V2 v1.0.0
2025-07-13 11:10:52,609 - INFO - Webots进程启动成功，PID: 37959, 场景: Box Moving Scene V2, 场景ID: 3, 版本: 1.0.0
2025-07-13 11:10:52,610 - INFO - 等待Supervisor更新世界状态...
2025-07-13 11:11:30,618 - INFO - Supervisor已更新世界状态，场景加载完成
2025-07-13 11:15:02,053 - INFO - 启动前清理所有Webots进程...
2025-07-13 11:15:02,075 - INFO - 找到 25 个 Webots 进程
2025-07-13 11:15:02,075 - INFO - 发送SIGTERM到Webots进程 37959
2025-07-13 11:15:02,175 - INFO - 发送SIGTERM到Webots进程 37962
2025-07-13 11:15:02,275 - INFO - 发送SIGTERM到Webots进程 38764
2025-07-13 11:15:03,393 - WARNING - 发现 1 个残留的Webots进程，强制杀死
2025-07-13 11:15:03,393 - WARNING - 强制杀死Webots进程 37959
2025-07-13 11:15:03,408 - INFO - 未找到运行中的Xvfb进程
2025-07-13 11:15:03,408 - INFO - 已清理当前场景信息
2025-07-13 11:15:03,408 - INFO - 选择场景: 3 - Box Moving Scene V2 v1.0.0
2025-07-13 11:15:03,413 - INFO - Webots进程启动成功，PID: 49103, 场景: Box Moving Scene V2, 场景ID: 3, 版本: 1.0.0
2025-07-13 11:15:03,414 - INFO - 等待Supervisor更新世界状态...
2025-07-13 11:15:40,422 - INFO - Supervisor已更新世界状态，场景加载完成
2025-07-13 11:15:40,423 - INFO - 启动前清理所有Webots进程...
2025-07-13 11:15:40,439 - INFO - 找到 25 个 Webots 进程
2025-07-13 11:15:40,439 - INFO - 发送SIGTERM到Webots进程 49103
2025-07-13 11:15:40,540 - INFO - 发送SIGTERM到Webots进程 49107
2025-07-13 11:15:40,640 - INFO - 发送SIGTERM到Webots进程 49874
2025-07-13 11:15:41,757 - WARNING - 发现 1 个残留的Webots进程，强制杀死
2025-07-13 11:15:41,757 - WARNING - 强制杀死Webots进程 49103
2025-07-13 11:15:41,771 - INFO - 未找到运行中的Xvfb进程
2025-07-13 11:15:41,771 - INFO - 已清理当前场景信息
2025-07-13 11:15:41,771 - INFO - 选择场景: 3 - Box Moving Scene V2 v1.0.0
2025-07-13 11:15:41,776 - INFO - Webots进程启动成功，PID: 50841, 场景: Box Moving Scene V2, 场景ID: 3, 版本: 1.0.0
2025-07-13 11:15:41,777 - INFO - 等待Supervisor更新世界状态...
2025-07-13 11:16:18,786 - INFO - Supervisor已更新世界状态，场景加载完成
2025-07-13 11:18:11,570 - INFO - 启动前清理所有Webots进程...
2025-07-13 11:18:11,592 - INFO - 找到 25 个 Webots 进程
2025-07-13 11:18:11,592 - INFO - 发送SIGTERM到Webots进程 50841
2025-07-13 11:18:11,693 - INFO - 发送SIGTERM到Webots进程 50844
2025-07-13 11:18:12,809 - WARNING - 发现 1 个残留的Webots进程，强制杀死
2025-07-13 11:18:12,809 - WARNING - 强制杀死Webots进程 50841
2025-07-13 11:18:12,823 - INFO - 未找到运行中的Xvfb进程
2025-07-13 11:18:12,823 - INFO - 已清理当前场景信息
2025-07-13 11:18:12,824 - INFO - 选择场景: 3 - Box Moving Scene V2 v1.0.0
2025-07-13 11:18:12,830 - INFO - Webots进程启动成功，PID: 57427, 场景: Box Moving Scene V2, 场景ID: 3, 版本: 1.0.0
2025-07-13 11:18:12,830 - INFO - 等待Supervisor更新世界状态...
2025-07-13 11:18:32,954 - INFO - 找到 25 个 Webots 进程
2025-07-13 11:18:32,954 - INFO - 发送SIGTERM到Webots进程 57427
2025-07-13 11:18:33,054 - INFO - 发送SIGTERM到Webots进程 57430
2025-07-13 11:18:33,154 - INFO - 发送SIGTERM到Webots进程 58169
2025-07-13 11:18:34,271 - WARNING - 发现 1 个残留的Webots进程，强制杀死
2025-07-13 11:18:34,271 - WARNING - 强制杀死Webots进程 57427
2025-07-13 11:18:34,286 - INFO - 未找到运行中的Xvfb进程
2025-07-13 11:18:34,286 - INFO - 已清理当前场景信息
2025-07-13 11:18:34,286 - INFO - 主 Flask 服务器活动日志已保存至 log/flask_server_activity_log.json
2025-07-13 11:18:34,287 - INFO - Supervisor 世界状态日志已保存至 log/supervisor_world_status_log.json
2025-07-13 11:18:34,287 - INFO - 整合Flask服务器停止
2025-07-13 11:18:34,287 - INFO - 服务器已安全停止
2025-07-13 11:18:36,121 - INFO - 🚀 Webots控制服务器启动中...
2025-07-13 11:18:36,121 - INFO - 🔍 正在加载场景配置...
2025-07-13 11:18:36,121 - INFO - 场景配置文件加载成功: /home/public/wangwei/webots_flask_server_http/configs/scene_configs.json
2025-07-13 11:18:36,121 - INFO - 正在扫描场景中的标签点...
2025-07-13 11:18:36,122 - INFO - 场景配置更新完成
2025-07-13 11:18:36,126 - INFO - Flask服务器启动
2025-07-13 11:18:40,563 - INFO - 启动前清理所有Webots进程...
2025-07-13 11:18:40,583 - INFO - 未找到运行中的Webots进程
2025-07-13 11:18:40,600 - INFO - 未找到运行中的Xvfb进程
2025-07-13 11:18:40,600 - INFO - 选择场景: 3 - Box Moving Scene V2 v1.0.0
2025-07-13 11:18:40,606 - INFO - Webots进程启动成功，PID: 58716, 场景: Box Moving Scene V2, 场景ID: 3, 版本: 1.0.0
2025-07-13 11:18:40,606 - INFO - 等待Supervisor更新世界状态...
2025-07-13 11:19:23,619 - INFO - Supervisor已更新世界状态，场景加载完成
2025-07-13 11:19:48,490 - INFO - 启动前清理所有Webots进程...
2025-07-13 11:19:48,513 - INFO - 找到 25 个 Webots 进程
2025-07-13 11:19:48,513 - INFO - 发送SIGTERM到Webots进程 58716
2025-07-13 11:19:48,614 - INFO - 发送SIGTERM到Webots进程 58719
2025-07-13 11:19:48,714 - INFO - 发送SIGTERM到Webots进程 59462
2025-07-13 11:19:49,832 - WARNING - 发现 1 个残留的Webots进程，强制杀死
2025-07-13 11:19:49,833 - WARNING - 强制杀死Webots进程 58716
2025-07-13 11:19:49,847 - INFO - 未找到运行中的Xvfb进程
2025-07-13 11:19:49,847 - INFO - 已清理当前场景信息
2025-07-13 11:19:49,848 - INFO - 选择场景: 3 - Box Moving Scene V2 v1.0.0
2025-07-13 11:19:49,854 - INFO - Webots进程启动成功，PID: 61795, 场景: Box Moving Scene V2, 场景ID: 3, 版本: 1.0.0
2025-07-13 11:19:49,854 - INFO - 等待Supervisor更新世界状态...
2025-07-13 11:20:32,367 - INFO - Supervisor已更新世界状态，场景加载完成
2025-07-13 11:34:56,454 - INFO - 启动前清理所有Webots进程...
2025-07-13 11:34:56,473 - INFO - 找到 25 个 Webots 进程
2025-07-13 11:34:56,473 - INFO - 发送SIGTERM到Webots进程 61795
2025-07-13 11:34:56,573 - INFO - 发送SIGTERM到Webots进程 61798
2025-07-13 11:34:56,674 - INFO - 发送SIGTERM到Webots进程 62553
2025-07-13 11:34:56,774 - INFO - 发送SIGTERM到Webots进程 62554
2025-07-13 11:34:56,874 - INFO - 发送SIGTERM到Webots进程 62555
2025-07-13 11:34:56,975 - INFO - 发送SIGTERM到Webots进程 62556
2025-07-13 11:34:57,075 - INFO - 发送SIGTERM到Webots进程 62557
2025-07-13 11:34:57,176 - INFO - 发送SIGTERM到Webots进程 62558
2025-07-13 11:34:57,276 - INFO - 发送SIGTERM到Webots进程 62559
2025-07-13 11:34:57,376 - INFO - 发送SIGTERM到Webots进程 62562
2025-07-13 11:34:57,477 - INFO - 发送SIGTERM到Webots进程 62566
2025-07-13 11:34:57,577 - INFO - 发送SIGTERM到Webots进程 62567
2025-07-13 11:34:57,677 - INFO - 发送SIGTERM到Webots进程 62568
2025-07-13 11:34:57,777 - INFO - 发送SIGTERM到Webots进程 62569
2025-07-13 11:34:57,878 - INFO - 发送SIGTERM到Webots进程 62570
2025-07-13 11:34:57,978 - INFO - 发送SIGTERM到Webots进程 62571
2025-07-13 11:34:58,078 - INFO - 发送SIGTERM到Webots进程 62572
2025-07-13 11:34:59,195 - WARNING - 发现 1 个残留的Webots进程，强制杀死
2025-07-13 11:34:59,196 - WARNING - 强制杀死Webots进程 61795
2025-07-13 11:34:59,214 - INFO - 未找到运行中的Xvfb进程
2025-07-13 11:34:59,215 - INFO - 已清理当前场景信息
2025-07-13 11:34:59,215 - INFO - 选择场景: 3 - Box Moving Scene V2 v1.0.0
2025-07-13 11:34:59,220 - INFO - Webots进程启动成功，PID: 100908, 场景: Box Moving Scene V2, 场景ID: 3, 版本: 1.0.0
2025-07-13 11:34:59,221 - INFO - 等待Supervisor更新世界状态...
2025-07-13 11:42:22,866 - INFO - Supervisor已更新世界状态，场景加载完成
2025-07-13 11:42:30,245 - INFO - 启动前清理所有Webots进程...
2025-07-13 11:42:30,265 - INFO - 找到 25 个 Webots 进程
2025-07-13 11:42:30,265 - INFO - 发送SIGTERM到Webots进程 100908
2025-07-13 11:42:30,365 - INFO - 发送SIGTERM到Webots进程 100911
2025-07-13 11:42:30,465 - INFO - 发送SIGTERM到Webots进程 119010
2025-07-13 11:42:31,588 - WARNING - 发现 1 个残留的Webots进程，强制杀死
2025-07-13 11:42:31,588 - WARNING - 强制杀死Webots进程 100908
2025-07-13 11:42:31,605 - INFO - 未找到运行中的Xvfb进程
2025-07-13 11:42:31,605 - INFO - 已清理当前场景信息
2025-07-13 11:42:31,605 - INFO - 选择场景: 3 - Box Moving Scene V2 v1.0.0
2025-07-13 11:42:31,613 - INFO - Webots进程启动成功，PID: 120497, 场景: Box Moving Scene V2, 场景ID: 3, 版本: 1.0.0
2025-07-13 11:42:31,613 - INFO - 等待Supervisor更新世界状态...
2025-07-13 11:43:15,124 - INFO - Supervisor已更新世界状态，场景加载完成
2025-07-13 11:44:17,293 - INFO - 启动前清理所有Webots进程...
2025-07-13 11:44:17,309 - INFO - 找到 25 个 Webots 进程
2025-07-13 11:44:17,309 - INFO - 发送SIGTERM到Webots进程 120497
2025-07-13 11:44:17,409 - INFO - 发送SIGTERM到Webots进程 120501
2025-07-13 11:44:17,509 - INFO - 发送SIGTERM到Webots进程 123088
2025-07-13 11:44:18,628 - WARNING - 发现 1 个残留的Webots进程，强制杀死
2025-07-13 11:44:18,628 - WARNING - 强制杀死Webots进程 120497
2025-07-13 11:44:18,643 - INFO - 未找到运行中的Xvfb进程
2025-07-13 11:44:18,643 - INFO - 已清理当前场景信息
2025-07-13 11:44:18,643 - INFO - 选择场景: 3 - Box Moving Scene V2 v1.0.0
2025-07-13 11:44:18,648 - INFO - Webots进程启动成功，PID: 125220, 场景: Box Moving Scene V2, 场景ID: 3, 版本: 1.0.0
2025-07-13 11:44:18,649 - INFO - 等待Supervisor更新世界状态...
2025-07-13 11:45:02,658 - INFO - Supervisor已更新世界状态，场景加载完成
2025-07-13 11:54:31,048 - INFO - 启动前清理所有Webots进程...
2025-07-13 11:54:31,066 - INFO - 找到 25 个 Webots 进程
2025-07-13 11:54:31,066 - INFO - 发送SIGTERM到Webots进程 125220
2025-07-13 11:54:31,167 - INFO - 发送SIGTERM到Webots进程 125228
2025-07-13 11:54:32,288 - WARNING - 发现 1 个残留的Webots进程，强制杀死
2025-07-13 11:54:32,288 - WARNING - 强制杀死Webots进程 125220
2025-07-13 11:54:32,302 - INFO - 未找到运行中的Xvfb进程
2025-07-13 11:54:32,302 - INFO - 已清理当前场景信息
2025-07-13 11:54:32,303 - INFO - 选择场景: 3 - Box Moving Scene V2 v1.0.0
2025-07-13 11:54:32,308 - INFO - Webots进程启动成功，PID: 151556, 场景: Box Moving Scene V2, 场景ID: 3, 版本: 1.0.0
2025-07-13 11:54:32,308 - INFO - 等待Supervisor更新世界状态...
2025-07-13 11:55:14,819 - INFO - Supervisor已更新世界状态，场景加载完成
2025-07-13 13:59:55,871 - INFO - 找到 25 个 Webots 进程
2025-07-13 13:59:55,871 - INFO - 发送SIGTERM到Webots进程 151556
2025-07-13 13:59:55,972 - INFO - 发送SIGTERM到Webots进程 151559
2025-07-13 13:59:56,072 - INFO - 发送SIGTERM到Webots进程 152309
2025-07-13 13:59:57,189 - WARNING - 发现 1 个残留的Webots进程，强制杀死
2025-07-13 13:59:57,189 - WARNING - 强制杀死Webots进程 151556
2025-07-13 13:59:57,204 - INFO - 未找到运行中的Xvfb进程
2025-07-13 13:59:57,204 - INFO - 已清理当前场景信息
2025-07-13 13:59:57,205 - INFO - 主 Flask 服务器活动日志已保存至 log/flask_server_activity_log.json
2025-07-13 13:59:57,340 - INFO - Supervisor 世界状态日志已保存至 log/supervisor_world_status_log.json
2025-07-13 13:59:57,340 - INFO - 整合Flask服务器停止
2025-07-13 13:59:57,340 - INFO - 服务器已安全停止
2025-07-13 13:59:58,524 - INFO - 🚀 Webots控制服务器启动中...
2025-07-13 13:59:58,525 - INFO - 🔍 正在加载场景配置...
2025-07-13 13:59:58,525 - INFO - 场景配置文件加载成功: /home/public/wangwei/webots_flask_server_http/configs/scene_configs.json
2025-07-13 13:59:58,525 - INFO - 正在扫描场景中的标签点...
2025-07-13 13:59:58,527 - INFO - 场景配置更新完成
2025-07-13 13:59:58,531 - INFO - Flask服务器启动
2025-07-13 14:01:48,316 - INFO - 未找到运行中的Webots进程
2025-07-13 14:01:48,332 - INFO - 未找到运行中的Xvfb进程
2025-07-13 14:01:48,333 - INFO - 主 Flask 服务器活动日志已保存至 log/flask_server_activity_log.json
2025-07-13 14:01:48,335 - INFO - Supervisor 世界状态日志已保存至 log/supervisor_world_status_log.json
2025-07-13 14:01:48,335 - INFO - 整合Flask服务器停止
2025-07-13 14:01:48,335 - INFO - 服务器已安全停止
2025-07-13 14:01:49,914 - INFO - 🚀 Webots控制服务器启动中...
2025-07-13 14:01:49,914 - INFO - 🔍 正在加载场景配置...
2025-07-13 14:01:49,915 - INFO - 场景配置文件加载成功: /home/public/wangwei/webots_flask_server_http/configs/scene_configs.json
2025-07-13 14:01:49,915 - INFO - 正在扫描场景中的标签点...
2025-07-13 14:01:49,916 - INFO - 场景配置更新完成
2025-07-13 14:01:49,916 - INFO - Flask服务器启动
2025-07-13 14:03:31,745 - INFO - 找到 25 个 Webots 进程
2025-07-13 14:03:31,745 - INFO - 发送SIGTERM到Webots进程 486435
2025-07-13 14:03:31,846 - INFO - 发送SIGTERM到Webots进程 486440
2025-07-13 14:03:31,946 - INFO - 发送SIGTERM到Webots进程 487567
2025-07-13 14:03:32,046 - INFO - 发送SIGTERM到Webots进程 487568
2025-07-13 14:03:32,147 - INFO - 发送SIGTERM到Webots进程 487569
2025-07-13 14:03:32,247 - INFO - 发送SIGTERM到Webots进程 487570
2025-07-13 14:03:32,347 - INFO - 发送SIGTERM到Webots进程 487571
2025-07-13 14:03:32,447 - INFO - 发送SIGTERM到Webots进程 487572
2025-07-13 14:03:32,548 - INFO - 发送SIGTERM到Webots进程 487573
2025-07-13 14:03:32,648 - INFO - 发送SIGTERM到Webots进程 487574
2025-07-13 14:03:33,765 - INFO - 所有Webots进程已成功终止
2025-07-13 14:03:33,780 - INFO - 未找到运行中的Xvfb进程
2025-07-13 14:03:33,780 - INFO - 已清理当前场景信息
2025-07-13 14:03:33,781 - INFO - 主 Flask 服务器活动日志已保存至 log/flask_server_activity_log.json
2025-07-13 14:03:33,782 - INFO - Supervisor 世界状态日志已保存至 log/supervisor_world_status_log.json
2025-07-13 14:03:33,782 - INFO - 整合Flask服务器停止
2025-07-13 14:03:33,782 - INFO - 服务器已安全停止
2025-07-13 14:03:36,671 - INFO - 🚀 Webots控制服务器启动中...
2025-07-13 14:03:36,671 - INFO - 🔍 正在加载场景配置...
2025-07-13 14:03:36,671 - INFO - 场景配置文件加载成功: /home/public/wangwei/webots_flask_server_http/configs/scene_configs.json
2025-07-13 14:03:36,671 - INFO - 正在扫描场景中的标签点...
2025-07-13 14:03:36,672 - INFO - 场景配置更新完成
2025-07-13 14:03:36,672 - INFO - Flask服务器启动
2025-07-13 14:04:57,102 - INFO - 未找到运行中的Webots进程
2025-07-13 14:04:57,116 - INFO - 未找到运行中的Xvfb进程
2025-07-13 14:04:57,117 - INFO - 主 Flask 服务器活动日志已保存至 log/flask_server_activity_log.json
2025-07-13 14:04:57,156 - INFO - Supervisor 世界状态日志已保存至 log/supervisor_world_status_log.json
2025-07-13 14:04:57,156 - INFO - 整合Flask服务器停止
2025-07-13 14:04:57,156 - INFO - 服务器已安全停止
2025-07-13 14:04:58,464 - INFO - 🚀 Webots控制服务器启动中...
2025-07-13 14:04:58,465 - INFO - 🔍 正在加载场景配置...
2025-07-13 14:04:58,465 - INFO - 场景配置文件加载成功: /home/public/wangwei/webots_flask_server_http/configs/scene_configs.json
2025-07-13 14:04:58,465 - INFO - 正在扫描场景中的标签点...
2025-07-13 14:04:58,467 - INFO - 场景配置更新完成
2025-07-13 14:04:58,470 - INFO - Flask服务器启动
2025-07-13 14:05:13,962 - INFO - 未找到运行中的Webots进程
2025-07-13 14:05:13,978 - INFO - 未找到运行中的Xvfb进程
2025-07-13 14:05:13,978 - INFO - 主 Flask 服务器活动日志已保存至 log/flask_server_activity_log.json
2025-07-13 14:05:13,979 - INFO - Supervisor 世界状态日志已保存至 log/supervisor_world_status_log.json
2025-07-13 14:05:13,979 - INFO - 整合Flask服务器停止
2025-07-13 14:05:13,979 - INFO - 服务器已安全停止
2025-07-13 14:05:40,820 - INFO - 🚀 Webots控制服务器启动中...
2025-07-13 14:05:40,821 - INFO - 🔍 正在加载场景配置...
2025-07-13 14:05:40,821 - INFO - 场景配置文件加载成功: /home/public/wangwei/webots_flask_server_http/configs/scene_configs.json
2025-07-13 14:05:40,821 - INFO - 正在扫描场景中的标签点...
2025-07-13 14:05:40,822 - INFO - 场景配置更新完成
2025-07-13 14:05:40,826 - INFO - Flask服务器启动
2025-07-13 14:09:16,251 - INFO - 找到 25 个 Webots 进程
2025-07-13 14:09:16,251 - INFO - 发送SIGTERM到Webots进程 500537
2025-07-13 14:09:16,351 - INFO - 发送SIGTERM到Webots进程 500542
2025-07-13 14:09:17,466 - INFO - 所有Webots进程已成功终止
2025-07-13 14:09:17,481 - INFO - 未找到运行中的Xvfb进程
2025-07-13 14:09:17,481 - INFO - 已清理当前场景信息
2025-07-13 14:09:17,482 - INFO - 主 Flask 服务器活动日志已保存至 log/flask_server_activity_log.json
2025-07-13 14:09:17,485 - INFO - Supervisor 世界状态日志已保存至 log/supervisor_world_status_log.json
2025-07-13 14:09:17,485 - INFO - 整合Flask服务器停止
2025-07-13 14:09:17,485 - INFO - 服务器已安全停止
2025-07-13 14:09:18,771 - INFO - 🚀 Webots控制服务器启动中...
2025-07-13 14:09:18,771 - INFO - 🔍 正在加载场景配置...
2025-07-13 14:09:18,772 - INFO - 场景配置文件加载成功: /home/public/wangwei/webots_flask_server_http/configs/scene_configs.json
2025-07-13 14:09:18,772 - INFO - 正在扫描场景中的标签点...
2025-07-13 14:09:18,773 - INFO - 场景配置更新完成
2025-07-13 14:09:18,777 - INFO - Flask服务器启动
2025-07-13 14:10:13,890 - INFO - 启动前清理所有Webots进程...
2025-07-13 14:10:13,906 - INFO - 未找到运行中的Webots进程
2025-07-13 14:10:13,921 - INFO - 未找到运行中的Xvfb进程
2025-07-13 14:10:13,921 - INFO - 选择场景: 3 - Box Moving Scene V2 v1.0.0
2025-07-13 14:10:13,929 - INFO - Webots进程启动成功，PID: 519137, 场景: Box Moving Scene V2, 场景ID: 3, 版本: 1.0.0
2025-07-13 14:10:13,929 - INFO - 等待Supervisor更新世界状态...
2025-07-13 14:10:34,751 - INFO - 找到 1 个 Webots 进程
2025-07-13 14:10:34,751 - INFO - 发送SIGTERM到Webots进程 519137
2025-07-13 14:10:35,867 - WARNING - 发现 1 个残留的Webots进程，强制杀死
2025-07-13 14:10:35,867 - WARNING - 强制杀死Webots进程 519137
2025-07-13 14:10:35,883 - INFO - 未找到运行中的Xvfb进程
2025-07-13 14:10:35,883 - INFO - 已清理当前场景信息
2025-07-13 14:10:35,884 - INFO - 主 Flask 服务器活动日志已保存至 log/flask_server_activity_log.json
2025-07-13 14:10:35,884 - INFO - Supervisor 世界状态日志已保存至 log/supervisor_world_status_log.json
2025-07-13 14:10:35,884 - INFO - 整合Flask服务器停止
2025-07-13 14:10:35,885 - INFO - 服务器已安全停止
2025-07-13 14:19:35,518 - INFO - 🚀 Webots控制服务器启动中...
2025-07-13 14:19:35,518 - INFO - 🔍 正在加载场景配置...
2025-07-13 14:19:35,519 - INFO - 场景配置文件加载成功: /home/public/wangwei/webots_flask_server_http/configs/scene_configs.json
2025-07-13 14:19:35,519 - INFO - 正在扫描场景中的标签点...
2025-07-13 14:19:35,521 - INFO - 场景配置更新完成
2025-07-13 14:19:35,524 - INFO - Flask服务器启动
2025-07-13 14:20:24,658 - INFO - 启动前清理所有Webots进程...
2025-07-13 14:20:24,675 - INFO - 未找到运行中的Webots进程
2025-07-13 14:20:24,690 - INFO - 未找到运行中的Xvfb进程
2025-07-13 14:20:24,690 - INFO - 选择场景: 3 - Box Moving Scene V2 v1.0.0
2025-07-13 14:20:24,697 - INFO - Webots进程启动成功，PID: 559792, 场景: Box Moving Scene V2, 场景ID: 3, 版本: 1.0.0
2025-07-13 14:20:24,697 - INFO - 等待Supervisor更新世界状态...
2025-07-13 14:21:06,706 - INFO - Supervisor已更新世界状态，场景加载完成
