2025-07-13 00:43:55,092 - INFO - ğŸš€ Webotsæ§åˆ¶æœåŠ¡å™¨å¯åŠ¨ä¸­...
2025-07-13 00:43:55,093 - INFO - ğŸ” æ­£åœ¨åŠ è½½åœºæ™¯é…ç½®...
2025-07-13 00:43:55,093 - INFO - åœºæ™¯é…ç½®æ–‡ä»¶åŠ è½½æˆåŠŸ: configs/scene_configs.json
2025-07-13 00:43:55,093 - INFO - æ­£åœ¨æ‰«æåœºæ™¯ä¸­çš„æ ‡ç­¾ç‚¹...
2025-07-13 00:43:55,094 - INFO - åœºæ™¯é…ç½®æ›´æ–°å®Œæˆ
2025-07-13 00:43:55,095 - INFO - FlaskæœåŠ¡å™¨å¯åŠ¨
2025-07-13 00:44:31,908 - INFO - å¯åŠ¨å‰æ¸…ç†æ‰€æœ‰Webotsè¿›ç¨‹...
2025-07-13 00:44:31,924 - INFO - æ‰¾åˆ° 23 ä¸ª Webots è¿›ç¨‹
2025-07-13 00:44:31,924 - INFO - å‘é€SIGTERMåˆ°Webotsè¿›ç¨‹ 3959
2025-07-13 00:44:32,025 - INFO - å‘é€SIGTERMåˆ°Webotsè¿›ç¨‹ 3964
2025-07-13 00:44:33,140 - INFO - æ‰€æœ‰Webotsè¿›ç¨‹å·²æˆåŠŸç»ˆæ­¢
2025-07-13 00:44:33,154 - INFO - æœªæ‰¾åˆ°è¿è¡Œä¸­çš„Xvfbè¿›ç¨‹
2025-07-13 00:44:33,154 - INFO - å·²æ¸…ç†å½“å‰åœºæ™¯ä¿¡æ¯
2025-07-13 00:44:33,154 - INFO - é€‰æ‹©åœºæ™¯: 3 - Box Moving Scene V2 v1.0.0
2025-07-13 00:44:33,184 - INFO - Webotsè¿›ç¨‹å¯åŠ¨æˆåŠŸï¼ŒPID: 4964, åœºæ™¯: Box Moving Scene V2, åœºæ™¯ID: 3, ç‰ˆæœ¬: 1.0.0
2025-07-13 00:44:33,184 - INFO - ç­‰å¾…Supervisoræ›´æ–°ä¸–ç•ŒçŠ¶æ€...
2025-07-13 00:45:16,229 - INFO - Supervisorå·²æ›´æ–°ä¸–ç•ŒçŠ¶æ€ï¼Œåœºæ™¯åŠ è½½å®Œæˆ
2025-07-13 00:46:28,203 - INFO - æ‰¾åˆ° 24 ä¸ª Webots è¿›ç¨‹
2025-07-13 00:46:28,203 - INFO - å‘é€SIGTERMåˆ°Webotsè¿›ç¨‹ 4964
2025-07-13 00:46:28,304 - INFO - å‘é€SIGTERMåˆ°Webotsè¿›ç¨‹ 4976
2025-07-13 00:46:28,404 - INFO - å‘é€SIGTERMåˆ°Webotsè¿›ç¨‹ 4979
2025-07-13 00:46:29,539 - INFO - æ‰€æœ‰Webotsè¿›ç¨‹å·²æˆåŠŸç»ˆæ­¢
2025-07-13 00:46:29,554 - INFO - æ‰¾åˆ° 2 ä¸ª Xvfb è¿›ç¨‹
2025-07-13 00:46:29,554 - INFO - å‘é€SIGTERMåˆ°Xvfbè¿›ç¨‹ 4964
2025-07-13 00:46:29,655 - INFO - å‘é€SIGTERMåˆ°Xvfbè¿›ç¨‹ 4973
2025-07-13 00:46:30,774 - WARNING - å‘ç° 1 ä¸ªæ®‹ç•™çš„Xvfbè¿›ç¨‹ï¼Œå¼ºåˆ¶æ€æ­»
2025-07-13 00:46:30,774 - WARNING - å¼ºåˆ¶æ€æ­»Xvfbè¿›ç¨‹ 4964
2025-07-13 00:46:30,775 - INFO - å·²æ¸…ç†å½“å‰åœºæ™¯ä¿¡æ¯
2025-07-13 00:46:30,775 - INFO - ä¸» Flask æœåŠ¡å™¨æ´»åŠ¨æ—¥å¿—å·²ä¿å­˜è‡³ log/flask_server_activity_log.json
2025-07-13 00:46:30,777 - INFO - Supervisor ä¸–ç•ŒçŠ¶æ€æ—¥å¿—å·²ä¿å­˜è‡³ log/supervisor_world_status_log.json
2025-07-13 00:46:30,777 - INFO - æ•´åˆFlaskæœåŠ¡å™¨åœæ­¢
2025-07-13 00:46:30,777 - INFO - æœåŠ¡å™¨å·²å®‰å…¨åœæ­¢
2025-07-13 00:46:31,817 - INFO - ğŸš€ Webotsæ§åˆ¶æœåŠ¡å™¨å¯åŠ¨ä¸­...
2025-07-13 00:46:31,819 - INFO - ğŸ” æ­£åœ¨åŠ è½½åœºæ™¯é…ç½®...
2025-07-13 00:46:31,820 - INFO - åœºæ™¯é…ç½®æ–‡ä»¶åŠ è½½æˆåŠŸ: configs/scene_configs.json
2025-07-13 00:46:31,820 - INFO - æ­£åœ¨æ‰«æåœºæ™¯ä¸­çš„æ ‡ç­¾ç‚¹...
2025-07-13 00:46:31,829 - INFO - åœºæ™¯é…ç½®æ›´æ–°å®Œæˆ
2025-07-13 00:46:31,829 - INFO - FlaskæœåŠ¡å™¨å¯åŠ¨
2025-07-13 00:46:38,324 - INFO - å¯åŠ¨å‰æ¸…ç†æ‰€æœ‰Webotsè¿›ç¨‹...
2025-07-13 00:46:38,339 - INFO - æœªæ‰¾åˆ°è¿è¡Œä¸­çš„Webotsè¿›ç¨‹
2025-07-13 00:46:38,354 - INFO - æœªæ‰¾åˆ°è¿è¡Œä¸­çš„Xvfbè¿›ç¨‹
2025-07-13 00:46:38,354 - INFO - é€‰æ‹©åœºæ™¯: 3 - Box Moving Scene V2 v1.0.0
2025-07-13 00:46:38,357 - INFO - Webotsè¿›ç¨‹å¯åŠ¨æˆåŠŸï¼ŒPID: 5725, åœºæ™¯: Box Moving Scene V2, åœºæ™¯ID: 3, ç‰ˆæœ¬: 1.0.0
2025-07-13 00:46:38,358 - INFO - ç­‰å¾…Supervisoræ›´æ–°ä¸–ç•ŒçŠ¶æ€...
2025-07-13 00:47:20,400 - INFO - Supervisorå·²æ›´æ–°ä¸–ç•ŒçŠ¶æ€ï¼Œåœºæ™¯åŠ è½½å®Œæˆ
2025-07-13 00:50:00,441 - INFO - æ‰¾åˆ° 47 ä¸ª Webots è¿›ç¨‹
2025-07-13 00:50:00,441 - INFO - å‘é€SIGTERMåˆ°Webotsè¿›ç¨‹ 5725
2025-07-13 00:50:00,542 - INFO - å‘é€SIGTERMåˆ°Webotsè¿›ç¨‹ 5737
2025-07-13 00:50:00,642 - INFO - å‘é€SIGTERMåˆ°Webotsè¿›ç¨‹ 5740
2025-07-13 00:50:00,742 - INFO - å‘é€SIGTERMåˆ°Webotsè¿›ç¨‹ 5826
2025-07-13 00:50:00,843 - INFO - å‘é€SIGTERMåˆ°Webotsè¿›ç¨‹ 5827
2025-07-13 00:50:00,943 - INFO - å‘é€SIGTERMåˆ°Webotsè¿›ç¨‹ 5828
2025-07-13 00:50:01,043 - INFO - å‘é€SIGTERMåˆ°Webotsè¿›ç¨‹ 5829
2025-07-13 00:50:01,144 - INFO - å‘é€SIGTERMåˆ°Webotsè¿›ç¨‹ 5830
2025-07-13 00:50:01,244 - INFO - å‘é€SIGTERMåˆ°Webotsè¿›ç¨‹ 5831
2025-07-13 00:50:01,345 - INFO - å‘é€SIGTERMåˆ°Webotsè¿›ç¨‹ 5832
2025-07-13 00:50:01,445 - INFO - å‘é€SIGTERMåˆ°Webotsè¿›ç¨‹ 5833
2025-07-13 00:50:01,545 - INFO - å‘é€SIGTERMåˆ°Webotsè¿›ç¨‹ 5834
2025-07-13 00:50:01,646 - INFO - å‘é€SIGTERMåˆ°Webotsè¿›ç¨‹ 5835
2025-07-13 00:50:01,746 - INFO - å‘é€SIGTERMåˆ°Webotsè¿›ç¨‹ 5836
2025-07-13 00:50:01,846 - INFO - å‘é€SIGTERMåˆ°Webotsè¿›ç¨‹ 5837
2025-07-13 00:50:01,947 - INFO - å‘é€SIGTERMåˆ°Webotsè¿›ç¨‹ 5838
2025-07-13 00:50:02,047 - INFO - å‘é€SIGTERMåˆ°Webotsè¿›ç¨‹ 5839
2025-07-13 00:50:02,147 - INFO - å‘é€SIGTERMåˆ°Webotsè¿›ç¨‹ 5840
2025-07-13 00:50:02,248 - INFO - å‘é€SIGTERMåˆ°Webotsè¿›ç¨‹ 5841
2025-07-13 00:50:02,348 - INFO - å‘é€SIGTERMåˆ°Webotsè¿›ç¨‹ 5842
2025-07-13 00:50:02,448 - INFO - å‘é€SIGTERMåˆ°Webotsè¿›ç¨‹ 5843
2025-07-13 00:50:02,549 - INFO - å‘é€SIGTERMåˆ°Webotsè¿›ç¨‹ 5844
2025-07-13 00:50:02,649 - INFO - å‘é€SIGTERMåˆ°Webotsè¿›ç¨‹ 5845
2025-07-13 00:50:02,750 - INFO - å‘é€SIGTERMåˆ°Webotsè¿›ç¨‹ 5846
2025-07-13 00:50:02,850 - INFO - å‘é€SIGTERMåˆ°Webotsè¿›ç¨‹ 6120
2025-07-13 00:50:02,950 - INFO - å‘é€SIGTERMåˆ°Webotsè¿›ç¨‹ 6125
2025-07-13 00:50:04,066 - WARNING - å‘ç° 2 ä¸ªæ®‹ç•™çš„Webotsè¿›ç¨‹ï¼Œå¼ºåˆ¶æ€æ­»
2025-07-13 00:50:04,066 - WARNING - å¼ºåˆ¶æ€æ­»Webotsè¿›ç¨‹ 5737
2025-07-13 00:50:04,067 - WARNING - å¼ºåˆ¶æ€æ­»Webotsè¿›ç¨‹ 5740
2025-07-13 00:50:04,081 - INFO - æ‰¾åˆ° 2 ä¸ª Xvfb è¿›ç¨‹
2025-07-13 00:50:04,082 - INFO - å‘é€SIGTERMåˆ°Xvfbè¿›ç¨‹ 5725
2025-07-13 00:50:04,182 - INFO - å‘é€SIGTERMåˆ°Xvfbè¿›ç¨‹ 5734
2025-07-13 00:50:05,301 - WARNING - å‘ç° 1 ä¸ªæ®‹ç•™çš„Xvfbè¿›ç¨‹ï¼Œå¼ºåˆ¶æ€æ­»
2025-07-13 00:50:05,301 - WARNING - å¼ºåˆ¶æ€æ­»Xvfbè¿›ç¨‹ 5725
2025-07-13 00:50:05,302 - INFO - å·²æ¸…ç†å½“å‰åœºæ™¯ä¿¡æ¯
2025-07-13 00:50:05,302 - INFO - ä¸» Flask æœåŠ¡å™¨æ´»åŠ¨æ—¥å¿—å·²ä¿å­˜è‡³ log/flask_server_activity_log.json
2025-07-13 00:50:05,310 - INFO - Supervisor ä¸–ç•ŒçŠ¶æ€æ—¥å¿—å·²ä¿å­˜è‡³ log/supervisor_world_status_log.json
2025-07-13 00:50:05,310 - INFO - æ•´åˆFlaskæœåŠ¡å™¨åœæ­¢
2025-07-13 00:50:05,310 - INFO - æœåŠ¡å™¨å·²å®‰å…¨åœæ­¢
2025-07-13 00:50:07,288 - INFO - ğŸš€ Webotsæ§åˆ¶æœåŠ¡å™¨å¯åŠ¨ä¸­...
2025-07-13 00:50:07,291 - INFO - ğŸ” æ­£åœ¨åŠ è½½åœºæ™¯é…ç½®...
2025-07-13 00:50:07,292 - INFO - åœºæ™¯é…ç½®æ–‡ä»¶åŠ è½½æˆåŠŸ: configs/scene_configs.json
2025-07-13 00:50:07,292 - INFO - æ­£åœ¨æ‰«æåœºæ™¯ä¸­çš„æ ‡ç­¾ç‚¹...
2025-07-13 00:50:07,301 - INFO - åœºæ™¯é…ç½®æ›´æ–°å®Œæˆ
2025-07-13 00:50:07,302 - INFO - FlaskæœåŠ¡å™¨å¯åŠ¨
2025-07-13 00:56:16,350 - INFO - æ‰¾åˆ° 23 ä¸ª Webots è¿›ç¨‹
2025-07-13 00:56:16,350 - INFO - å‘é€SIGTERMåˆ°Webotsè¿›ç¨‹ 7591
2025-07-13 00:56:16,451 - INFO - å‘é€SIGTERMåˆ°Webotsè¿›ç¨‹ 7596
2025-07-13 00:56:17,583 - INFO - æ‰€æœ‰Webotsè¿›ç¨‹å·²æˆåŠŸç»ˆæ­¢
2025-07-13 00:56:17,602 - INFO - æœªæ‰¾åˆ°è¿è¡Œä¸­çš„Xvfbè¿›ç¨‹
2025-07-13 00:56:17,602 - INFO - å·²æ¸…ç†å½“å‰åœºæ™¯ä¿¡æ¯
2025-07-13 00:56:17,603 - INFO - ä¸» Flask æœåŠ¡å™¨æ´»åŠ¨æ—¥å¿—å·²ä¿å­˜è‡³ log/flask_server_activity_log.json
2025-07-13 00:56:17,607 - INFO - Supervisor ä¸–ç•ŒçŠ¶æ€æ—¥å¿—å·²ä¿å­˜è‡³ log/supervisor_world_status_log.json
2025-07-13 00:56:17,607 - INFO - æ•´åˆFlaskæœåŠ¡å™¨åœæ­¢
2025-07-13 00:56:17,607 - INFO - æœåŠ¡å™¨å·²å®‰å…¨åœæ­¢
2025-07-13 00:56:18,588 - INFO - ğŸš€ Webotsæ§åˆ¶æœåŠ¡å™¨å¯åŠ¨ä¸­...
2025-07-13 00:56:18,589 - INFO - ğŸ” æ­£åœ¨åŠ è½½åœºæ™¯é…ç½®...
2025-07-13 00:56:18,589 - INFO - åœºæ™¯é…ç½®æ–‡ä»¶åŠ è½½æˆåŠŸ: configs/scene_configs.json
2025-07-13 00:56:18,589 - INFO - æ­£åœ¨æ‰«æåœºæ™¯ä¸­çš„æ ‡ç­¾ç‚¹...
2025-07-13 00:56:18,592 - INFO - åœºæ™¯é…ç½®æ›´æ–°å®Œæˆ
2025-07-13 00:56:18,592 - INFO - FlaskæœåŠ¡å™¨å¯åŠ¨
2025-07-13 00:57:02,293 - INFO - æ‰¾åˆ° 2 ä¸ª Webots è¿›ç¨‹
2025-07-13 00:57:02,293 - INFO - å‘é€SIGTERMåˆ°Webotsè¿›ç¨‹ 10087
2025-07-13 00:57:02,393 - INFO - å‘é€SIGTERMåˆ°Webotsè¿›ç¨‹ 10092
2025-07-13 00:57:03,531 - INFO - æ‰€æœ‰Webotsè¿›ç¨‹å·²æˆåŠŸç»ˆæ­¢
2025-07-13 00:57:03,547 - INFO - æœªæ‰¾åˆ°è¿è¡Œä¸­çš„Xvfbè¿›ç¨‹
2025-07-13 00:57:03,547 - INFO - å·²æ¸…ç†å½“å‰åœºæ™¯ä¿¡æ¯
2025-07-13 00:57:03,548 - INFO - ä¸» Flask æœåŠ¡å™¨æ´»åŠ¨æ—¥å¿—å·²ä¿å­˜è‡³ log/flask_server_activity_log.json
2025-07-13 00:57:03,548 - INFO - Supervisor ä¸–ç•ŒçŠ¶æ€æ—¥å¿—å·²ä¿å­˜è‡³ log/supervisor_world_status_log.json
2025-07-13 00:57:03,548 - INFO - æ•´åˆFlaskæœåŠ¡å™¨åœæ­¢
2025-07-13 00:57:03,548 - INFO - æœåŠ¡å™¨å·²å®‰å…¨åœæ­¢
2025-07-13 00:57:04,564 - INFO - ğŸš€ Webotsæ§åˆ¶æœåŠ¡å™¨å¯åŠ¨ä¸­...
2025-07-13 00:57:04,565 - INFO - ğŸ” æ­£åœ¨åŠ è½½åœºæ™¯é…ç½®...
2025-07-13 00:57:04,565 - INFO - åœºæ™¯é…ç½®æ–‡ä»¶åŠ è½½æˆåŠŸ: configs/scene_configs.json
2025-07-13 00:57:04,566 - INFO - æ­£åœ¨æ‰«æåœºæ™¯ä¸­çš„æ ‡ç­¾ç‚¹...
2025-07-13 00:57:04,569 - INFO - åœºæ™¯é…ç½®æ›´æ–°å®Œæˆ
2025-07-13 00:57:04,569 - INFO - FlaskæœåŠ¡å™¨å¯åŠ¨
2025-07-13 00:58:49,182 - INFO - æœªæ‰¾åˆ°è¿è¡Œä¸­çš„Webotsè¿›ç¨‹
2025-07-13 00:58:49,197 - INFO - æœªæ‰¾åˆ°è¿è¡Œä¸­çš„Xvfbè¿›ç¨‹
2025-07-13 00:58:49,197 - INFO - ä¸» Flask æœåŠ¡å™¨æ´»åŠ¨æ—¥å¿—å·²ä¿å­˜è‡³ log/flask_server_activity_log.json
2025-07-13 00:58:49,197 - INFO - Supervisor ä¸–ç•ŒçŠ¶æ€æ—¥å¿—å·²ä¿å­˜è‡³ log/supervisor_world_status_log.json
2025-07-13 00:58:49,198 - INFO - æ•´åˆFlaskæœåŠ¡å™¨åœæ­¢
2025-07-13 00:58:49,198 - INFO - æœåŠ¡å™¨å·²å®‰å…¨åœæ­¢
2025-07-13 00:58:50,668 - INFO - ğŸš€ Webotsæ§åˆ¶æœåŠ¡å™¨å¯åŠ¨ä¸­...
2025-07-13 00:58:50,668 - INFO - ğŸ” æ­£åœ¨åŠ è½½åœºæ™¯é…ç½®...
2025-07-13 00:58:50,669 - INFO - åœºæ™¯é…ç½®æ–‡ä»¶åŠ è½½æˆåŠŸ: configs/scene_configs.json
2025-07-13 00:58:50,669 - INFO - æ­£åœ¨æ‰«æåœºæ™¯ä¸­çš„æ ‡ç­¾ç‚¹...
2025-07-13 00:58:50,670 - INFO - åœºæ™¯é…ç½®æ›´æ–°å®Œæˆ
2025-07-13 00:58:50,670 - INFO - FlaskæœåŠ¡å™¨å¯åŠ¨
2025-07-13 00:59:55,731 - INFO - æ‰¾åˆ° 23 ä¸ª Webots è¿›ç¨‹
2025-07-13 00:59:55,732 - INFO - å‘é€SIGTERMåˆ°Webotsè¿›ç¨‹ 10471
2025-07-13 00:59:55,832 - INFO - å‘é€SIGTERMåˆ°Webotsè¿›ç¨‹ 10476
2025-07-13 00:59:56,969 - INFO - æ‰€æœ‰Webotsè¿›ç¨‹å·²æˆåŠŸç»ˆæ­¢
2025-07-13 00:59:56,984 - INFO - æœªæ‰¾åˆ°è¿è¡Œä¸­çš„Xvfbè¿›ç¨‹
2025-07-13 00:59:56,984 - INFO - å·²æ¸…ç†å½“å‰åœºæ™¯ä¿¡æ¯
2025-07-13 00:59:56,986 - INFO - ä¸» Flask æœåŠ¡å™¨æ´»åŠ¨æ—¥å¿—å·²ä¿å­˜è‡³ log/flask_server_activity_log.json
2025-07-13 00:59:56,989 - INFO - Supervisor ä¸–ç•ŒçŠ¶æ€æ—¥å¿—å·²ä¿å­˜è‡³ log/supervisor_world_status_log.json
2025-07-13 00:59:56,989 - INFO - æ•´åˆFlaskæœåŠ¡å™¨åœæ­¢
2025-07-13 00:59:56,989 - INFO - æœåŠ¡å™¨å·²å®‰å…¨åœæ­¢
2025-07-13 09:08:42,077 - INFO - ğŸš€ Webotsæ§åˆ¶æœåŠ¡å™¨å¯åŠ¨ä¸­...
2025-07-13 09:08:42,077 - INFO - ğŸ” æ­£åœ¨åŠ è½½åœºæ™¯é…ç½®...
2025-07-13 09:08:42,077 - INFO - åœºæ™¯é…ç½®æ–‡ä»¶åŠ è½½æˆåŠŸ: /home/public/wangwei/webots_flask_server_http/configs/scene_configs.json
2025-07-13 09:08:42,077 - INFO - æ­£åœ¨æ‰«æåœºæ™¯ä¸­çš„æ ‡ç­¾ç‚¹...
2025-07-13 09:08:42,079 - INFO - åœºæ™¯é…ç½®æ›´æ–°å®Œæˆ
2025-07-13 09:08:42,082 - INFO - FlaskæœåŠ¡å™¨å¯åŠ¨
2025-07-13 09:28:51,359 - INFO - å¯åŠ¨å‰æ¸…ç†æ‰€æœ‰Webotsè¿›ç¨‹...
2025-07-13 09:28:51,375 - INFO - æœªæ‰¾åˆ°è¿è¡Œä¸­çš„Webotsè¿›ç¨‹
2025-07-13 09:28:51,390 - INFO - æœªæ‰¾åˆ°è¿è¡Œä¸­çš„Xvfbè¿›ç¨‹
2025-07-13 09:28:51,390 - INFO - é€‰æ‹©åœºæ™¯: 3 - Box Moving Scene V2 v1.0.0
2025-07-13 09:28:51,396 - INFO - Webotsè¿›ç¨‹å¯åŠ¨æˆåŠŸï¼ŒPID: 3957866, åœºæ™¯: Box Moving Scene V2, åœºæ™¯ID: 3, ç‰ˆæœ¬: 1.0.0
2025-07-13 09:28:51,396 - INFO - ç­‰å¾…Supervisoræ›´æ–°ä¸–ç•ŒçŠ¶æ€...
2025-07-13 09:29:15,902 - INFO - Supervisorå·²æ›´æ–°ä¸–ç•ŒçŠ¶æ€ï¼Œåœºæ™¯åŠ è½½å®Œæˆ
2025-07-13 09:29:54,084 - INFO - å¯åŠ¨å‰æ¸…ç†æ‰€æœ‰Webotsè¿›ç¨‹...
2025-07-13 09:29:54,100 - INFO - æ‰¾åˆ° 25 ä¸ª Webots è¿›ç¨‹
2025-07-13 09:29:54,100 - INFO - å‘é€SIGTERMåˆ°Webotsè¿›ç¨‹ 3957866
2025-07-13 09:29:54,201 - INFO - å‘é€SIGTERMåˆ°Webotsè¿›ç¨‹ 3957869
2025-07-13 09:29:55,316 - WARNING - å‘ç° 1 ä¸ªæ®‹ç•™çš„Webotsè¿›ç¨‹ï¼Œå¼ºåˆ¶æ€æ­»
2025-07-13 09:29:55,316 - WARNING - å¼ºåˆ¶æ€æ­»Webotsè¿›ç¨‹ 3957866
2025-07-13 09:29:55,331 - INFO - æœªæ‰¾åˆ°è¿è¡Œä¸­çš„Xvfbè¿›ç¨‹
2025-07-13 09:29:55,331 - INFO - å·²æ¸…ç†å½“å‰åœºæ™¯ä¿¡æ¯
2025-07-13 09:29:55,331 - INFO - é€‰æ‹©åœºæ™¯: 3 - Box Moving Scene V2 v1.0.0
2025-07-13 09:29:55,336 - INFO - Webotsè¿›ç¨‹å¯åŠ¨æˆåŠŸï¼ŒPID: 3958365, åœºæ™¯: Box Moving Scene V2, åœºæ™¯ID: 3, ç‰ˆæœ¬: 1.0.0
2025-07-13 09:29:55,336 - INFO - ç­‰å¾…Supervisoræ›´æ–°ä¸–ç•ŒçŠ¶æ€...
2025-07-13 09:30:20,343 - INFO - Supervisorå·²æ›´æ–°ä¸–ç•ŒçŠ¶æ€ï¼Œåœºæ™¯åŠ è½½å®Œæˆ
2025-07-13 09:30:35,279 - INFO - å¯åŠ¨å‰æ¸…ç†æ‰€æœ‰Webotsè¿›ç¨‹...
2025-07-13 09:30:35,295 - INFO - æ‰¾åˆ° 25 ä¸ª Webots è¿›ç¨‹
2025-07-13 09:30:35,295 - INFO - å‘é€SIGTERMåˆ°Webotsè¿›ç¨‹ 3958365
2025-07-13 09:30:35,396 - INFO - å‘é€SIGTERMåˆ°Webotsè¿›ç¨‹ 3958368
2025-07-13 09:30:36,512 - WARNING - å‘ç° 1 ä¸ªæ®‹ç•™çš„Webotsè¿›ç¨‹ï¼Œå¼ºåˆ¶æ€æ­»
2025-07-13 09:30:36,512 - WARNING - å¼ºåˆ¶æ€æ­»Webotsè¿›ç¨‹ 3958365
2025-07-13 09:30:36,527 - INFO - æœªæ‰¾åˆ°è¿è¡Œä¸­çš„Xvfbè¿›ç¨‹
2025-07-13 09:30:36,527 - INFO - å·²æ¸…ç†å½“å‰åœºæ™¯ä¿¡æ¯
2025-07-13 09:30:36,527 - INFO - é€‰æ‹©åœºæ™¯: 3 - Box Moving Scene V2 v1.0.0
2025-07-13 09:30:36,532 - INFO - Webotsè¿›ç¨‹å¯åŠ¨æˆåŠŸï¼ŒPID: 3958674, åœºæ™¯: Box Moving Scene V2, åœºæ™¯ID: 3, ç‰ˆæœ¬: 1.0.0
2025-07-13 09:30:36,532 - INFO - ç­‰å¾…Supervisoræ›´æ–°ä¸–ç•ŒçŠ¶æ€...
2025-07-13 09:31:01,038 - INFO - Supervisorå·²æ›´æ–°ä¸–ç•ŒçŠ¶æ€ï¼Œåœºæ™¯åŠ è½½å®Œæˆ
2025-07-13 09:31:42,467 - INFO - å¯åŠ¨å‰æ¸…ç†æ‰€æœ‰Webotsè¿›ç¨‹...
2025-07-13 09:31:42,483 - INFO - æ‰¾åˆ° 25 ä¸ª Webots è¿›ç¨‹
2025-07-13 09:31:42,483 - INFO - å‘é€SIGTERMåˆ°Webotsè¿›ç¨‹ 3958674
2025-07-13 09:31:42,583 - INFO - å‘é€SIGTERMåˆ°Webotsè¿›ç¨‹ 3958677
2025-07-13 09:31:43,699 - WARNING - å‘ç° 1 ä¸ªæ®‹ç•™çš„Webotsè¿›ç¨‹ï¼Œå¼ºåˆ¶æ€æ­»
2025-07-13 09:31:43,699 - WARNING - å¼ºåˆ¶æ€æ­»Webotsè¿›ç¨‹ 3958674
2025-07-13 09:31:43,714 - INFO - æœªæ‰¾åˆ°è¿è¡Œä¸­çš„Xvfbè¿›ç¨‹
2025-07-13 09:31:43,714 - INFO - å·²æ¸…ç†å½“å‰åœºæ™¯ä¿¡æ¯
2025-07-13 09:31:43,714 - INFO - é€‰æ‹©åœºæ™¯: 3 - Box Moving Scene V2 v1.0.0
2025-07-13 09:31:43,719 - INFO - Webotsè¿›ç¨‹å¯åŠ¨æˆåŠŸï¼ŒPID: 3959202, åœºæ™¯: Box Moving Scene V2, åœºæ™¯ID: 3, ç‰ˆæœ¬: 1.0.0
2025-07-13 09:31:43,719 - INFO - ç­‰å¾…Supervisoræ›´æ–°ä¸–ç•ŒçŠ¶æ€...
2025-07-13 09:32:08,725 - INFO - Supervisorå·²æ›´æ–°ä¸–ç•ŒçŠ¶æ€ï¼Œåœºæ™¯åŠ è½½å®Œæˆ
2025-07-13 09:32:22,950 - INFO - å¯åŠ¨å‰æ¸…ç†æ‰€æœ‰Webotsè¿›ç¨‹...
2025-07-13 09:32:22,967 - INFO - æ‰¾åˆ° 25 ä¸ª Webots è¿›ç¨‹
2025-07-13 09:32:22,967 - INFO - å‘é€SIGTERMåˆ°Webotsè¿›ç¨‹ 3959202
2025-07-13 09:32:23,067 - INFO - å‘é€SIGTERMåˆ°Webotsè¿›ç¨‹ 3959205
2025-07-13 09:32:24,183 - WARNING - å‘ç° 1 ä¸ªæ®‹ç•™çš„Webotsè¿›ç¨‹ï¼Œå¼ºåˆ¶æ€æ­»
2025-07-13 09:32:24,183 - WARNING - å¼ºåˆ¶æ€æ­»Webotsè¿›ç¨‹ 3959202
2025-07-13 09:32:24,197 - INFO - æœªæ‰¾åˆ°è¿è¡Œä¸­çš„Xvfbè¿›ç¨‹
2025-07-13 09:32:24,197 - INFO - å·²æ¸…ç†å½“å‰åœºæ™¯ä¿¡æ¯
2025-07-13 09:32:24,197 - INFO - é€‰æ‹©åœºæ™¯: 3 - Box Moving Scene V2 v1.0.0
2025-07-13 09:32:24,202 - INFO - Webotsè¿›ç¨‹å¯åŠ¨æˆåŠŸï¼ŒPID: 3959502, åœºæ™¯: Box Moving Scene V2, åœºæ™¯ID: 3, ç‰ˆæœ¬: 1.0.0
2025-07-13 09:32:24,202 - INFO - ç­‰å¾…Supervisoræ›´æ–°ä¸–ç•ŒçŠ¶æ€...
2025-07-13 09:32:48,708 - INFO - Supervisorå·²æ›´æ–°ä¸–ç•ŒçŠ¶æ€ï¼Œåœºæ™¯åŠ è½½å®Œæˆ
2025-07-13 09:32:53,193 - INFO - å¯åŠ¨å‰æ¸…ç†æ‰€æœ‰Webotsè¿›ç¨‹...
2025-07-13 09:32:53,210 - INFO - æ‰¾åˆ° 25 ä¸ª Webots è¿›ç¨‹
2025-07-13 09:32:53,210 - INFO - å‘é€SIGTERMåˆ°Webotsè¿›ç¨‹ 3959502
2025-07-13 09:32:53,310 - INFO - å‘é€SIGTERMåˆ°Webotsè¿›ç¨‹ 3959505
2025-07-13 09:32:54,426 - WARNING - å‘ç° 1 ä¸ªæ®‹ç•™çš„Webotsè¿›ç¨‹ï¼Œå¼ºåˆ¶æ€æ­»
2025-07-13 09:32:54,426 - WARNING - å¼ºåˆ¶æ€æ­»Webotsè¿›ç¨‹ 3959502
2025-07-13 09:32:54,442 - INFO - æœªæ‰¾åˆ°è¿è¡Œä¸­çš„Xvfbè¿›ç¨‹
2025-07-13 09:32:54,442 - INFO - å·²æ¸…ç†å½“å‰åœºæ™¯ä¿¡æ¯
2025-07-13 09:32:54,442 - INFO - é€‰æ‹©åœºæ™¯: 3 - Box Moving Scene V2 v1.0.0
2025-07-13 09:32:54,447 - INFO - Webotsè¿›ç¨‹å¯åŠ¨æˆåŠŸï¼ŒPID: 3959719, åœºæ™¯: Box Moving Scene V2, åœºæ™¯ID: 3, ç‰ˆæœ¬: 1.0.0
2025-07-13 09:32:54,447 - INFO - ç­‰å¾…Supervisoræ›´æ–°ä¸–ç•ŒçŠ¶æ€...
2025-07-13 09:33:18,953 - INFO - Supervisorå·²æ›´æ–°ä¸–ç•ŒçŠ¶æ€ï¼Œåœºæ™¯åŠ è½½å®Œæˆ
2025-07-13 09:35:47,255 - ERROR - å¯åŠ¨Webotsè¿›ç¨‹å¤±è´¥: 400 Bad Request: Failed to decode JSON object: Expecting value: line 1 column 1 (char 0)
Traceback (most recent call last):
  File "/home/public/miniconda3/lib/python3.13/site-packages/werkzeug/wrappers/request.py", line 611, in get_json
    rv = self.json_module.loads(data)
  File "/home/public/miniconda3/lib/python3.13/site-packages/flask/json/provider.py", line 187, in loads
    return json.loads(s, **kwargs)
           ~~~~~~~~~~^^^^^^^^^^^^^
  File "/home/public/miniconda3/lib/python3.13/json/__init__.py", line 346, in loads
    return _default_decoder.decode(s)
           ~~~~~~~~~~~~~~~~~~~~~~~^^^
  File "/home/public/miniconda3/lib/python3.13/json/decoder.py", line 345, in decode
    obj, end = self.raw_decode(s, idx=_w(s, 0).end())
               ~~~~~~~~~~~~~~~^^^^^^^^^^^^^^^^^^^^^^^
  File "/home/public/miniconda3/lib/python3.13/json/decoder.py", line 363, in raw_decode
    raise JSONDecodeError("Expecting value", s, err.value) from None
json.decoder.JSONDecodeError: Expecting value: line 1 column 1 (char 0)

During handling of the above exception, another exception occurred:

Traceback (most recent call last):
  File "/home/public/wangwei/webots_flask_server_http/integrated_server.py", line 672, in start_webots
    data = request.get_json() or {}
           ~~~~~~~~~~~~~~~~^^
  File "/home/public/miniconda3/lib/python3.13/site-packages/werkzeug/wrappers/request.py", line 620, in get_json
    rv = self.on_json_loading_failed(e)
  File "/home/public/miniconda3/lib/python3.13/site-packages/flask/wrappers.py", line 214, in on_json_loading_failed
    return super().on_json_loading_failed(e)
           ~~~~~~~~~~~~~~~~~~~~~~~~~~~~~~^^^
  File "/home/public/miniconda3/lib/python3.13/site-packages/werkzeug/wrappers/request.py", line 645, in on_json_loading_failed
    raise BadRequest(f"Failed to decode JSON object: {e}")
werkzeug.exceptions.BadRequest: 400 Bad Request: Failed to decode JSON object: Expecting value: line 1 column 1 (char 0)
2025-07-13 09:35:48,652 - ERROR - å¯åŠ¨Webotsè¿›ç¨‹å¤±è´¥: 400 Bad Request: Failed to decode JSON object: Expecting value: line 1 column 1 (char 0)
Traceback (most recent call last):
  File "/home/public/miniconda3/lib/python3.13/site-packages/werkzeug/wrappers/request.py", line 611, in get_json
    rv = self.json_module.loads(data)
  File "/home/public/miniconda3/lib/python3.13/site-packages/flask/json/provider.py", line 187, in loads
    return json.loads(s, **kwargs)
           ~~~~~~~~~~^^^^^^^^^^^^^
  File "/home/public/miniconda3/lib/python3.13/json/__init__.py", line 346, in loads
    return _default_decoder.decode(s)
           ~~~~~~~~~~~~~~~~~~~~~~~^^^
  File "/home/public/miniconda3/lib/python3.13/json/decoder.py", line 345, in decode
    obj, end = self.raw_decode(s, idx=_w(s, 0).end())
               ~~~~~~~~~~~~~~~^^^^^^^^^^^^^^^^^^^^^^^
  File "/home/public/miniconda3/lib/python3.13/json/decoder.py", line 363, in raw_decode
    raise JSONDecodeError("Expecting value", s, err.value) from None
json.decoder.JSONDecodeError: Expecting value: line 1 column 1 (char 0)

During handling of the above exception, another exception occurred:

Traceback (most recent call last):
  File "/home/public/wangwei/webots_flask_server_http/integrated_server.py", line 672, in start_webots
    data = request.get_json() or {}
           ~~~~~~~~~~~~~~~~^^
  File "/home/public/miniconda3/lib/python3.13/site-packages/werkzeug/wrappers/request.py", line 620, in get_json
    rv = self.on_json_loading_failed(e)
  File "/home/public/miniconda3/lib/python3.13/site-packages/flask/wrappers.py", line 214, in on_json_loading_failed
    return super().on_json_loading_failed(e)
           ~~~~~~~~~~~~~~~~~~~~~~~~~~~~~~^^^
  File "/home/public/miniconda3/lib/python3.13/site-packages/werkzeug/wrappers/request.py", line 645, in on_json_loading_failed
    raise BadRequest(f"Failed to decode JSON object: {e}")
werkzeug.exceptions.BadRequest: 400 Bad Request: Failed to decode JSON object: Expecting value: line 1 column 1 (char 0)
2025-07-13 09:35:49,515 - ERROR - å¯åŠ¨Webotsè¿›ç¨‹å¤±è´¥: 400 Bad Request: Failed to decode JSON object: Expecting value: line 1 column 1 (char 0)
Traceback (most recent call last):
  File "/home/public/miniconda3/lib/python3.13/site-packages/werkzeug/wrappers/request.py", line 611, in get_json
    rv = self.json_module.loads(data)
  File "/home/public/miniconda3/lib/python3.13/site-packages/flask/json/provider.py", line 187, in loads
    return json.loads(s, **kwargs)
           ~~~~~~~~~~^^^^^^^^^^^^^
  File "/home/public/miniconda3/lib/python3.13/json/__init__.py", line 346, in loads
    return _default_decoder.decode(s)
           ~~~~~~~~~~~~~~~~~~~~~~~^^^
  File "/home/public/miniconda3/lib/python3.13/json/decoder.py", line 345, in decode
    obj, end = self.raw_decode(s, idx=_w(s, 0).end())
               ~~~~~~~~~~~~~~~^^^^^^^^^^^^^^^^^^^^^^^
  File "/home/public/miniconda3/lib/python3.13/json/decoder.py", line 363, in raw_decode
    raise JSONDecodeError("Expecting value", s, err.value) from None
json.decoder.JSONDecodeError: Expecting value: line 1 column 1 (char 0)

During handling of the above exception, another exception occurred:

Traceback (most recent call last):
  File "/home/public/wangwei/webots_flask_server_http/integrated_server.py", line 672, in start_webots
    data = request.get_json() or {}
           ~~~~~~~~~~~~~~~~^^
  File "/home/public/miniconda3/lib/python3.13/site-packages/werkzeug/wrappers/request.py", line 620, in get_json
    rv = self.on_json_loading_failed(e)
  File "/home/public/miniconda3/lib/python3.13/site-packages/flask/wrappers.py", line 214, in on_json_loading_failed
    return super().on_json_loading_failed(e)
           ~~~~~~~~~~~~~~~~~~~~~~~~~~~~~~^^^
  File "/home/public/miniconda3/lib/python3.13/site-packages/werkzeug/wrappers/request.py", line 645, in on_json_loading_failed
    raise BadRequest(f"Failed to decode JSON object: {e}")
werkzeug.exceptions.BadRequest: 400 Bad Request: Failed to decode JSON object: Expecting value: line 1 column 1 (char 0)
2025-07-13 09:35:50,973 - ERROR - å¯åŠ¨Webotsè¿›ç¨‹å¤±è´¥: 400 Bad Request: Failed to decode JSON object: Expecting value: line 1 column 1 (char 0)
Traceback (most recent call last):
  File "/home/public/miniconda3/lib/python3.13/site-packages/werkzeug/wrappers/request.py", line 611, in get_json
    rv = self.json_module.loads(data)
  File "/home/public/miniconda3/lib/python3.13/site-packages/flask/json/provider.py", line 187, in loads
    return json.loads(s, **kwargs)
           ~~~~~~~~~~^^^^^^^^^^^^^
  File "/home/public/miniconda3/lib/python3.13/json/__init__.py", line 346, in loads
    return _default_decoder.decode(s)
           ~~~~~~~~~~~~~~~~~~~~~~~^^^
  File "/home/public/miniconda3/lib/python3.13/json/decoder.py", line 345, in decode
    obj, end = self.raw_decode(s, idx=_w(s, 0).end())
               ~~~~~~~~~~~~~~~^^^^^^^^^^^^^^^^^^^^^^^
  File "/home/public/miniconda3/lib/python3.13/json/decoder.py", line 363, in raw_decode
    raise JSONDecodeError("Expecting value", s, err.value) from None
json.decoder.JSONDecodeError: Expecting value: line 1 column 1 (char 0)

During handling of the above exception, another exception occurred:

Traceback (most recent call last):
  File "/home/public/wangwei/webots_flask_server_http/integrated_server.py", line 672, in start_webots
    data = request.get_json() or {}
           ~~~~~~~~~~~~~~~~^^
  File "/home/public/miniconda3/lib/python3.13/site-packages/werkzeug/wrappers/request.py", line 620, in get_json
    rv = self.on_json_loading_failed(e)
  File "/home/public/miniconda3/lib/python3.13/site-packages/flask/wrappers.py", line 214, in on_json_loading_failed
    return super().on_json_loading_failed(e)
           ~~~~~~~~~~~~~~~~~~~~~~~~~~~~~~^^^
  File "/home/public/miniconda3/lib/python3.13/site-packages/werkzeug/wrappers/request.py", line 645, in on_json_loading_failed
    raise BadRequest(f"Failed to decode JSON object: {e}")
werkzeug.exceptions.BadRequest: 400 Bad Request: Failed to decode JSON object: Expecting value: line 1 column 1 (char 0)
2025-07-13 09:37:32,776 - INFO - å¯åŠ¨å‰æ¸…ç†æ‰€æœ‰Webotsè¿›ç¨‹...
2025-07-13 09:37:32,793 - INFO - æ‰¾åˆ° 25 ä¸ª Webots è¿›ç¨‹
2025-07-13 09:37:32,793 - INFO - å‘é€SIGTERMåˆ°Webotsè¿›ç¨‹ 3959719
2025-07-13 09:37:32,893 - INFO - å‘é€SIGTERMåˆ°Webotsè¿›ç¨‹ 3959722
2025-07-13 09:37:34,010 - WARNING - å‘ç° 1 ä¸ªæ®‹ç•™çš„Webotsè¿›ç¨‹ï¼Œå¼ºåˆ¶æ€æ­»
2025-07-13 09:37:34,010 - WARNING - å¼ºåˆ¶æ€æ­»Webotsè¿›ç¨‹ 3959719
2025-07-13 09:37:34,025 - INFO - æœªæ‰¾åˆ°è¿è¡Œä¸­çš„Xvfbè¿›ç¨‹
2025-07-13 09:37:34,025 - INFO - å·²æ¸…ç†å½“å‰åœºæ™¯ä¿¡æ¯
2025-07-13 09:37:34,025 - INFO - é€‰æ‹©åœºæ™¯: 3 - Box Moving Scene V2 v1.0.0
2025-07-13 09:37:34,030 - INFO - Webotsè¿›ç¨‹å¯åŠ¨æˆåŠŸï¼ŒPID: 3962073, åœºæ™¯: Box Moving Scene V2, åœºæ™¯ID: 3, ç‰ˆæœ¬: 1.0.0
2025-07-13 09:37:34,030 - INFO - ç­‰å¾…Supervisoræ›´æ–°ä¸–ç•ŒçŠ¶æ€...
2025-07-13 09:37:59,037 - INFO - Supervisorå·²æ›´æ–°ä¸–ç•ŒçŠ¶æ€ï¼Œåœºæ™¯åŠ è½½å®Œæˆ
2025-07-13 09:38:06,972 - ERROR - å¯åŠ¨Webotsè¿›ç¨‹å¤±è´¥: 400 Bad Request: Failed to decode JSON object: Expecting value: line 1 column 1 (char 0)
Traceback (most recent call last):
  File "/home/public/miniconda3/lib/python3.13/site-packages/werkzeug/wrappers/request.py", line 611, in get_json
    rv = self.json_module.loads(data)
  File "/home/public/miniconda3/lib/python3.13/site-packages/flask/json/provider.py", line 187, in loads
    return json.loads(s, **kwargs)
           ~~~~~~~~~~^^^^^^^^^^^^^
  File "/home/public/miniconda3/lib/python3.13/json/__init__.py", line 346, in loads
    return _default_decoder.decode(s)
           ~~~~~~~~~~~~~~~~~~~~~~~^^^
  File "/home/public/miniconda3/lib/python3.13/json/decoder.py", line 345, in decode
    obj, end = self.raw_decode(s, idx=_w(s, 0).end())
               ~~~~~~~~~~~~~~~^^^^^^^^^^^^^^^^^^^^^^^
  File "/home/public/miniconda3/lib/python3.13/json/decoder.py", line 363, in raw_decode
    raise JSONDecodeError("Expecting value", s, err.value) from None
json.decoder.JSONDecodeError: Expecting value: line 1 column 1 (char 0)

During handling of the above exception, another exception occurred:

Traceback (most recent call last):
  File "/home/public/wangwei/webots_flask_server_http/integrated_server.py", line 672, in start_webots
    data = request.get_json() or {}
           ~~~~~~~~~~~~~~~~^^
  File "/home/public/miniconda3/lib/python3.13/site-packages/werkzeug/wrappers/request.py", line 620, in get_json
    rv = self.on_json_loading_failed(e)
  File "/home/public/miniconda3/lib/python3.13/site-packages/flask/wrappers.py", line 214, in on_json_loading_failed
    return super().on_json_loading_failed(e)
           ~~~~~~~~~~~~~~~~~~~~~~~~~~~~~~^^^
  File "/home/public/miniconda3/lib/python3.13/site-packages/werkzeug/wrappers/request.py", line 645, in on_json_loading_failed
    raise BadRequest(f"Failed to decode JSON object: {e}")
werkzeug.exceptions.BadRequest: 400 Bad Request: Failed to decode JSON object: Expecting value: line 1 column 1 (char 0)
2025-07-13 09:40:37,093 - INFO - å¯åŠ¨å‰æ¸…ç†æ‰€æœ‰Webotsè¿›ç¨‹...
2025-07-13 09:40:37,109 - INFO - æ‰¾åˆ° 25 ä¸ª Webots è¿›ç¨‹
2025-07-13 09:40:37,110 - INFO - å‘é€SIGTERMåˆ°Webotsè¿›ç¨‹ 3962073
2025-07-13 09:40:37,210 - INFO - å‘é€SIGTERMåˆ°Webotsè¿›ç¨‹ 3962076
2025-07-13 09:40:38,326 - WARNING - å‘ç° 1 ä¸ªæ®‹ç•™çš„Webotsè¿›ç¨‹ï¼Œå¼ºåˆ¶æ€æ­»
2025-07-13 09:40:38,327 - WARNING - å¼ºåˆ¶æ€æ­»Webotsè¿›ç¨‹ 3962073
2025-07-13 09:40:38,342 - INFO - æœªæ‰¾åˆ°è¿è¡Œä¸­çš„Xvfbè¿›ç¨‹
2025-07-13 09:40:38,342 - INFO - å·²æ¸…ç†å½“å‰åœºæ™¯ä¿¡æ¯
2025-07-13 09:40:38,343 - INFO - é€‰æ‹©åœºæ™¯: 3 - Box Moving Scene V2 v1.0.0
2025-07-13 09:40:38,348 - INFO - Webotsè¿›ç¨‹å¯åŠ¨æˆåŠŸï¼ŒPID: 3963597, åœºæ™¯: Box Moving Scene V2, åœºæ™¯ID: 3, ç‰ˆæœ¬: 1.0.0
2025-07-13 09:40:38,349 - INFO - ç­‰å¾…Supervisoræ›´æ–°ä¸–ç•ŒçŠ¶æ€...
2025-07-13 09:41:03,355 - INFO - Supervisorå·²æ›´æ–°ä¸–ç•ŒçŠ¶æ€ï¼Œåœºæ™¯åŠ è½½å®Œæˆ
2025-07-13 09:41:03,356 - INFO - å¯åŠ¨å‰æ¸…ç†æ‰€æœ‰Webotsè¿›ç¨‹...
2025-07-13 09:41:03,372 - INFO - æ‰¾åˆ° 25 ä¸ª Webots è¿›ç¨‹
2025-07-13 09:41:03,372 - INFO - å‘é€SIGTERMåˆ°Webotsè¿›ç¨‹ 3963597
2025-07-13 09:41:03,472 - INFO - å‘é€SIGTERMåˆ°Webotsè¿›ç¨‹ 3963600
2025-07-13 09:41:04,588 - WARNING - å‘ç° 1 ä¸ªæ®‹ç•™çš„Webotsè¿›ç¨‹ï¼Œå¼ºåˆ¶æ€æ­»
2025-07-13 09:41:04,588 - WARNING - å¼ºåˆ¶æ€æ­»Webotsè¿›ç¨‹ 3963597
2025-07-13 09:41:04,603 - INFO - æœªæ‰¾åˆ°è¿è¡Œä¸­çš„Xvfbè¿›ç¨‹
2025-07-13 09:41:04,603 - INFO - å·²æ¸…ç†å½“å‰åœºæ™¯ä¿¡æ¯
2025-07-13 09:41:04,603 - INFO - é€‰æ‹©åœºæ™¯: 3 - Box Moving Scene V2 v1.0.0
2025-07-13 09:41:04,608 - INFO - Webotsè¿›ç¨‹å¯åŠ¨æˆåŠŸï¼ŒPID: 3963780, åœºæ™¯: Box Moving Scene V2, åœºæ™¯ID: 3, ç‰ˆæœ¬: 1.0.0
2025-07-13 09:41:04,608 - INFO - ç­‰å¾…Supervisoræ›´æ–°ä¸–ç•ŒçŠ¶æ€...
2025-07-13 09:41:29,113 - INFO - Supervisorå·²æ›´æ–°ä¸–ç•ŒçŠ¶æ€ï¼Œåœºæ™¯åŠ è½½å®Œæˆ
2025-07-13 09:45:21,906 - INFO - å¯åŠ¨å‰æ¸…ç†æ‰€æœ‰Webotsè¿›ç¨‹...
2025-07-13 09:45:21,922 - INFO - æ‰¾åˆ° 25 ä¸ª Webots è¿›ç¨‹
2025-07-13 09:45:21,922 - INFO - å‘é€SIGTERMåˆ°Webotsè¿›ç¨‹ 3963780
2025-07-13 09:45:22,022 - INFO - å‘é€SIGTERMåˆ°Webotsè¿›ç¨‹ 3963783
2025-07-13 09:45:23,138 - WARNING - å‘ç° 1 ä¸ªæ®‹ç•™çš„Webotsè¿›ç¨‹ï¼Œå¼ºåˆ¶æ€æ­»
2025-07-13 09:45:23,138 - WARNING - å¼ºåˆ¶æ€æ­»Webotsè¿›ç¨‹ 3963780
2025-07-13 09:45:23,154 - INFO - æœªæ‰¾åˆ°è¿è¡Œä¸­çš„Xvfbè¿›ç¨‹
2025-07-13 09:45:23,154 - INFO - å·²æ¸…ç†å½“å‰åœºæ™¯ä¿¡æ¯
2025-07-13 09:45:23,154 - INFO - é€‰æ‹©åœºæ™¯: 3 - Box Moving Scene V2 v1.0.0
2025-07-13 09:45:23,160 - INFO - Webotsè¿›ç¨‹å¯åŠ¨æˆåŠŸï¼ŒPID: 3965943, åœºæ™¯: Box Moving Scene V2, åœºæ™¯ID: 3, ç‰ˆæœ¬: 1.0.0
2025-07-13 09:45:23,161 - INFO - ç­‰å¾…Supervisoræ›´æ–°ä¸–ç•ŒçŠ¶æ€...
2025-07-13 09:45:48,169 - INFO - Supervisorå·²æ›´æ–°ä¸–ç•ŒçŠ¶æ€ï¼Œåœºæ™¯åŠ è½½å®Œæˆ
2025-07-13 09:45:48,170 - INFO - å¯åŠ¨å‰æ¸…ç†æ‰€æœ‰Webotsè¿›ç¨‹...
2025-07-13 09:45:48,186 - INFO - æ‰¾åˆ° 25 ä¸ª Webots è¿›ç¨‹
2025-07-13 09:45:48,187 - INFO - å‘é€SIGTERMåˆ°Webotsè¿›ç¨‹ 3965943
2025-07-13 09:45:48,287 - INFO - å‘é€SIGTERMåˆ°Webotsè¿›ç¨‹ 3965946
2025-07-13 09:45:48,387 - INFO - å‘é€SIGTERMåˆ°Webotsè¿›ç¨‹ 3966012
2025-07-13 09:45:49,503 - WARNING - å‘ç° 1 ä¸ªæ®‹ç•™çš„Webotsè¿›ç¨‹ï¼Œå¼ºåˆ¶æ€æ­»
2025-07-13 09:45:49,503 - WARNING - å¼ºåˆ¶æ€æ­»Webotsè¿›ç¨‹ 3965943
2025-07-13 09:45:49,518 - INFO - æœªæ‰¾åˆ°è¿è¡Œä¸­çš„Xvfbè¿›ç¨‹
2025-07-13 09:45:49,518 - INFO - å·²æ¸…ç†å½“å‰åœºæ™¯ä¿¡æ¯
2025-07-13 09:45:49,518 - INFO - é€‰æ‹©åœºæ™¯: 3 - Box Moving Scene V2 v1.0.0
2025-07-13 09:45:49,523 - INFO - Webotsè¿›ç¨‹å¯åŠ¨æˆåŠŸï¼ŒPID: 3966125, åœºæ™¯: Box Moving Scene V2, åœºæ™¯ID: 3, ç‰ˆæœ¬: 1.0.0
2025-07-13 09:45:49,524 - INFO - ç­‰å¾…Supervisoræ›´æ–°ä¸–ç•ŒçŠ¶æ€...
2025-07-13 09:46:14,530 - INFO - Supervisorå·²æ›´æ–°ä¸–ç•ŒçŠ¶æ€ï¼Œåœºæ™¯åŠ è½½å®Œæˆ
2025-07-13 09:47:38,962 - INFO - å¯åŠ¨å‰æ¸…ç†æ‰€æœ‰Webotsè¿›ç¨‹...
2025-07-13 09:47:38,978 - INFO - æ‰¾åˆ° 25 ä¸ª Webots è¿›ç¨‹
2025-07-13 09:47:38,978 - INFO - å‘é€SIGTERMåˆ°Webotsè¿›ç¨‹ 3966125
2025-07-13 09:47:39,078 - INFO - å‘é€SIGTERMåˆ°Webotsè¿›ç¨‹ 3966128
2025-07-13 09:47:40,194 - WARNING - å‘ç° 1 ä¸ªæ®‹ç•™çš„Webotsè¿›ç¨‹ï¼Œå¼ºåˆ¶æ€æ­»
2025-07-13 09:47:40,194 - WARNING - å¼ºåˆ¶æ€æ­»Webotsè¿›ç¨‹ 3966125
2025-07-13 09:47:40,208 - INFO - æœªæ‰¾åˆ°è¿è¡Œä¸­çš„Xvfbè¿›ç¨‹
2025-07-13 09:47:40,208 - INFO - å·²æ¸…ç†å½“å‰åœºæ™¯ä¿¡æ¯
2025-07-13 09:47:40,208 - INFO - é€‰æ‹©åœºæ™¯: 3 - Box Moving Scene V2 v1.0.0
2025-07-13 09:47:40,213 - INFO - Webotsè¿›ç¨‹å¯åŠ¨æˆåŠŸï¼ŒPID: 3967024, åœºæ™¯: Box Moving Scene V2, åœºæ™¯ID: 3, ç‰ˆæœ¬: 1.0.0
2025-07-13 09:47:40,213 - INFO - ç­‰å¾…Supervisoræ›´æ–°ä¸–ç•ŒçŠ¶æ€...
2025-07-13 09:48:04,719 - INFO - Supervisorå·²æ›´æ–°ä¸–ç•ŒçŠ¶æ€ï¼Œåœºæ™¯åŠ è½½å®Œæˆ
2025-07-13 09:51:03,776 - INFO - å¯åŠ¨å‰æ¸…ç†æ‰€æœ‰Webotsè¿›ç¨‹...
2025-07-13 09:51:03,793 - INFO - æ‰¾åˆ° 25 ä¸ª Webots è¿›ç¨‹
2025-07-13 09:51:03,793 - INFO - å‘é€SIGTERMåˆ°Webotsè¿›ç¨‹ 3967024
2025-07-13 09:51:03,893 - INFO - å‘é€SIGTERMåˆ°Webotsè¿›ç¨‹ 3967027
2025-07-13 09:51:05,009 - WARNING - å‘ç° 1 ä¸ªæ®‹ç•™çš„Webotsè¿›ç¨‹ï¼Œå¼ºåˆ¶æ€æ­»
2025-07-13 09:51:05,009 - WARNING - å¼ºåˆ¶æ€æ­»Webotsè¿›ç¨‹ 3967024
2025-07-13 09:51:05,025 - INFO - æœªæ‰¾åˆ°è¿è¡Œä¸­çš„Xvfbè¿›ç¨‹
2025-07-13 09:51:05,025 - INFO - å·²æ¸…ç†å½“å‰åœºæ™¯ä¿¡æ¯
2025-07-13 09:51:05,025 - INFO - é€‰æ‹©åœºæ™¯: 3 - Box Moving Scene V2 v1.0.0
2025-07-13 09:51:05,031 - INFO - Webotsè¿›ç¨‹å¯åŠ¨æˆåŠŸï¼ŒPID: 3968725, åœºæ™¯: Box Moving Scene V2, åœºæ™¯ID: 3, ç‰ˆæœ¬: 1.0.0
2025-07-13 09:51:05,032 - INFO - ç­‰å¾…Supervisoræ›´æ–°ä¸–ç•ŒçŠ¶æ€...
2025-07-13 09:51:30,038 - INFO - Supervisorå·²æ›´æ–°ä¸–ç•ŒçŠ¶æ€ï¼Œåœºæ™¯åŠ è½½å®Œæˆ
2025-07-13 09:53:19,031 - INFO - å¯åŠ¨å‰æ¸…ç†æ‰€æœ‰Webotsè¿›ç¨‹...
2025-07-13 09:53:19,047 - INFO - æ‰¾åˆ° 25 ä¸ª Webots è¿›ç¨‹
2025-07-13 09:53:19,048 - INFO - å‘é€SIGTERMåˆ°Webotsè¿›ç¨‹ 3968725
2025-07-13 09:53:19,148 - INFO - å‘é€SIGTERMåˆ°Webotsè¿›ç¨‹ 3968728
2025-07-13 09:53:20,263 - WARNING - å‘ç° 1 ä¸ªæ®‹ç•™çš„Webotsè¿›ç¨‹ï¼Œå¼ºåˆ¶æ€æ­»
2025-07-13 09:53:20,263 - WARNING - å¼ºåˆ¶æ€æ­»Webotsè¿›ç¨‹ 3968725
2025-07-13 09:53:20,277 - INFO - æœªæ‰¾åˆ°è¿è¡Œä¸­çš„Xvfbè¿›ç¨‹
2025-07-13 09:53:20,277 - INFO - å·²æ¸…ç†å½“å‰åœºæ™¯ä¿¡æ¯
2025-07-13 09:53:20,278 - INFO - é€‰æ‹©åœºæ™¯: 3 - Box Moving Scene V2 v1.0.0
2025-07-13 09:53:20,283 - INFO - Webotsè¿›ç¨‹å¯åŠ¨æˆåŠŸï¼ŒPID: 3969830, åœºæ™¯: Box Moving Scene V2, åœºæ™¯ID: 3, ç‰ˆæœ¬: 1.0.0
2025-07-13 09:53:20,283 - INFO - ç­‰å¾…Supervisoræ›´æ–°ä¸–ç•ŒçŠ¶æ€...
2025-07-13 09:53:45,327 - INFO - Supervisorå·²æ›´æ–°ä¸–ç•ŒçŠ¶æ€ï¼Œåœºæ™¯åŠ è½½å®Œæˆ
2025-07-13 09:54:03,463 - INFO - å¯åŠ¨å‰æ¸…ç†æ‰€æœ‰Webotsè¿›ç¨‹...
2025-07-13 09:54:03,479 - INFO - æ‰¾åˆ° 25 ä¸ª Webots è¿›ç¨‹
2025-07-13 09:54:03,480 - INFO - å‘é€SIGTERMåˆ°Webotsè¿›ç¨‹ 3969830
2025-07-13 09:54:03,580 - INFO - å‘é€SIGTERMåˆ°Webotsè¿›ç¨‹ 3969833
2025-07-13 09:54:04,696 - WARNING - å‘ç° 1 ä¸ªæ®‹ç•™çš„Webotsè¿›ç¨‹ï¼Œå¼ºåˆ¶æ€æ­»
2025-07-13 09:54:04,696 - WARNING - å¼ºåˆ¶æ€æ­»Webotsè¿›ç¨‹ 3969830
2025-07-13 09:54:04,710 - INFO - æœªæ‰¾åˆ°è¿è¡Œä¸­çš„Xvfbè¿›ç¨‹
2025-07-13 09:54:04,710 - INFO - å·²æ¸…ç†å½“å‰åœºæ™¯ä¿¡æ¯
2025-07-13 09:54:04,711 - INFO - é€‰æ‹©åœºæ™¯: 3 - Box Moving Scene V2 v1.0.0
2025-07-13 09:54:04,715 - INFO - Webotsè¿›ç¨‹å¯åŠ¨æˆåŠŸï¼ŒPID: 3970165, åœºæ™¯: Box Moving Scene V2, åœºæ™¯ID: 3, ç‰ˆæœ¬: 1.0.0
2025-07-13 09:54:04,716 - INFO - ç­‰å¾…Supervisoræ›´æ–°ä¸–ç•ŒçŠ¶æ€...
2025-07-13 09:54:29,222 - INFO - Supervisorå·²æ›´æ–°ä¸–ç•ŒçŠ¶æ€ï¼Œåœºæ™¯åŠ è½½å®Œæˆ
2025-07-13 10:20:45,671 - INFO - å¯åŠ¨å‰æ¸…ç†æ‰€æœ‰Webotsè¿›ç¨‹...
2025-07-13 10:20:45,692 - INFO - æ‰¾åˆ° 25 ä¸ª Webots è¿›ç¨‹
2025-07-13 10:20:45,692 - INFO - å‘é€SIGTERMåˆ°Webotsè¿›ç¨‹ 3970165
2025-07-13 10:20:45,792 - INFO - å‘é€SIGTERMåˆ°Webotsè¿›ç¨‹ 3970168
2025-07-13 10:20:46,906 - WARNING - å‘ç° 1 ä¸ªæ®‹ç•™çš„Webotsè¿›ç¨‹ï¼Œå¼ºåˆ¶æ€æ­»
2025-07-13 10:20:46,907 - WARNING - å¼ºåˆ¶æ€æ­»Webotsè¿›ç¨‹ 3970165
2025-07-13 10:20:46,921 - INFO - æœªæ‰¾åˆ°è¿è¡Œä¸­çš„Xvfbè¿›ç¨‹
2025-07-13 10:20:46,922 - INFO - å·²æ¸…ç†å½“å‰åœºæ™¯ä¿¡æ¯
2025-07-13 10:20:46,922 - INFO - é€‰æ‹©åœºæ™¯: 3 - Box Moving Scene V2 v1.0.0
2025-07-13 10:20:46,927 - INFO - Webotsè¿›ç¨‹å¯åŠ¨æˆåŠŸï¼ŒPID: 4067628, åœºæ™¯: Box Moving Scene V2, åœºæ™¯ID: 3, ç‰ˆæœ¬: 1.0.0
2025-07-13 10:20:46,927 - INFO - ç­‰å¾…Supervisoræ›´æ–°ä¸–ç•ŒçŠ¶æ€...
2025-07-13 10:21:12,433 - INFO - Supervisorå·²æ›´æ–°ä¸–ç•ŒçŠ¶æ€ï¼Œåœºæ™¯åŠ è½½å®Œæˆ
2025-07-13 10:21:12,891 - INFO - å¯åŠ¨å‰æ¸…ç†æ‰€æœ‰Webotsè¿›ç¨‹...
2025-07-13 10:21:12,907 - INFO - æ‰¾åˆ° 25 ä¸ª Webots è¿›ç¨‹
2025-07-13 10:21:12,907 - INFO - å‘é€SIGTERMåˆ°Webotsè¿›ç¨‹ 4067628
2025-07-13 10:21:13,008 - INFO - å‘é€SIGTERMåˆ°Webotsè¿›ç¨‹ 4067631
2025-07-13 10:21:14,123 - WARNING - å‘ç° 1 ä¸ªæ®‹ç•™çš„Webotsè¿›ç¨‹ï¼Œå¼ºåˆ¶æ€æ­»
2025-07-13 10:21:14,123 - WARNING - å¼ºåˆ¶æ€æ­»Webotsè¿›ç¨‹ 4067628
2025-07-13 10:21:14,137 - INFO - æœªæ‰¾åˆ°è¿è¡Œä¸­çš„Xvfbè¿›ç¨‹
2025-07-13 10:21:14,137 - INFO - å·²æ¸…ç†å½“å‰åœºæ™¯ä¿¡æ¯
2025-07-13 10:21:14,137 - INFO - é€‰æ‹©åœºæ™¯: 3 - Box Moving Scene V2 v1.0.0
2025-07-13 10:21:14,143 - INFO - Webotsè¿›ç¨‹å¯åŠ¨æˆåŠŸï¼ŒPID: 4069595, åœºæ™¯: Box Moving Scene V2, åœºæ™¯ID: 3, ç‰ˆæœ¬: 1.0.0
2025-07-13 10:21:14,143 - INFO - ç­‰å¾…Supervisoræ›´æ–°ä¸–ç•ŒçŠ¶æ€...
2025-07-13 10:21:39,681 - INFO - Supervisorå·²æ›´æ–°ä¸–ç•ŒçŠ¶æ€ï¼Œåœºæ™¯åŠ è½½å®Œæˆ
2025-07-13 10:40:00,320 - INFO - æ‰¾åˆ° 25 ä¸ª Webots è¿›ç¨‹
2025-07-13 10:40:00,320 - INFO - å‘é€SIGTERMåˆ°Webotsè¿›ç¨‹ 4069595
2025-07-13 10:40:00,421 - INFO - å‘é€SIGTERMåˆ°Webotsè¿›ç¨‹ 4069598
2025-07-13 10:40:01,535 - WARNING - å‘ç° 1 ä¸ªæ®‹ç•™çš„Webotsè¿›ç¨‹ï¼Œå¼ºåˆ¶æ€æ­»
2025-07-13 10:40:01,535 - WARNING - å¼ºåˆ¶æ€æ­»Webotsè¿›ç¨‹ 4069595
2025-07-13 10:40:01,554 - INFO - æœªæ‰¾åˆ°è¿è¡Œä¸­çš„Xvfbè¿›ç¨‹
2025-07-13 10:40:01,554 - INFO - å·²æ¸…ç†å½“å‰åœºæ™¯ä¿¡æ¯
2025-07-13 10:40:01,554 - INFO - ä¸» Flask æœåŠ¡å™¨æ´»åŠ¨æ—¥å¿—å·²ä¿å­˜è‡³ log/flask_server_activity_log.json
2025-07-13 10:40:01,593 - INFO - Supervisor ä¸–ç•ŒçŠ¶æ€æ—¥å¿—å·²ä¿å­˜è‡³ log/supervisor_world_status_log.json
2025-07-13 10:40:01,593 - INFO - æ•´åˆFlaskæœåŠ¡å™¨åœæ­¢
2025-07-13 10:40:01,593 - INFO - æœåŠ¡å™¨å·²å®‰å…¨åœæ­¢
2025-07-13 10:40:02,983 - INFO - ğŸš€ Webotsæ§åˆ¶æœåŠ¡å™¨å¯åŠ¨ä¸­...
2025-07-13 10:40:02,983 - INFO - ğŸ” æ­£åœ¨åŠ è½½åœºæ™¯é…ç½®...
2025-07-13 10:40:02,983 - INFO - åœºæ™¯é…ç½®æ–‡ä»¶åŠ è½½æˆåŠŸ: /home/public/wangwei/webots_flask_server_http/configs/scene_configs.json
2025-07-13 10:40:02,983 - INFO - æ­£åœ¨æ‰«æåœºæ™¯ä¸­çš„æ ‡ç­¾ç‚¹...
2025-07-13 10:40:02,985 - INFO - åœºæ™¯é…ç½®æ›´æ–°å®Œæˆ
2025-07-13 10:40:02,990 - INFO - FlaskæœåŠ¡å™¨å¯åŠ¨
2025-07-13 10:40:26,498 - INFO - å¯åŠ¨å‰æ¸…ç†æ‰€æœ‰Webotsè¿›ç¨‹...
2025-07-13 10:40:26,511 - INFO - æœªæ‰¾åˆ°è¿è¡Œä¸­çš„Webotsè¿›ç¨‹
2025-07-13 10:40:26,528 - INFO - æœªæ‰¾åˆ°è¿è¡Œä¸­çš„Xvfbè¿›ç¨‹
2025-07-13 10:40:26,528 - INFO - é€‰æ‹©åœºæ™¯: 3 - Box Moving Scene V2 v1.0.0
2025-07-13 10:40:26,535 - INFO - Webotsè¿›ç¨‹å¯åŠ¨æˆåŠŸï¼ŒPID: 4150777, åœºæ™¯: Box Moving Scene V2, åœºæ™¯ID: 3, ç‰ˆæœ¬: 1.0.0
2025-07-13 10:40:26,535 - INFO - ç­‰å¾…Supervisoræ›´æ–°ä¸–ç•ŒçŠ¶æ€...
2025-07-13 10:40:52,041 - INFO - Supervisorå·²æ›´æ–°ä¸–ç•ŒçŠ¶æ€ï¼Œåœºæ™¯åŠ è½½å®Œæˆ
2025-07-13 10:51:07,324 - INFO - æ‰¾åˆ° 25 ä¸ª Webots è¿›ç¨‹
2025-07-13 10:51:07,324 - INFO - å‘é€SIGTERMåˆ°Webotsè¿›ç¨‹ 4150777
2025-07-13 10:51:07,424 - INFO - å‘é€SIGTERMåˆ°Webotsè¿›ç¨‹ 4150780
2025-07-13 10:51:08,542 - WARNING - å‘ç° 1 ä¸ªæ®‹ç•™çš„Webotsè¿›ç¨‹ï¼Œå¼ºåˆ¶æ€æ­»
2025-07-13 10:51:08,542 - WARNING - å¼ºåˆ¶æ€æ­»Webotsè¿›ç¨‹ 4150777
2025-07-13 10:51:08,557 - INFO - æœªæ‰¾åˆ°è¿è¡Œä¸­çš„Xvfbè¿›ç¨‹
2025-07-13 10:51:08,558 - INFO - å·²æ¸…ç†å½“å‰åœºæ™¯ä¿¡æ¯
2025-07-13 10:51:08,558 - INFO - ä¸» Flask æœåŠ¡å™¨æ´»åŠ¨æ—¥å¿—å·²ä¿å­˜è‡³ log/flask_server_activity_log.json
2025-07-13 10:51:08,584 - INFO - Supervisor ä¸–ç•ŒçŠ¶æ€æ—¥å¿—å·²ä¿å­˜è‡³ log/supervisor_world_status_log.json
2025-07-13 10:51:08,584 - INFO - æ•´åˆFlaskæœåŠ¡å™¨åœæ­¢
2025-07-13 10:51:08,584 - INFO - æœåŠ¡å™¨å·²å®‰å…¨åœæ­¢
2025-07-13 10:51:56,425 - INFO - ğŸš€ Webotsæ§åˆ¶æœåŠ¡å™¨å¯åŠ¨ä¸­...
2025-07-13 10:51:56,425 - INFO - ğŸ” æ­£åœ¨åŠ è½½åœºæ™¯é…ç½®...
2025-07-13 10:51:56,425 - INFO - åœºæ™¯é…ç½®æ–‡ä»¶åŠ è½½æˆåŠŸ: /home/public/wangwei/webots_flask_server_http/configs/scene_configs.json
2025-07-13 10:51:56,425 - INFO - æ­£åœ¨æ‰«æåœºæ™¯ä¸­çš„æ ‡ç­¾ç‚¹...
2025-07-13 10:51:56,426 - INFO - åœºæ™¯é…ç½®æ›´æ–°å®Œæˆ
2025-07-13 10:51:56,428 - INFO - FlaskæœåŠ¡å™¨å¯åŠ¨
2025-07-13 10:52:49,444 - INFO - å¯åŠ¨å‰æ¸…ç†æ‰€æœ‰Webotsè¿›ç¨‹...
2025-07-13 10:52:49,463 - INFO - æœªæ‰¾åˆ°è¿è¡Œä¸­çš„Webotsè¿›ç¨‹
2025-07-13 10:52:49,477 - INFO - æœªæ‰¾åˆ°è¿è¡Œä¸­çš„Xvfbè¿›ç¨‹
2025-07-13 10:52:49,477 - INFO - é€‰æ‹©åœºæ™¯: 3 - Box Moving Scene V2 v1.0.0
2025-07-13 10:52:49,485 - INFO - Webotsè¿›ç¨‹å¯åŠ¨æˆåŠŸï¼ŒPID: 4180787, åœºæ™¯: Box Moving Scene V2, åœºæ™¯ID: 3, ç‰ˆæœ¬: 1.0.0
2025-07-13 10:52:49,485 - INFO - ç­‰å¾…Supervisoræ›´æ–°ä¸–ç•ŒçŠ¶æ€...
2025-07-13 10:53:14,994 - INFO - Supervisorå·²æ›´æ–°ä¸–ç•ŒçŠ¶æ€ï¼Œåœºæ™¯åŠ è½½å®Œæˆ
2025-07-13 11:04:47,987 - INFO - æ‰¾åˆ° 25 ä¸ª Webots è¿›ç¨‹
2025-07-13 11:04:47,987 - INFO - å‘é€SIGTERMåˆ°Webotsè¿›ç¨‹ 4180787
2025-07-13 11:04:48,087 - INFO - å‘é€SIGTERMåˆ°Webotsè¿›ç¨‹ 4180790
2025-07-13 11:04:49,204 - WARNING - å‘ç° 1 ä¸ªæ®‹ç•™çš„Webotsè¿›ç¨‹ï¼Œå¼ºåˆ¶æ€æ­»
2025-07-13 11:04:49,204 - WARNING - å¼ºåˆ¶æ€æ­»Webotsè¿›ç¨‹ 4180787
2025-07-13 11:04:49,217 - INFO - æœªæ‰¾åˆ°è¿è¡Œä¸­çš„Xvfbè¿›ç¨‹
2025-07-13 11:04:49,218 - INFO - å·²æ¸…ç†å½“å‰åœºæ™¯ä¿¡æ¯
2025-07-13 11:04:49,218 - INFO - ä¸» Flask æœåŠ¡å™¨æ´»åŠ¨æ—¥å¿—å·²ä¿å­˜è‡³ log/flask_server_activity_log.json
2025-07-13 11:04:49,247 - INFO - Supervisor ä¸–ç•ŒçŠ¶æ€æ—¥å¿—å·²ä¿å­˜è‡³ log/supervisor_world_status_log.json
2025-07-13 11:04:49,248 - INFO - æ•´åˆFlaskæœåŠ¡å™¨åœæ­¢
2025-07-13 11:04:49,248 - INFO - æœåŠ¡å™¨å·²å®‰å…¨åœæ­¢
2025-07-13 11:04:50,266 - INFO - ğŸš€ Webotsæ§åˆ¶æœåŠ¡å™¨å¯åŠ¨ä¸­...
2025-07-13 11:04:50,266 - INFO - ğŸ” æ­£åœ¨åŠ è½½åœºæ™¯é…ç½®...
2025-07-13 11:04:50,266 - INFO - åœºæ™¯é…ç½®æ–‡ä»¶åŠ è½½æˆåŠŸ: /home/public/wangwei/webots_flask_server_http/configs/scene_configs.json
2025-07-13 11:04:50,267 - INFO - æ­£åœ¨æ‰«æåœºæ™¯ä¸­çš„æ ‡ç­¾ç‚¹...
2025-07-13 11:04:50,269 - INFO - åœºæ™¯é…ç½®æ›´æ–°å®Œæˆ
2025-07-13 11:04:50,271 - INFO - FlaskæœåŠ¡å™¨å¯åŠ¨
2025-07-13 11:08:50,838 - INFO - å¯åŠ¨å‰æ¸…ç†æ‰€æœ‰Webotsè¿›ç¨‹...
2025-07-13 11:08:50,854 - INFO - æœªæ‰¾åˆ°è¿è¡Œä¸­çš„Webotsè¿›ç¨‹
2025-07-13 11:08:50,869 - INFO - æœªæ‰¾åˆ°è¿è¡Œä¸­çš„Xvfbè¿›ç¨‹
2025-07-13 11:08:50,870 - INFO - é€‰æ‹©åœºæ™¯: 3 - Box Moving Scene V2 v1.0.0
2025-07-13 11:08:50,877 - INFO - Webotsè¿›ç¨‹å¯åŠ¨æˆåŠŸï¼ŒPID: 32162, åœºæ™¯: Box Moving Scene V2, åœºæ™¯ID: 3, ç‰ˆæœ¬: 1.0.0
2025-07-13 11:08:50,877 - INFO - ç­‰å¾…Supervisoræ›´æ–°ä¸–ç•ŒçŠ¶æ€...
2025-07-13 11:09:17,384 - INFO - Supervisorå·²æ›´æ–°ä¸–ç•ŒçŠ¶æ€ï¼Œåœºæ™¯åŠ è½½å®Œæˆ
2025-07-13 11:10:38,742 - INFO - æ‰¾åˆ° 25 ä¸ª Webots è¿›ç¨‹
2025-07-13 11:10:38,742 - INFO - å‘é€SIGTERMåˆ°Webotsè¿›ç¨‹ 32162
2025-07-13 11:10:38,842 - INFO - å‘é€SIGTERMåˆ°Webotsè¿›ç¨‹ 32165
2025-07-13 11:10:39,957 - WARNING - å‘ç° 1 ä¸ªæ®‹ç•™çš„Webotsè¿›ç¨‹ï¼Œå¼ºåˆ¶æ€æ­»
2025-07-13 11:10:39,957 - WARNING - å¼ºåˆ¶æ€æ­»Webotsè¿›ç¨‹ 32162
2025-07-13 11:10:39,972 - INFO - æœªæ‰¾åˆ°è¿è¡Œä¸­çš„Xvfbè¿›ç¨‹
2025-07-13 11:10:39,972 - INFO - å·²æ¸…ç†å½“å‰åœºæ™¯ä¿¡æ¯
2025-07-13 11:10:39,972 - INFO - ä¸» Flask æœåŠ¡å™¨æ´»åŠ¨æ—¥å¿—å·²ä¿å­˜è‡³ log/flask_server_activity_log.json
2025-07-13 11:10:39,976 - INFO - Supervisor ä¸–ç•ŒçŠ¶æ€æ—¥å¿—å·²ä¿å­˜è‡³ log/supervisor_world_status_log.json
2025-07-13 11:10:39,977 - INFO - æ•´åˆFlaskæœåŠ¡å™¨åœæ­¢
2025-07-13 11:10:39,977 - INFO - æœåŠ¡å™¨å·²å®‰å…¨åœæ­¢
2025-07-13 11:10:48,728 - INFO - ğŸš€ Webotsæ§åˆ¶æœåŠ¡å™¨å¯åŠ¨ä¸­...
2025-07-13 11:10:48,728 - INFO - ğŸ” æ­£åœ¨åŠ è½½åœºæ™¯é…ç½®...
2025-07-13 11:10:48,728 - INFO - åœºæ™¯é…ç½®æ–‡ä»¶åŠ è½½æˆåŠŸ: /home/public/wangwei/webots_flask_server_http/configs/scene_configs.json
2025-07-13 11:10:48,728 - INFO - æ­£åœ¨æ‰«æåœºæ™¯ä¸­çš„æ ‡ç­¾ç‚¹...
2025-07-13 11:10:48,730 - INFO - åœºæ™¯é…ç½®æ›´æ–°å®Œæˆ
2025-07-13 11:10:48,732 - INFO - FlaskæœåŠ¡å™¨å¯åŠ¨
2025-07-13 11:10:52,569 - INFO - å¯åŠ¨å‰æ¸…ç†æ‰€æœ‰Webotsè¿›ç¨‹...
2025-07-13 11:10:52,586 - INFO - æœªæ‰¾åˆ°è¿è¡Œä¸­çš„Webotsè¿›ç¨‹
2025-07-13 11:10:52,603 - INFO - æœªæ‰¾åˆ°è¿è¡Œä¸­çš„Xvfbè¿›ç¨‹
2025-07-13 11:10:52,603 - INFO - é€‰æ‹©åœºæ™¯: 3 - Box Moving Scene V2 v1.0.0
2025-07-13 11:10:52,609 - INFO - Webotsè¿›ç¨‹å¯åŠ¨æˆåŠŸï¼ŒPID: 37959, åœºæ™¯: Box Moving Scene V2, åœºæ™¯ID: 3, ç‰ˆæœ¬: 1.0.0
2025-07-13 11:10:52,610 - INFO - ç­‰å¾…Supervisoræ›´æ–°ä¸–ç•ŒçŠ¶æ€...
2025-07-13 11:11:30,618 - INFO - Supervisorå·²æ›´æ–°ä¸–ç•ŒçŠ¶æ€ï¼Œåœºæ™¯åŠ è½½å®Œæˆ
2025-07-13 11:15:02,053 - INFO - å¯åŠ¨å‰æ¸…ç†æ‰€æœ‰Webotsè¿›ç¨‹...
2025-07-13 11:15:02,075 - INFO - æ‰¾åˆ° 25 ä¸ª Webots è¿›ç¨‹
2025-07-13 11:15:02,075 - INFO - å‘é€SIGTERMåˆ°Webotsè¿›ç¨‹ 37959
2025-07-13 11:15:02,175 - INFO - å‘é€SIGTERMåˆ°Webotsè¿›ç¨‹ 37962
2025-07-13 11:15:02,275 - INFO - å‘é€SIGTERMåˆ°Webotsè¿›ç¨‹ 38764
2025-07-13 11:15:03,393 - WARNING - å‘ç° 1 ä¸ªæ®‹ç•™çš„Webotsè¿›ç¨‹ï¼Œå¼ºåˆ¶æ€æ­»
2025-07-13 11:15:03,393 - WARNING - å¼ºåˆ¶æ€æ­»Webotsè¿›ç¨‹ 37959
2025-07-13 11:15:03,408 - INFO - æœªæ‰¾åˆ°è¿è¡Œä¸­çš„Xvfbè¿›ç¨‹
2025-07-13 11:15:03,408 - INFO - å·²æ¸…ç†å½“å‰åœºæ™¯ä¿¡æ¯
2025-07-13 11:15:03,408 - INFO - é€‰æ‹©åœºæ™¯: 3 - Box Moving Scene V2 v1.0.0
2025-07-13 11:15:03,413 - INFO - Webotsè¿›ç¨‹å¯åŠ¨æˆåŠŸï¼ŒPID: 49103, åœºæ™¯: Box Moving Scene V2, åœºæ™¯ID: 3, ç‰ˆæœ¬: 1.0.0
2025-07-13 11:15:03,414 - INFO - ç­‰å¾…Supervisoræ›´æ–°ä¸–ç•ŒçŠ¶æ€...
2025-07-13 11:15:40,422 - INFO - Supervisorå·²æ›´æ–°ä¸–ç•ŒçŠ¶æ€ï¼Œåœºæ™¯åŠ è½½å®Œæˆ
2025-07-13 11:15:40,423 - INFO - å¯åŠ¨å‰æ¸…ç†æ‰€æœ‰Webotsè¿›ç¨‹...
2025-07-13 11:15:40,439 - INFO - æ‰¾åˆ° 25 ä¸ª Webots è¿›ç¨‹
2025-07-13 11:15:40,439 - INFO - å‘é€SIGTERMåˆ°Webotsè¿›ç¨‹ 49103
2025-07-13 11:15:40,540 - INFO - å‘é€SIGTERMåˆ°Webotsè¿›ç¨‹ 49107
2025-07-13 11:15:40,640 - INFO - å‘é€SIGTERMåˆ°Webotsè¿›ç¨‹ 49874
2025-07-13 11:15:41,757 - WARNING - å‘ç° 1 ä¸ªæ®‹ç•™çš„Webotsè¿›ç¨‹ï¼Œå¼ºåˆ¶æ€æ­»
2025-07-13 11:15:41,757 - WARNING - å¼ºåˆ¶æ€æ­»Webotsè¿›ç¨‹ 49103
2025-07-13 11:15:41,771 - INFO - æœªæ‰¾åˆ°è¿è¡Œä¸­çš„Xvfbè¿›ç¨‹
2025-07-13 11:15:41,771 - INFO - å·²æ¸…ç†å½“å‰åœºæ™¯ä¿¡æ¯
2025-07-13 11:15:41,771 - INFO - é€‰æ‹©åœºæ™¯: 3 - Box Moving Scene V2 v1.0.0
2025-07-13 11:15:41,776 - INFO - Webotsè¿›ç¨‹å¯åŠ¨æˆåŠŸï¼ŒPID: 50841, åœºæ™¯: Box Moving Scene V2, åœºæ™¯ID: 3, ç‰ˆæœ¬: 1.0.0
2025-07-13 11:15:41,777 - INFO - ç­‰å¾…Supervisoræ›´æ–°ä¸–ç•ŒçŠ¶æ€...
2025-07-13 11:16:18,786 - INFO - Supervisorå·²æ›´æ–°ä¸–ç•ŒçŠ¶æ€ï¼Œåœºæ™¯åŠ è½½å®Œæˆ
2025-07-13 11:18:11,570 - INFO - å¯åŠ¨å‰æ¸…ç†æ‰€æœ‰Webotsè¿›ç¨‹...
2025-07-13 11:18:11,592 - INFO - æ‰¾åˆ° 25 ä¸ª Webots è¿›ç¨‹
2025-07-13 11:18:11,592 - INFO - å‘é€SIGTERMåˆ°Webotsè¿›ç¨‹ 50841
2025-07-13 11:18:11,693 - INFO - å‘é€SIGTERMåˆ°Webotsè¿›ç¨‹ 50844
2025-07-13 11:18:12,809 - WARNING - å‘ç° 1 ä¸ªæ®‹ç•™çš„Webotsè¿›ç¨‹ï¼Œå¼ºåˆ¶æ€æ­»
2025-07-13 11:18:12,809 - WARNING - å¼ºåˆ¶æ€æ­»Webotsè¿›ç¨‹ 50841
2025-07-13 11:18:12,823 - INFO - æœªæ‰¾åˆ°è¿è¡Œä¸­çš„Xvfbè¿›ç¨‹
2025-07-13 11:18:12,823 - INFO - å·²æ¸…ç†å½“å‰åœºæ™¯ä¿¡æ¯
2025-07-13 11:18:12,824 - INFO - é€‰æ‹©åœºæ™¯: 3 - Box Moving Scene V2 v1.0.0
2025-07-13 11:18:12,830 - INFO - Webotsè¿›ç¨‹å¯åŠ¨æˆåŠŸï¼ŒPID: 57427, åœºæ™¯: Box Moving Scene V2, åœºæ™¯ID: 3, ç‰ˆæœ¬: 1.0.0
2025-07-13 11:18:12,830 - INFO - ç­‰å¾…Supervisoræ›´æ–°ä¸–ç•ŒçŠ¶æ€...
2025-07-13 11:18:32,954 - INFO - æ‰¾åˆ° 25 ä¸ª Webots è¿›ç¨‹
2025-07-13 11:18:32,954 - INFO - å‘é€SIGTERMåˆ°Webotsè¿›ç¨‹ 57427
2025-07-13 11:18:33,054 - INFO - å‘é€SIGTERMåˆ°Webotsè¿›ç¨‹ 57430
2025-07-13 11:18:33,154 - INFO - å‘é€SIGTERMåˆ°Webotsè¿›ç¨‹ 58169
2025-07-13 11:18:34,271 - WARNING - å‘ç° 1 ä¸ªæ®‹ç•™çš„Webotsè¿›ç¨‹ï¼Œå¼ºåˆ¶æ€æ­»
2025-07-13 11:18:34,271 - WARNING - å¼ºåˆ¶æ€æ­»Webotsè¿›ç¨‹ 57427
2025-07-13 11:18:34,286 - INFO - æœªæ‰¾åˆ°è¿è¡Œä¸­çš„Xvfbè¿›ç¨‹
2025-07-13 11:18:34,286 - INFO - å·²æ¸…ç†å½“å‰åœºæ™¯ä¿¡æ¯
2025-07-13 11:18:34,286 - INFO - ä¸» Flask æœåŠ¡å™¨æ´»åŠ¨æ—¥å¿—å·²ä¿å­˜è‡³ log/flask_server_activity_log.json
2025-07-13 11:18:34,287 - INFO - Supervisor ä¸–ç•ŒçŠ¶æ€æ—¥å¿—å·²ä¿å­˜è‡³ log/supervisor_world_status_log.json
2025-07-13 11:18:34,287 - INFO - æ•´åˆFlaskæœåŠ¡å™¨åœæ­¢
2025-07-13 11:18:34,287 - INFO - æœåŠ¡å™¨å·²å®‰å…¨åœæ­¢
2025-07-13 11:18:36,121 - INFO - ğŸš€ Webotsæ§åˆ¶æœåŠ¡å™¨å¯åŠ¨ä¸­...
2025-07-13 11:18:36,121 - INFO - ğŸ” æ­£åœ¨åŠ è½½åœºæ™¯é…ç½®...
2025-07-13 11:18:36,121 - INFO - åœºæ™¯é…ç½®æ–‡ä»¶åŠ è½½æˆåŠŸ: /home/public/wangwei/webots_flask_server_http/configs/scene_configs.json
2025-07-13 11:18:36,121 - INFO - æ­£åœ¨æ‰«æåœºæ™¯ä¸­çš„æ ‡ç­¾ç‚¹...
2025-07-13 11:18:36,122 - INFO - åœºæ™¯é…ç½®æ›´æ–°å®Œæˆ
2025-07-13 11:18:36,126 - INFO - FlaskæœåŠ¡å™¨å¯åŠ¨
2025-07-13 11:18:40,563 - INFO - å¯åŠ¨å‰æ¸…ç†æ‰€æœ‰Webotsè¿›ç¨‹...
2025-07-13 11:18:40,583 - INFO - æœªæ‰¾åˆ°è¿è¡Œä¸­çš„Webotsè¿›ç¨‹
2025-07-13 11:18:40,600 - INFO - æœªæ‰¾åˆ°è¿è¡Œä¸­çš„Xvfbè¿›ç¨‹
2025-07-13 11:18:40,600 - INFO - é€‰æ‹©åœºæ™¯: 3 - Box Moving Scene V2 v1.0.0
2025-07-13 11:18:40,606 - INFO - Webotsè¿›ç¨‹å¯åŠ¨æˆåŠŸï¼ŒPID: 58716, åœºæ™¯: Box Moving Scene V2, åœºæ™¯ID: 3, ç‰ˆæœ¬: 1.0.0
2025-07-13 11:18:40,606 - INFO - ç­‰å¾…Supervisoræ›´æ–°ä¸–ç•ŒçŠ¶æ€...
2025-07-13 11:19:23,619 - INFO - Supervisorå·²æ›´æ–°ä¸–ç•ŒçŠ¶æ€ï¼Œåœºæ™¯åŠ è½½å®Œæˆ
2025-07-13 11:19:48,490 - INFO - å¯åŠ¨å‰æ¸…ç†æ‰€æœ‰Webotsè¿›ç¨‹...
2025-07-13 11:19:48,513 - INFO - æ‰¾åˆ° 25 ä¸ª Webots è¿›ç¨‹
2025-07-13 11:19:48,513 - INFO - å‘é€SIGTERMåˆ°Webotsè¿›ç¨‹ 58716
2025-07-13 11:19:48,614 - INFO - å‘é€SIGTERMåˆ°Webotsè¿›ç¨‹ 58719
2025-07-13 11:19:48,714 - INFO - å‘é€SIGTERMåˆ°Webotsè¿›ç¨‹ 59462
2025-07-13 11:19:49,832 - WARNING - å‘ç° 1 ä¸ªæ®‹ç•™çš„Webotsè¿›ç¨‹ï¼Œå¼ºåˆ¶æ€æ­»
2025-07-13 11:19:49,833 - WARNING - å¼ºåˆ¶æ€æ­»Webotsè¿›ç¨‹ 58716
2025-07-13 11:19:49,847 - INFO - æœªæ‰¾åˆ°è¿è¡Œä¸­çš„Xvfbè¿›ç¨‹
2025-07-13 11:19:49,847 - INFO - å·²æ¸…ç†å½“å‰åœºæ™¯ä¿¡æ¯
2025-07-13 11:19:49,848 - INFO - é€‰æ‹©åœºæ™¯: 3 - Box Moving Scene V2 v1.0.0
2025-07-13 11:19:49,854 - INFO - Webotsè¿›ç¨‹å¯åŠ¨æˆåŠŸï¼ŒPID: 61795, åœºæ™¯: Box Moving Scene V2, åœºæ™¯ID: 3, ç‰ˆæœ¬: 1.0.0
2025-07-13 11:19:49,854 - INFO - ç­‰å¾…Supervisoræ›´æ–°ä¸–ç•ŒçŠ¶æ€...
2025-07-13 11:20:32,367 - INFO - Supervisorå·²æ›´æ–°ä¸–ç•ŒçŠ¶æ€ï¼Œåœºæ™¯åŠ è½½å®Œæˆ
2025-07-13 11:34:56,454 - INFO - å¯åŠ¨å‰æ¸…ç†æ‰€æœ‰Webotsè¿›ç¨‹...
2025-07-13 11:34:56,473 - INFO - æ‰¾åˆ° 25 ä¸ª Webots è¿›ç¨‹
2025-07-13 11:34:56,473 - INFO - å‘é€SIGTERMåˆ°Webotsè¿›ç¨‹ 61795
2025-07-13 11:34:56,573 - INFO - å‘é€SIGTERMåˆ°Webotsè¿›ç¨‹ 61798
2025-07-13 11:34:56,674 - INFO - å‘é€SIGTERMåˆ°Webotsè¿›ç¨‹ 62553
2025-07-13 11:34:56,774 - INFO - å‘é€SIGTERMåˆ°Webotsè¿›ç¨‹ 62554
2025-07-13 11:34:56,874 - INFO - å‘é€SIGTERMåˆ°Webotsè¿›ç¨‹ 62555
2025-07-13 11:34:56,975 - INFO - å‘é€SIGTERMåˆ°Webotsè¿›ç¨‹ 62556
2025-07-13 11:34:57,075 - INFO - å‘é€SIGTERMåˆ°Webotsè¿›ç¨‹ 62557
2025-07-13 11:34:57,176 - INFO - å‘é€SIGTERMåˆ°Webotsè¿›ç¨‹ 62558
2025-07-13 11:34:57,276 - INFO - å‘é€SIGTERMåˆ°Webotsè¿›ç¨‹ 62559
2025-07-13 11:34:57,376 - INFO - å‘é€SIGTERMåˆ°Webotsè¿›ç¨‹ 62562
2025-07-13 11:34:57,477 - INFO - å‘é€SIGTERMåˆ°Webotsè¿›ç¨‹ 62566
2025-07-13 11:34:57,577 - INFO - å‘é€SIGTERMåˆ°Webotsè¿›ç¨‹ 62567
2025-07-13 11:34:57,677 - INFO - å‘é€SIGTERMåˆ°Webotsè¿›ç¨‹ 62568
2025-07-13 11:34:57,777 - INFO - å‘é€SIGTERMåˆ°Webotsè¿›ç¨‹ 62569
2025-07-13 11:34:57,878 - INFO - å‘é€SIGTERMåˆ°Webotsè¿›ç¨‹ 62570
2025-07-13 11:34:57,978 - INFO - å‘é€SIGTERMåˆ°Webotsè¿›ç¨‹ 62571
2025-07-13 11:34:58,078 - INFO - å‘é€SIGTERMåˆ°Webotsè¿›ç¨‹ 62572
2025-07-13 11:34:59,195 - WARNING - å‘ç° 1 ä¸ªæ®‹ç•™çš„Webotsè¿›ç¨‹ï¼Œå¼ºåˆ¶æ€æ­»
2025-07-13 11:34:59,196 - WARNING - å¼ºåˆ¶æ€æ­»Webotsè¿›ç¨‹ 61795
2025-07-13 11:34:59,214 - INFO - æœªæ‰¾åˆ°è¿è¡Œä¸­çš„Xvfbè¿›ç¨‹
2025-07-13 11:34:59,215 - INFO - å·²æ¸…ç†å½“å‰åœºæ™¯ä¿¡æ¯
2025-07-13 11:34:59,215 - INFO - é€‰æ‹©åœºæ™¯: 3 - Box Moving Scene V2 v1.0.0
2025-07-13 11:34:59,220 - INFO - Webotsè¿›ç¨‹å¯åŠ¨æˆåŠŸï¼ŒPID: 100908, åœºæ™¯: Box Moving Scene V2, åœºæ™¯ID: 3, ç‰ˆæœ¬: 1.0.0
2025-07-13 11:34:59,221 - INFO - ç­‰å¾…Supervisoræ›´æ–°ä¸–ç•ŒçŠ¶æ€...
2025-07-13 11:42:22,866 - INFO - Supervisorå·²æ›´æ–°ä¸–ç•ŒçŠ¶æ€ï¼Œåœºæ™¯åŠ è½½å®Œæˆ
2025-07-13 11:42:30,245 - INFO - å¯åŠ¨å‰æ¸…ç†æ‰€æœ‰Webotsè¿›ç¨‹...
2025-07-13 11:42:30,265 - INFO - æ‰¾åˆ° 25 ä¸ª Webots è¿›ç¨‹
2025-07-13 11:42:30,265 - INFO - å‘é€SIGTERMåˆ°Webotsè¿›ç¨‹ 100908
2025-07-13 11:42:30,365 - INFO - å‘é€SIGTERMåˆ°Webotsè¿›ç¨‹ 100911
2025-07-13 11:42:30,465 - INFO - å‘é€SIGTERMåˆ°Webotsè¿›ç¨‹ 119010
2025-07-13 11:42:31,588 - WARNING - å‘ç° 1 ä¸ªæ®‹ç•™çš„Webotsè¿›ç¨‹ï¼Œå¼ºåˆ¶æ€æ­»
2025-07-13 11:42:31,588 - WARNING - å¼ºåˆ¶æ€æ­»Webotsè¿›ç¨‹ 100908
2025-07-13 11:42:31,605 - INFO - æœªæ‰¾åˆ°è¿è¡Œä¸­çš„Xvfbè¿›ç¨‹
2025-07-13 11:42:31,605 - INFO - å·²æ¸…ç†å½“å‰åœºæ™¯ä¿¡æ¯
2025-07-13 11:42:31,605 - INFO - é€‰æ‹©åœºæ™¯: 3 - Box Moving Scene V2 v1.0.0
2025-07-13 11:42:31,613 - INFO - Webotsè¿›ç¨‹å¯åŠ¨æˆåŠŸï¼ŒPID: 120497, åœºæ™¯: Box Moving Scene V2, åœºæ™¯ID: 3, ç‰ˆæœ¬: 1.0.0
2025-07-13 11:42:31,613 - INFO - ç­‰å¾…Supervisoræ›´æ–°ä¸–ç•ŒçŠ¶æ€...
2025-07-13 11:43:15,124 - INFO - Supervisorå·²æ›´æ–°ä¸–ç•ŒçŠ¶æ€ï¼Œåœºæ™¯åŠ è½½å®Œæˆ
2025-07-13 11:44:17,293 - INFO - å¯åŠ¨å‰æ¸…ç†æ‰€æœ‰Webotsè¿›ç¨‹...
2025-07-13 11:44:17,309 - INFO - æ‰¾åˆ° 25 ä¸ª Webots è¿›ç¨‹
2025-07-13 11:44:17,309 - INFO - å‘é€SIGTERMåˆ°Webotsè¿›ç¨‹ 120497
2025-07-13 11:44:17,409 - INFO - å‘é€SIGTERMåˆ°Webotsè¿›ç¨‹ 120501
2025-07-13 11:44:17,509 - INFO - å‘é€SIGTERMåˆ°Webotsè¿›ç¨‹ 123088
2025-07-13 11:44:18,628 - WARNING - å‘ç° 1 ä¸ªæ®‹ç•™çš„Webotsè¿›ç¨‹ï¼Œå¼ºåˆ¶æ€æ­»
2025-07-13 11:44:18,628 - WARNING - å¼ºåˆ¶æ€æ­»Webotsè¿›ç¨‹ 120497
2025-07-13 11:44:18,643 - INFO - æœªæ‰¾åˆ°è¿è¡Œä¸­çš„Xvfbè¿›ç¨‹
2025-07-13 11:44:18,643 - INFO - å·²æ¸…ç†å½“å‰åœºæ™¯ä¿¡æ¯
2025-07-13 11:44:18,643 - INFO - é€‰æ‹©åœºæ™¯: 3 - Box Moving Scene V2 v1.0.0
2025-07-13 11:44:18,648 - INFO - Webotsè¿›ç¨‹å¯åŠ¨æˆåŠŸï¼ŒPID: 125220, åœºæ™¯: Box Moving Scene V2, åœºæ™¯ID: 3, ç‰ˆæœ¬: 1.0.0
2025-07-13 11:44:18,649 - INFO - ç­‰å¾…Supervisoræ›´æ–°ä¸–ç•ŒçŠ¶æ€...
2025-07-13 11:45:02,658 - INFO - Supervisorå·²æ›´æ–°ä¸–ç•ŒçŠ¶æ€ï¼Œåœºæ™¯åŠ è½½å®Œæˆ
2025-07-13 11:54:31,048 - INFO - å¯åŠ¨å‰æ¸…ç†æ‰€æœ‰Webotsè¿›ç¨‹...
2025-07-13 11:54:31,066 - INFO - æ‰¾åˆ° 25 ä¸ª Webots è¿›ç¨‹
2025-07-13 11:54:31,066 - INFO - å‘é€SIGTERMåˆ°Webotsè¿›ç¨‹ 125220
2025-07-13 11:54:31,167 - INFO - å‘é€SIGTERMåˆ°Webotsè¿›ç¨‹ 125228
2025-07-13 11:54:32,288 - WARNING - å‘ç° 1 ä¸ªæ®‹ç•™çš„Webotsè¿›ç¨‹ï¼Œå¼ºåˆ¶æ€æ­»
2025-07-13 11:54:32,288 - WARNING - å¼ºåˆ¶æ€æ­»Webotsè¿›ç¨‹ 125220
2025-07-13 11:54:32,302 - INFO - æœªæ‰¾åˆ°è¿è¡Œä¸­çš„Xvfbè¿›ç¨‹
2025-07-13 11:54:32,302 - INFO - å·²æ¸…ç†å½“å‰åœºæ™¯ä¿¡æ¯
2025-07-13 11:54:32,303 - INFO - é€‰æ‹©åœºæ™¯: 3 - Box Moving Scene V2 v1.0.0
2025-07-13 11:54:32,308 - INFO - Webotsè¿›ç¨‹å¯åŠ¨æˆåŠŸï¼ŒPID: 151556, åœºæ™¯: Box Moving Scene V2, åœºæ™¯ID: 3, ç‰ˆæœ¬: 1.0.0
2025-07-13 11:54:32,308 - INFO - ç­‰å¾…Supervisoræ›´æ–°ä¸–ç•ŒçŠ¶æ€...
2025-07-13 11:55:14,819 - INFO - Supervisorå·²æ›´æ–°ä¸–ç•ŒçŠ¶æ€ï¼Œåœºæ™¯åŠ è½½å®Œæˆ
2025-07-13 13:59:55,871 - INFO - æ‰¾åˆ° 25 ä¸ª Webots è¿›ç¨‹
2025-07-13 13:59:55,871 - INFO - å‘é€SIGTERMåˆ°Webotsè¿›ç¨‹ 151556
2025-07-13 13:59:55,972 - INFO - å‘é€SIGTERMåˆ°Webotsè¿›ç¨‹ 151559
2025-07-13 13:59:56,072 - INFO - å‘é€SIGTERMåˆ°Webotsè¿›ç¨‹ 152309
2025-07-13 13:59:57,189 - WARNING - å‘ç° 1 ä¸ªæ®‹ç•™çš„Webotsè¿›ç¨‹ï¼Œå¼ºåˆ¶æ€æ­»
2025-07-13 13:59:57,189 - WARNING - å¼ºåˆ¶æ€æ­»Webotsè¿›ç¨‹ 151556
2025-07-13 13:59:57,204 - INFO - æœªæ‰¾åˆ°è¿è¡Œä¸­çš„Xvfbè¿›ç¨‹
2025-07-13 13:59:57,204 - INFO - å·²æ¸…ç†å½“å‰åœºæ™¯ä¿¡æ¯
2025-07-13 13:59:57,205 - INFO - ä¸» Flask æœåŠ¡å™¨æ´»åŠ¨æ—¥å¿—å·²ä¿å­˜è‡³ log/flask_server_activity_log.json
2025-07-13 13:59:57,340 - INFO - Supervisor ä¸–ç•ŒçŠ¶æ€æ—¥å¿—å·²ä¿å­˜è‡³ log/supervisor_world_status_log.json
2025-07-13 13:59:57,340 - INFO - æ•´åˆFlaskæœåŠ¡å™¨åœæ­¢
2025-07-13 13:59:57,340 - INFO - æœåŠ¡å™¨å·²å®‰å…¨åœæ­¢
2025-07-13 13:59:58,524 - INFO - ğŸš€ Webotsæ§åˆ¶æœåŠ¡å™¨å¯åŠ¨ä¸­...
2025-07-13 13:59:58,525 - INFO - ğŸ” æ­£åœ¨åŠ è½½åœºæ™¯é…ç½®...
2025-07-13 13:59:58,525 - INFO - åœºæ™¯é…ç½®æ–‡ä»¶åŠ è½½æˆåŠŸ: /home/public/wangwei/webots_flask_server_http/configs/scene_configs.json
2025-07-13 13:59:58,525 - INFO - æ­£åœ¨æ‰«æåœºæ™¯ä¸­çš„æ ‡ç­¾ç‚¹...
2025-07-13 13:59:58,527 - INFO - åœºæ™¯é…ç½®æ›´æ–°å®Œæˆ
2025-07-13 13:59:58,531 - INFO - FlaskæœåŠ¡å™¨å¯åŠ¨
2025-07-13 14:01:48,316 - INFO - æœªæ‰¾åˆ°è¿è¡Œä¸­çš„Webotsè¿›ç¨‹
2025-07-13 14:01:48,332 - INFO - æœªæ‰¾åˆ°è¿è¡Œä¸­çš„Xvfbè¿›ç¨‹
2025-07-13 14:01:48,333 - INFO - ä¸» Flask æœåŠ¡å™¨æ´»åŠ¨æ—¥å¿—å·²ä¿å­˜è‡³ log/flask_server_activity_log.json
2025-07-13 14:01:48,335 - INFO - Supervisor ä¸–ç•ŒçŠ¶æ€æ—¥å¿—å·²ä¿å­˜è‡³ log/supervisor_world_status_log.json
2025-07-13 14:01:48,335 - INFO - æ•´åˆFlaskæœåŠ¡å™¨åœæ­¢
2025-07-13 14:01:48,335 - INFO - æœåŠ¡å™¨å·²å®‰å…¨åœæ­¢
2025-07-13 14:01:49,914 - INFO - ğŸš€ Webotsæ§åˆ¶æœåŠ¡å™¨å¯åŠ¨ä¸­...
2025-07-13 14:01:49,914 - INFO - ğŸ” æ­£åœ¨åŠ è½½åœºæ™¯é…ç½®...
2025-07-13 14:01:49,915 - INFO - åœºæ™¯é…ç½®æ–‡ä»¶åŠ è½½æˆåŠŸ: /home/public/wangwei/webots_flask_server_http/configs/scene_configs.json
2025-07-13 14:01:49,915 - INFO - æ­£åœ¨æ‰«æåœºæ™¯ä¸­çš„æ ‡ç­¾ç‚¹...
2025-07-13 14:01:49,916 - INFO - åœºæ™¯é…ç½®æ›´æ–°å®Œæˆ
2025-07-13 14:01:49,916 - INFO - FlaskæœåŠ¡å™¨å¯åŠ¨
2025-07-13 14:03:31,745 - INFO - æ‰¾åˆ° 25 ä¸ª Webots è¿›ç¨‹
2025-07-13 14:03:31,745 - INFO - å‘é€SIGTERMåˆ°Webotsè¿›ç¨‹ 486435
2025-07-13 14:03:31,846 - INFO - å‘é€SIGTERMåˆ°Webotsè¿›ç¨‹ 486440
2025-07-13 14:03:31,946 - INFO - å‘é€SIGTERMåˆ°Webotsè¿›ç¨‹ 487567
2025-07-13 14:03:32,046 - INFO - å‘é€SIGTERMåˆ°Webotsè¿›ç¨‹ 487568
2025-07-13 14:03:32,147 - INFO - å‘é€SIGTERMåˆ°Webotsè¿›ç¨‹ 487569
2025-07-13 14:03:32,247 - INFO - å‘é€SIGTERMåˆ°Webotsè¿›ç¨‹ 487570
2025-07-13 14:03:32,347 - INFO - å‘é€SIGTERMåˆ°Webotsè¿›ç¨‹ 487571
2025-07-13 14:03:32,447 - INFO - å‘é€SIGTERMåˆ°Webotsè¿›ç¨‹ 487572
2025-07-13 14:03:32,548 - INFO - å‘é€SIGTERMåˆ°Webotsè¿›ç¨‹ 487573
2025-07-13 14:03:32,648 - INFO - å‘é€SIGTERMåˆ°Webotsè¿›ç¨‹ 487574
2025-07-13 14:03:33,765 - INFO - æ‰€æœ‰Webotsè¿›ç¨‹å·²æˆåŠŸç»ˆæ­¢
2025-07-13 14:03:33,780 - INFO - æœªæ‰¾åˆ°è¿è¡Œä¸­çš„Xvfbè¿›ç¨‹
2025-07-13 14:03:33,780 - INFO - å·²æ¸…ç†å½“å‰åœºæ™¯ä¿¡æ¯
2025-07-13 14:03:33,781 - INFO - ä¸» Flask æœåŠ¡å™¨æ´»åŠ¨æ—¥å¿—å·²ä¿å­˜è‡³ log/flask_server_activity_log.json
2025-07-13 14:03:33,782 - INFO - Supervisor ä¸–ç•ŒçŠ¶æ€æ—¥å¿—å·²ä¿å­˜è‡³ log/supervisor_world_status_log.json
2025-07-13 14:03:33,782 - INFO - æ•´åˆFlaskæœåŠ¡å™¨åœæ­¢
2025-07-13 14:03:33,782 - INFO - æœåŠ¡å™¨å·²å®‰å…¨åœæ­¢
2025-07-13 14:03:36,671 - INFO - ğŸš€ Webotsæ§åˆ¶æœåŠ¡å™¨å¯åŠ¨ä¸­...
2025-07-13 14:03:36,671 - INFO - ğŸ” æ­£åœ¨åŠ è½½åœºæ™¯é…ç½®...
2025-07-13 14:03:36,671 - INFO - åœºæ™¯é…ç½®æ–‡ä»¶åŠ è½½æˆåŠŸ: /home/public/wangwei/webots_flask_server_http/configs/scene_configs.json
2025-07-13 14:03:36,671 - INFO - æ­£åœ¨æ‰«æåœºæ™¯ä¸­çš„æ ‡ç­¾ç‚¹...
2025-07-13 14:03:36,672 - INFO - åœºæ™¯é…ç½®æ›´æ–°å®Œæˆ
2025-07-13 14:03:36,672 - INFO - FlaskæœåŠ¡å™¨å¯åŠ¨
2025-07-13 14:04:57,102 - INFO - æœªæ‰¾åˆ°è¿è¡Œä¸­çš„Webotsè¿›ç¨‹
2025-07-13 14:04:57,116 - INFO - æœªæ‰¾åˆ°è¿è¡Œä¸­çš„Xvfbè¿›ç¨‹
2025-07-13 14:04:57,117 - INFO - ä¸» Flask æœåŠ¡å™¨æ´»åŠ¨æ—¥å¿—å·²ä¿å­˜è‡³ log/flask_server_activity_log.json
2025-07-13 14:04:57,156 - INFO - Supervisor ä¸–ç•ŒçŠ¶æ€æ—¥å¿—å·²ä¿å­˜è‡³ log/supervisor_world_status_log.json
2025-07-13 14:04:57,156 - INFO - æ•´åˆFlaskæœåŠ¡å™¨åœæ­¢
2025-07-13 14:04:57,156 - INFO - æœåŠ¡å™¨å·²å®‰å…¨åœæ­¢
2025-07-13 14:04:58,464 - INFO - ğŸš€ Webotsæ§åˆ¶æœåŠ¡å™¨å¯åŠ¨ä¸­...
2025-07-13 14:04:58,465 - INFO - ğŸ” æ­£åœ¨åŠ è½½åœºæ™¯é…ç½®...
2025-07-13 14:04:58,465 - INFO - åœºæ™¯é…ç½®æ–‡ä»¶åŠ è½½æˆåŠŸ: /home/public/wangwei/webots_flask_server_http/configs/scene_configs.json
2025-07-13 14:04:58,465 - INFO - æ­£åœ¨æ‰«æåœºæ™¯ä¸­çš„æ ‡ç­¾ç‚¹...
2025-07-13 14:04:58,467 - INFO - åœºæ™¯é…ç½®æ›´æ–°å®Œæˆ
2025-07-13 14:04:58,470 - INFO - FlaskæœåŠ¡å™¨å¯åŠ¨
2025-07-13 14:05:13,962 - INFO - æœªæ‰¾åˆ°è¿è¡Œä¸­çš„Webotsè¿›ç¨‹
2025-07-13 14:05:13,978 - INFO - æœªæ‰¾åˆ°è¿è¡Œä¸­çš„Xvfbè¿›ç¨‹
2025-07-13 14:05:13,978 - INFO - ä¸» Flask æœåŠ¡å™¨æ´»åŠ¨æ—¥å¿—å·²ä¿å­˜è‡³ log/flask_server_activity_log.json
2025-07-13 14:05:13,979 - INFO - Supervisor ä¸–ç•ŒçŠ¶æ€æ—¥å¿—å·²ä¿å­˜è‡³ log/supervisor_world_status_log.json
2025-07-13 14:05:13,979 - INFO - æ•´åˆFlaskæœåŠ¡å™¨åœæ­¢
2025-07-13 14:05:13,979 - INFO - æœåŠ¡å™¨å·²å®‰å…¨åœæ­¢
2025-07-13 14:05:40,820 - INFO - ğŸš€ Webotsæ§åˆ¶æœåŠ¡å™¨å¯åŠ¨ä¸­...
2025-07-13 14:05:40,821 - INFO - ğŸ” æ­£åœ¨åŠ è½½åœºæ™¯é…ç½®...
2025-07-13 14:05:40,821 - INFO - åœºæ™¯é…ç½®æ–‡ä»¶åŠ è½½æˆåŠŸ: /home/public/wangwei/webots_flask_server_http/configs/scene_configs.json
2025-07-13 14:05:40,821 - INFO - æ­£åœ¨æ‰«æåœºæ™¯ä¸­çš„æ ‡ç­¾ç‚¹...
2025-07-13 14:05:40,822 - INFO - åœºæ™¯é…ç½®æ›´æ–°å®Œæˆ
2025-07-13 14:05:40,826 - INFO - FlaskæœåŠ¡å™¨å¯åŠ¨
2025-07-13 14:09:16,251 - INFO - æ‰¾åˆ° 25 ä¸ª Webots è¿›ç¨‹
2025-07-13 14:09:16,251 - INFO - å‘é€SIGTERMåˆ°Webotsè¿›ç¨‹ 500537
2025-07-13 14:09:16,351 - INFO - å‘é€SIGTERMåˆ°Webotsè¿›ç¨‹ 500542
2025-07-13 14:09:17,466 - INFO - æ‰€æœ‰Webotsè¿›ç¨‹å·²æˆåŠŸç»ˆæ­¢
2025-07-13 14:09:17,481 - INFO - æœªæ‰¾åˆ°è¿è¡Œä¸­çš„Xvfbè¿›ç¨‹
2025-07-13 14:09:17,481 - INFO - å·²æ¸…ç†å½“å‰åœºæ™¯ä¿¡æ¯
2025-07-13 14:09:17,482 - INFO - ä¸» Flask æœåŠ¡å™¨æ´»åŠ¨æ—¥å¿—å·²ä¿å­˜è‡³ log/flask_server_activity_log.json
2025-07-13 14:09:17,485 - INFO - Supervisor ä¸–ç•ŒçŠ¶æ€æ—¥å¿—å·²ä¿å­˜è‡³ log/supervisor_world_status_log.json
2025-07-13 14:09:17,485 - INFO - æ•´åˆFlaskæœåŠ¡å™¨åœæ­¢
2025-07-13 14:09:17,485 - INFO - æœåŠ¡å™¨å·²å®‰å…¨åœæ­¢
2025-07-13 14:09:18,771 - INFO - ğŸš€ Webotsæ§åˆ¶æœåŠ¡å™¨å¯åŠ¨ä¸­...
2025-07-13 14:09:18,771 - INFO - ğŸ” æ­£åœ¨åŠ è½½åœºæ™¯é…ç½®...
2025-07-13 14:09:18,772 - INFO - åœºæ™¯é…ç½®æ–‡ä»¶åŠ è½½æˆåŠŸ: /home/public/wangwei/webots_flask_server_http/configs/scene_configs.json
2025-07-13 14:09:18,772 - INFO - æ­£åœ¨æ‰«æåœºæ™¯ä¸­çš„æ ‡ç­¾ç‚¹...
2025-07-13 14:09:18,773 - INFO - åœºæ™¯é…ç½®æ›´æ–°å®Œæˆ
2025-07-13 14:09:18,777 - INFO - FlaskæœåŠ¡å™¨å¯åŠ¨
2025-07-13 14:10:13,890 - INFO - å¯åŠ¨å‰æ¸…ç†æ‰€æœ‰Webotsè¿›ç¨‹...
2025-07-13 14:10:13,906 - INFO - æœªæ‰¾åˆ°è¿è¡Œä¸­çš„Webotsè¿›ç¨‹
2025-07-13 14:10:13,921 - INFO - æœªæ‰¾åˆ°è¿è¡Œä¸­çš„Xvfbè¿›ç¨‹
2025-07-13 14:10:13,921 - INFO - é€‰æ‹©åœºæ™¯: 3 - Box Moving Scene V2 v1.0.0
2025-07-13 14:10:13,929 - INFO - Webotsè¿›ç¨‹å¯åŠ¨æˆåŠŸï¼ŒPID: 519137, åœºæ™¯: Box Moving Scene V2, åœºæ™¯ID: 3, ç‰ˆæœ¬: 1.0.0
2025-07-13 14:10:13,929 - INFO - ç­‰å¾…Supervisoræ›´æ–°ä¸–ç•ŒçŠ¶æ€...
2025-07-13 14:10:34,751 - INFO - æ‰¾åˆ° 1 ä¸ª Webots è¿›ç¨‹
2025-07-13 14:10:34,751 - INFO - å‘é€SIGTERMåˆ°Webotsè¿›ç¨‹ 519137
2025-07-13 14:10:35,867 - WARNING - å‘ç° 1 ä¸ªæ®‹ç•™çš„Webotsè¿›ç¨‹ï¼Œå¼ºåˆ¶æ€æ­»
2025-07-13 14:10:35,867 - WARNING - å¼ºåˆ¶æ€æ­»Webotsè¿›ç¨‹ 519137
2025-07-13 14:10:35,883 - INFO - æœªæ‰¾åˆ°è¿è¡Œä¸­çš„Xvfbè¿›ç¨‹
2025-07-13 14:10:35,883 - INFO - å·²æ¸…ç†å½“å‰åœºæ™¯ä¿¡æ¯
2025-07-13 14:10:35,884 - INFO - ä¸» Flask æœåŠ¡å™¨æ´»åŠ¨æ—¥å¿—å·²ä¿å­˜è‡³ log/flask_server_activity_log.json
2025-07-13 14:10:35,884 - INFO - Supervisor ä¸–ç•ŒçŠ¶æ€æ—¥å¿—å·²ä¿å­˜è‡³ log/supervisor_world_status_log.json
2025-07-13 14:10:35,884 - INFO - æ•´åˆFlaskæœåŠ¡å™¨åœæ­¢
2025-07-13 14:10:35,885 - INFO - æœåŠ¡å™¨å·²å®‰å…¨åœæ­¢
2025-07-13 14:19:35,518 - INFO - ğŸš€ Webotsæ§åˆ¶æœåŠ¡å™¨å¯åŠ¨ä¸­...
2025-07-13 14:19:35,518 - INFO - ğŸ” æ­£åœ¨åŠ è½½åœºæ™¯é…ç½®...
2025-07-13 14:19:35,519 - INFO - åœºæ™¯é…ç½®æ–‡ä»¶åŠ è½½æˆåŠŸ: /home/public/wangwei/webots_flask_server_http/configs/scene_configs.json
2025-07-13 14:19:35,519 - INFO - æ­£åœ¨æ‰«æåœºæ™¯ä¸­çš„æ ‡ç­¾ç‚¹...
2025-07-13 14:19:35,521 - INFO - åœºæ™¯é…ç½®æ›´æ–°å®Œæˆ
2025-07-13 14:19:35,524 - INFO - FlaskæœåŠ¡å™¨å¯åŠ¨
2025-07-13 14:20:24,658 - INFO - å¯åŠ¨å‰æ¸…ç†æ‰€æœ‰Webotsè¿›ç¨‹...
2025-07-13 14:20:24,675 - INFO - æœªæ‰¾åˆ°è¿è¡Œä¸­çš„Webotsè¿›ç¨‹
2025-07-13 14:20:24,690 - INFO - æœªæ‰¾åˆ°è¿è¡Œä¸­çš„Xvfbè¿›ç¨‹
2025-07-13 14:20:24,690 - INFO - é€‰æ‹©åœºæ™¯: 3 - Box Moving Scene V2 v1.0.0
2025-07-13 14:20:24,697 - INFO - Webotsè¿›ç¨‹å¯åŠ¨æˆåŠŸï¼ŒPID: 559792, åœºæ™¯: Box Moving Scene V2, åœºæ™¯ID: 3, ç‰ˆæœ¬: 1.0.0
2025-07-13 14:20:24,697 - INFO - ç­‰å¾…Supervisoræ›´æ–°ä¸–ç•ŒçŠ¶æ€...
2025-07-13 14:21:06,706 - INFO - Supervisorå·²æ›´æ–°ä¸–ç•ŒçŠ¶æ€ï¼Œåœºæ™¯åŠ è½½å®Œæˆ
